
main.elf:     file format elf32-avr

Sections:
Idx Name          Size      VMA       LMA       File off  Algn
  0 .data         00000242  00800100  00001296  0000134a  2**0
                  CONTENTS, ALLOC, LOAD, DATA
  1 .text         00001296  00000000  00000000  000000b4  2**1
                  CONTENTS, ALLOC, LOAD, READONLY, CODE
  2 .bss          00000288  00800342  00800342  0000158c  2**0
                  ALLOC
  3 .eeprom       00000041  00810000  00810000  0000158c  2**0
                  CONTENTS, ALLOC, LOAD, DATA

Disassembly of section .text:

00000000 <.text>:
       0:	0c 94 34 00 	jmp	0x68	;  0x68
       4:	0c 94 51 00 	jmp	0xa2	;  0xa2
       8:	0c 94 51 00 	jmp	0xa2	;  0xa2
       c:	0c 94 51 00 	jmp	0xa2	;  0xa2
      10:	0c 94 51 00 	jmp	0xa2	;  0xa2
      14:	0c 94 51 00 	jmp	0xa2	;  0xa2
      18:	0c 94 51 00 	jmp	0xa2	;  0xa2
      1c:	0c 94 c9 03 	jmp	0x792	;  0x792
      20:	0c 94 51 00 	jmp	0xa2	;  0xa2
      24:	0c 94 51 00 	jmp	0xa2	;  0xa2
      28:	0c 94 51 00 	jmp	0xa2	;  0xa2
      2c:	0c 94 93 00 	jmp	0x126	;  0x126
      30:	0c 94 51 00 	jmp	0xa2	;  0xa2
      34:	0c 94 51 00 	jmp	0xa2	;  0xa2
      38:	0c 94 51 00 	jmp	0xa2	;  0xa2
      3c:	0c 94 51 00 	jmp	0xa2	;  0xa2
      40:	0c 94 51 00 	jmp	0xa2	;  0xa2
      44:	0c 94 51 00 	jmp	0xa2	;  0xa2
      48:	0c 94 51 00 	jmp	0xa2	;  0xa2
      4c:	0c 94 51 00 	jmp	0xa2	;  0xa2
      50:	0c 94 51 00 	jmp	0xa2	;  0xa2
      54:	0c 94 51 00 	jmp	0xa2	;  0xa2
      58:	0c 94 51 00 	jmp	0xa2	;  0xa2
      5c:	0c 94 62 02 	jmp	0x4c4	;  0x4c4
      60:	0c 94 51 00 	jmp	0xa2	;  0xa2
      64:	0c 94 51 00 	jmp	0xa2	;  0xa2
      68:	11 24       	eor	r1, r1
      6a:	1f be       	out	0x3f, r1	; 63
      6c:	cf ef       	ldi	r28, 0xFF	; 255
      6e:	d8 e0       	ldi	r29, 0x08	; 8
      70:	de bf       	out	0x3e, r29	; 62
      72:	cd bf       	out	0x3d, r28	; 61
      74:	13 e0       	ldi	r17, 0x03	; 3
      76:	a0 e0       	ldi	r26, 0x00	; 0
      78:	b1 e0       	ldi	r27, 0x01	; 1
      7a:	e6 e9       	ldi	r30, 0x96	; 150
      7c:	f2 e1       	ldi	r31, 0x12	; 18
      7e:	02 c0       	rjmp	.+4      	;  0x84
      80:	05 90       	lpm	r0, Z+
      82:	0d 92       	st	X+, r0
      84:	a2 34       	cpi	r26, 0x42	; 66
      86:	b1 07       	cpc	r27, r17
      88:	d9 f7       	brne	.-10     	;  0x80
      8a:	15 e0       	ldi	r17, 0x05	; 5
      8c:	a2 e4       	ldi	r26, 0x42	; 66
      8e:	b3 e0       	ldi	r27, 0x03	; 3
      90:	01 c0       	rjmp	.+2      	;  0x94
      92:	1d 92       	st	X+, r1
      94:	aa 3c       	cpi	r26, 0xCA	; 202
      96:	b1 07       	cpc	r27, r17
      98:	e1 f7       	brne	.-8      	;  0x92
      9a:	0e 94 b5 04 	call	0x96a	;  0x96a
      9e:	0c 94 49 09 	jmp	0x1292	;  0x1292
      a2:	0c 94 00 00 	jmp	0	;  0x0
      a6:	cf 93       	push	r28
      a8:	df 93       	push	r29
      aa:	a0 eb       	ldi	r26, 0xB0	; 176
      ac:	b0 e0       	ldi	r27, 0x00	; 0
      ae:	1c 92       	st	X, r1
      b0:	e1 eb       	ldi	r30, 0xB1	; 177
      b2:	f0 e0       	ldi	r31, 0x00	; 0
      b4:	10 82       	st	Z, r1
      b6:	20 e7       	ldi	r18, 0x70	; 112
      b8:	30 e0       	ldi	r19, 0x00	; 0
      ba:	e9 01       	movw	r28, r18
      bc:	18 82       	st	Y, r1
      be:	10 92 b2 00 	sts	0x00B2, r1
      c2:	82 e3       	ldi	r24, 0x32	; 50
      c4:	80 93 b3 00 	sts	0x00B3, r24
      c8:	8c 91       	ld	r24, X
      ca:	82 60       	ori	r24, 0x02	; 2
      cc:	8c 93       	st	X, r24
      ce:	80 81       	ld	r24, Z
      d0:	81 60       	ori	r24, 0x01	; 1
      d2:	80 83       	st	Z, r24
      d4:	80 81       	ld	r24, Z
      d6:	82 60       	ori	r24, 0x02	; 2
      d8:	80 83       	st	Z, r24
      da:	80 81       	ld	r24, Z
      dc:	84 60       	ori	r24, 0x04	; 4
      de:	80 83       	st	Z, r24
      e0:	88 81       	ld	r24, Y
      e2:	82 60       	ori	r24, 0x02	; 2
      e4:	88 83       	st	Y, r24
      e6:	df 91       	pop	r29
      e8:	cf 91       	pop	r28
      ea:	08 95       	ret
      ec:	10 92 80 00 	sts	0x0080, r1
      f0:	e1 e8       	ldi	r30, 0x81	; 129
      f2:	f0 e0       	ldi	r31, 0x00	; 0
      f4:	10 82       	st	Z, r1
      f6:	68 ee       	ldi	r22, 0xE8	; 232
      f8:	73 e0       	ldi	r23, 0x03	; 3
      fa:	0e 94 f2 08 	call	0x11e4	;  0x11e4
      fe:	80 e8       	ldi	r24, 0x80	; 128
     100:	9e e3       	ldi	r25, 0x3E	; 62
     102:	0e 94 f2 08 	call	0x11e4	;  0x11e4
     106:	70 93 89 00 	sts	0x0089, r23
     10a:	60 93 88 00 	sts	0x0088, r22
     10e:	80 81       	ld	r24, Z
     110:	88 60       	ori	r24, 0x08	; 8
     112:	80 83       	st	Z, r24
     114:	80 81       	ld	r24, Z
     116:	81 60       	ori	r24, 0x01	; 1
     118:	80 83       	st	Z, r24
     11a:	ef e6       	ldi	r30, 0x6F	; 111
     11c:	f0 e0       	ldi	r31, 0x00	; 0
     11e:	80 81       	ld	r24, Z
     120:	82 60       	ori	r24, 0x02	; 2
     122:	80 83       	st	Z, r24
     124:	08 95       	ret
     126:	1f 92       	push	r1
     128:	0f 92       	push	r0
     12a:	0f b6       	in	r0, 0x3f	; 63
     12c:	0f 92       	push	r0
     12e:	11 24       	eor	r1, r1
     130:	af 92       	push	r10
     132:	bf 92       	push	r11
     134:	cf 92       	push	r12
     136:	df 92       	push	r13
     138:	ef 92       	push	r14
     13a:	ff 92       	push	r15
     13c:	0f 93       	push	r16
     13e:	1f 93       	push	r17
     140:	2f 93       	push	r18
     142:	3f 93       	push	r19
     144:	4f 93       	push	r20
     146:	5f 93       	push	r21
     148:	6f 93       	push	r22
     14a:	7f 93       	push	r23
     14c:	8f 93       	push	r24
     14e:	9f 93       	push	r25
     150:	af 93       	push	r26
     152:	bf 93       	push	r27
     154:	cf 93       	push	r28
     156:	df 93       	push	r29
     158:	ef 93       	push	r30
     15a:	ff 93       	push	r31
     15c:	e0 91 99 03 	lds	r30, 0x0399
     160:	f0 91 9a 03 	lds	r31, 0x039A
     164:	30 97       	sbiw	r30, 0x00	; 0
     166:	89 f0       	breq	.+34     	;  0x18a
     168:	80 91 ac 03 	lds	r24, 0x03AC
     16c:	90 91 ad 03 	lds	r25, 0x03AD
     170:	8e 0f       	add	r24, r30
     172:	9f 1f       	adc	r25, r31
     174:	2f e7       	ldi	r18, 0x7F	; 127
     176:	8f 3f       	cpi	r24, 0xFF	; 255
     178:	92 07       	cpc	r25, r18
     17a:	10 f0       	brcs	.+4      	;  0x180
     17c:	8f 5f       	subi	r24, 0xFF	; 255
     17e:	9f 47       	sbci	r25, 0x7F	; 127
     180:	90 93 ad 03 	sts	0x03AD, r25
     184:	80 93 ac 03 	sts	0x03AC, r24
     188:	04 c0       	rjmp	.+8      	;  0x192
     18a:	10 92 ad 03 	sts	0x03AD, r1
     18e:	10 92 ac 03 	sts	0x03AC, r1
     192:	e0 90 9b 03 	lds	r14, 0x039B
     196:	f0 90 9c 03 	lds	r15, 0x039C
     19a:	e1 14       	cp	r14, r1
     19c:	f1 04       	cpc	r15, r1
     19e:	89 f0       	breq	.+34     	;  0x1c2
     1a0:	80 91 ae 03 	lds	r24, 0x03AE
     1a4:	90 91 af 03 	lds	r25, 0x03AF
     1a8:	8e 0d       	add	r24, r14
     1aa:	9f 1d       	adc	r25, r15
     1ac:	6f e7       	ldi	r22, 0x7F	; 127
     1ae:	8f 3f       	cpi	r24, 0xFF	; 255
     1b0:	96 07       	cpc	r25, r22
     1b2:	10 f0       	brcs	.+4      	;  0x1b8
     1b4:	8f 5f       	subi	r24, 0xFF	; 255
     1b6:	9f 47       	sbci	r25, 0x7F	; 127
     1b8:	90 93 af 03 	sts	0x03AF, r25
     1bc:	80 93 ae 03 	sts	0x03AE, r24
     1c0:	04 c0       	rjmp	.+8      	;  0x1ca
     1c2:	10 92 af 03 	sts	0x03AF, r1
     1c6:	10 92 ae 03 	sts	0x03AE, r1
     1ca:	00 91 9d 03 	lds	r16, 0x039D
     1ce:	10 91 9e 03 	lds	r17, 0x039E
     1d2:	01 15       	cp	r16, r1
     1d4:	11 05       	cpc	r17, r1
     1d6:	89 f0       	breq	.+34     	;  0x1fa
     1d8:	80 91 b0 03 	lds	r24, 0x03B0
     1dc:	90 91 b1 03 	lds	r25, 0x03B1
     1e0:	80 0f       	add	r24, r16
     1e2:	91 1f       	adc	r25, r17
     1e4:	2f e7       	ldi	r18, 0x7F	; 127
     1e6:	8f 3f       	cpi	r24, 0xFF	; 255
     1e8:	92 07       	cpc	r25, r18
     1ea:	10 f0       	brcs	.+4      	;  0x1f0
     1ec:	8f 5f       	subi	r24, 0xFF	; 255
     1ee:	9f 47       	sbci	r25, 0x7F	; 127
     1f0:	90 93 b1 03 	sts	0x03B1, r25
     1f4:	80 93 b0 03 	sts	0x03B0, r24
     1f8:	04 c0       	rjmp	.+8      	;  0x202
     1fa:	10 92 b1 03 	sts	0x03B1, r1
     1fe:	10 92 b0 03 	sts	0x03B0, r1
     202:	c0 91 9f 03 	lds	r28, 0x039F
     206:	d0 91 a0 03 	lds	r29, 0x03A0
     20a:	20 97       	sbiw	r28, 0x00	; 0
     20c:	89 f0       	breq	.+34     	;  0x230
     20e:	80 91 b2 03 	lds	r24, 0x03B2
     212:	90 91 b3 03 	lds	r25, 0x03B3
     216:	8c 0f       	add	r24, r28
     218:	9d 1f       	adc	r25, r29
     21a:	6f e7       	ldi	r22, 0x7F	; 127
     21c:	8f 3f       	cpi	r24, 0xFF	; 255
     21e:	96 07       	cpc	r25, r22
     220:	10 f0       	brcs	.+4      	;  0x226
     222:	8f 5f       	subi	r24, 0xFF	; 255
     224:	9f 47       	sbci	r25, 0x7F	; 127
     226:	90 93 b3 03 	sts	0x03B3, r25
     22a:	80 93 b2 03 	sts	0x03B2, r24
     22e:	04 c0       	rjmp	.+8      	;  0x238
     230:	10 92 b3 03 	sts	0x03B3, r1
     234:	10 92 b2 03 	sts	0x03B2, r1
     238:	a0 91 a1 03 	lds	r26, 0x03A1
     23c:	b0 91 a2 03 	lds	r27, 0x03A2
     240:	10 97       	sbiw	r26, 0x00	; 0
     242:	89 f0       	breq	.+34     	;  0x266
     244:	80 91 b4 03 	lds	r24, 0x03B4
     248:	90 91 b5 03 	lds	r25, 0x03B5
     24c:	8a 0f       	add	r24, r26
     24e:	9b 1f       	adc	r25, r27
     250:	2f e7       	ldi	r18, 0x7F	; 127
     252:	8f 3f       	cpi	r24, 0xFF	; 255
     254:	92 07       	cpc	r25, r18
     256:	10 f0       	brcs	.+4      	;  0x25c
     258:	8f 5f       	subi	r24, 0xFF	; 255
     25a:	9f 47       	sbci	r25, 0x7F	; 127
     25c:	90 93 b5 03 	sts	0x03B5, r25
     260:	80 93 b4 03 	sts	0x03B4, r24
     264:	04 c0       	rjmp	.+8      	;  0x26e
     266:	10 92 b5 03 	sts	0x03B5, r1
     26a:	10 92 b4 03 	sts	0x03B4, r1
     26e:	40 91 a3 03 	lds	r20, 0x03A3
     272:	50 91 a4 03 	lds	r21, 0x03A4
     276:	41 15       	cp	r20, r1
     278:	51 05       	cpc	r21, r1
     27a:	89 f0       	breq	.+34     	;  0x29e
     27c:	80 91 b6 03 	lds	r24, 0x03B6
     280:	90 91 b7 03 	lds	r25, 0x03B7
     284:	84 0f       	add	r24, r20
     286:	95 1f       	adc	r25, r21
     288:	6f e7       	ldi	r22, 0x7F	; 127
     28a:	8f 3f       	cpi	r24, 0xFF	; 255
     28c:	96 07       	cpc	r25, r22
     28e:	10 f0       	brcs	.+4      	;  0x294
     290:	8f 5f       	subi	r24, 0xFF	; 255
     292:	9f 47       	sbci	r25, 0x7F	; 127
     294:	90 93 b7 03 	sts	0x03B7, r25
     298:	80 93 b6 03 	sts	0x03B6, r24
     29c:	04 c0       	rjmp	.+8      	;  0x2a6
     29e:	10 92 b7 03 	sts	0x03B7, r1
     2a2:	10 92 b6 03 	sts	0x03B6, r1
     2a6:	a0 90 a5 03 	lds	r10, 0x03A5
     2aa:	b0 90 a6 03 	lds	r11, 0x03A6
     2ae:	a1 14       	cp	r10, r1
     2b0:	b1 04       	cpc	r11, r1
     2b2:	89 f0       	breq	.+34     	;  0x2d6
     2b4:	80 91 b8 03 	lds	r24, 0x03B8
     2b8:	90 91 b9 03 	lds	r25, 0x03B9
     2bc:	8a 0d       	add	r24, r10
     2be:	9b 1d       	adc	r25, r11
     2c0:	2f e7       	ldi	r18, 0x7F	; 127
     2c2:	8f 3f       	cpi	r24, 0xFF	; 255
     2c4:	92 07       	cpc	r25, r18
     2c6:	10 f0       	brcs	.+4      	;  0x2cc
     2c8:	8f 5f       	subi	r24, 0xFF	; 255
     2ca:	9f 47       	sbci	r25, 0x7F	; 127
     2cc:	90 93 b9 03 	sts	0x03B9, r25
     2d0:	80 93 b8 03 	sts	0x03B8, r24
     2d4:	04 c0       	rjmp	.+8      	;  0x2de
     2d6:	10 92 b9 03 	sts	0x03B9, r1
     2da:	10 92 b8 03 	sts	0x03B8, r1
     2de:	60 91 a7 03 	lds	r22, 0x03A7
     2e2:	70 91 a8 03 	lds	r23, 0x03A8
     2e6:	61 15       	cp	r22, r1
     2e8:	71 05       	cpc	r23, r1
     2ea:	89 f0       	breq	.+34     	;  0x30e
     2ec:	80 91 ba 03 	lds	r24, 0x03BA
     2f0:	90 91 bb 03 	lds	r25, 0x03BB
     2f4:	86 0f       	add	r24, r22
     2f6:	97 1f       	adc	r25, r23
     2f8:	2f e7       	ldi	r18, 0x7F	; 127
     2fa:	8f 3f       	cpi	r24, 0xFF	; 255
     2fc:	92 07       	cpc	r25, r18
     2fe:	10 f0       	brcs	.+4      	;  0x304
     300:	8f 5f       	subi	r24, 0xFF	; 255
     302:	9f 47       	sbci	r25, 0x7F	; 127
     304:	90 93 bb 03 	sts	0x03BB, r25
     308:	80 93 ba 03 	sts	0x03BA, r24
     30c:	04 c0       	rjmp	.+8      	;  0x316
     30e:	10 92 bb 03 	sts	0x03BB, r1
     312:	10 92 ba 03 	sts	0x03BA, r1
     316:	ef 2b       	or	r30, r31
     318:	19 f4       	brne	.+6      	;  0x320
     31a:	cc 24       	eor	r12, r12
     31c:	dd 24       	eor	r13, r13
     31e:	0f c0       	rjmp	.+30     	;  0x33e
     320:	e0 91 ac 03 	lds	r30, 0x03AC
     324:	f0 91 ad 03 	lds	r31, 0x03AD
     328:	ee 0f       	add	r30, r30
     32a:	ef 2f       	mov	r30, r31
     32c:	ee 1f       	adc	r30, r30
     32e:	ff 0b       	sbc	r31, r31
     330:	f1 95       	neg	r31
     332:	ee 0f       	add	r30, r30
     334:	ff 1f       	adc	r31, r31
     336:	ee 53       	subi	r30, 0x3E	; 62
     338:	fc 4f       	sbci	r31, 0xFC	; 252
     33a:	c0 80       	ld	r12, Z
     33c:	d1 80       	ldd	r13, Z+1	; 0x01
     33e:	ef 28       	or	r14, r15
     340:	19 f4       	brne	.+6      	;  0x348
     342:	80 e0       	ldi	r24, 0x00	; 0
     344:	90 e0       	ldi	r25, 0x00	; 0
     346:	0f c0       	rjmp	.+30     	;  0x366
     348:	e0 91 ae 03 	lds	r30, 0x03AE
     34c:	f0 91 af 03 	lds	r31, 0x03AF
     350:	ee 0f       	add	r30, r30
     352:	ef 2f       	mov	r30, r31
     354:	ee 1f       	adc	r30, r30
     356:	ff 0b       	sbc	r31, r31
     358:	f1 95       	neg	r31
     35a:	ee 0f       	add	r30, r30
     35c:	ff 1f       	adc	r31, r31
     35e:	ee 53       	subi	r30, 0x3E	; 62
     360:	fc 4f       	sbci	r31, 0xFC	; 252
     362:	80 81       	ld	r24, Z
     364:	91 81       	ldd	r25, Z+1	; 0x01
     366:	01 2b       	or	r16, r17
     368:	19 f4       	brne	.+6      	;  0x370
     36a:	00 e0       	ldi	r16, 0x00	; 0
     36c:	10 e0       	ldi	r17, 0x00	; 0
     36e:	0f c0       	rjmp	.+30     	;  0x38e
     370:	e0 91 b0 03 	lds	r30, 0x03B0
     374:	f0 91 b1 03 	lds	r31, 0x03B1
     378:	ee 0f       	add	r30, r30
     37a:	ef 2f       	mov	r30, r31
     37c:	ee 1f       	adc	r30, r30
     37e:	ff 0b       	sbc	r31, r31
     380:	f1 95       	neg	r31
     382:	ee 0f       	add	r30, r30
     384:	ff 1f       	adc	r31, r31
     386:	ee 53       	subi	r30, 0x3E	; 62
     388:	fc 4f       	sbci	r31, 0xFC	; 252
     38a:	00 81       	ld	r16, Z
     38c:	11 81       	ldd	r17, Z+1	; 0x01
     38e:	cd 2b       	or	r28, r29
     390:	19 f4       	brne	.+6      	;  0x398
     392:	c0 e0       	ldi	r28, 0x00	; 0
     394:	d0 e0       	ldi	r29, 0x00	; 0
     396:	0f c0       	rjmp	.+30     	;  0x3b6
     398:	e0 91 b2 03 	lds	r30, 0x03B2
     39c:	f0 91 b3 03 	lds	r31, 0x03B3
     3a0:	ee 0f       	add	r30, r30
     3a2:	ef 2f       	mov	r30, r31
     3a4:	ee 1f       	adc	r30, r30
     3a6:	ff 0b       	sbc	r31, r31
     3a8:	f1 95       	neg	r31
     3aa:	ee 0f       	add	r30, r30
     3ac:	ff 1f       	adc	r31, r31
     3ae:	ee 53       	subi	r30, 0x3E	; 62
     3b0:	fc 4f       	sbci	r31, 0xFC	; 252
     3b2:	c0 81       	ld	r28, Z
     3b4:	d1 81       	ldd	r29, Z+1	; 0x01
     3b6:	ab 2b       	or	r26, r27
     3b8:	19 f4       	brne	.+6      	;  0x3c0
     3ba:	a0 e0       	ldi	r26, 0x00	; 0
     3bc:	b0 e0       	ldi	r27, 0x00	; 0
     3be:	0f c0       	rjmp	.+30     	;  0x3de
     3c0:	e0 91 b4 03 	lds	r30, 0x03B4
     3c4:	f0 91 b5 03 	lds	r31, 0x03B5
     3c8:	ee 0f       	add	r30, r30
     3ca:	ef 2f       	mov	r30, r31
     3cc:	ee 1f       	adc	r30, r30
     3ce:	ff 0b       	sbc	r31, r31
     3d0:	f1 95       	neg	r31
     3d2:	ee 0f       	add	r30, r30
     3d4:	ff 1f       	adc	r31, r31
     3d6:	ee 53       	subi	r30, 0x3E	; 62
     3d8:	fc 4f       	sbci	r31, 0xFC	; 252
     3da:	a0 81       	ld	r26, Z
     3dc:	b1 81       	ldd	r27, Z+1	; 0x01
     3de:	45 2b       	or	r20, r21
     3e0:	19 f4       	brne	.+6      	;  0x3e8
     3e2:	40 e0       	ldi	r20, 0x00	; 0
     3e4:	50 e0       	ldi	r21, 0x00	; 0
     3e6:	0f c0       	rjmp	.+30     	;  0x406
     3e8:	e0 91 b6 03 	lds	r30, 0x03B6
     3ec:	f0 91 b7 03 	lds	r31, 0x03B7
     3f0:	ee 0f       	add	r30, r30
     3f2:	ef 2f       	mov	r30, r31
     3f4:	ee 1f       	adc	r30, r30
     3f6:	ff 0b       	sbc	r31, r31
     3f8:	f1 95       	neg	r31
     3fa:	ee 0f       	add	r30, r30
     3fc:	ff 1f       	adc	r31, r31
     3fe:	ee 53       	subi	r30, 0x3E	; 62
     400:	fc 4f       	sbci	r31, 0xFC	; 252
     402:	40 81       	ld	r20, Z
     404:	51 81       	ldd	r21, Z+1	; 0x01
     406:	ab 28       	or	r10, r11
     408:	19 f4       	brne	.+6      	;  0x410
     40a:	20 e0       	ldi	r18, 0x00	; 0
     40c:	30 e0       	ldi	r19, 0x00	; 0
     40e:	0f c0       	rjmp	.+30     	;  0x42e
     410:	e0 91 b8 03 	lds	r30, 0x03B8
     414:	f0 91 b9 03 	lds	r31, 0x03B9
     418:	ee 0f       	add	r30, r30
     41a:	ef 2f       	mov	r30, r31
     41c:	ee 1f       	adc	r30, r30
     41e:	ff 0b       	sbc	r31, r31
     420:	f1 95       	neg	r31
     422:	ee 0f       	add	r30, r30
     424:	ff 1f       	adc	r31, r31
     426:	ee 53       	subi	r30, 0x3E	; 62
     428:	fc 4f       	sbci	r31, 0xFC	; 252
     42a:	20 81       	ld	r18, Z
     42c:	31 81       	ldd	r19, Z+1	; 0x01
     42e:	67 2b       	or	r22, r23
     430:	19 f4       	brne	.+6      	;  0x438
     432:	e0 e0       	ldi	r30, 0x00	; 0
     434:	f0 e0       	ldi	r31, 0x00	; 0
     436:	10 c0       	rjmp	.+32     	;  0x458
     438:	e0 91 ba 03 	lds	r30, 0x03BA
     43c:	f0 91 bb 03 	lds	r31, 0x03BB
     440:	ee 0f       	add	r30, r30
     442:	ef 2f       	mov	r30, r31
     444:	ee 1f       	adc	r30, r30
     446:	ff 0b       	sbc	r31, r31
     448:	f1 95       	neg	r31
     44a:	ee 0f       	add	r30, r30
     44c:	ff 1f       	adc	r31, r31
     44e:	ee 53       	subi	r30, 0x3E	; 62
     450:	fc 4f       	sbci	r31, 0xFC	; 252
     452:	01 90       	ld	r0, Z+
     454:	f0 81       	ld	r31, Z
     456:	e0 2d       	mov	r30, r0
     458:	8c 0d       	add	r24, r12
     45a:	9d 1d       	adc	r25, r13
     45c:	80 0f       	add	r24, r16
     45e:	91 1f       	adc	r25, r17
     460:	8c 0f       	add	r24, r28
     462:	9d 1f       	adc	r25, r29
     464:	8a 0f       	add	r24, r26
     466:	9b 1f       	adc	r25, r27
     468:	84 0f       	add	r24, r20
     46a:	95 1f       	adc	r25, r21
     46c:	82 0f       	add	r24, r18
     46e:	93 1f       	adc	r25, r19
     470:	60 91 a9 03 	lds	r22, 0x03A9
     474:	8e 0f       	add	r24, r30
     476:	9f 1f       	adc	r25, r31
     478:	70 e0       	ldi	r23, 0x00	; 0
     47a:	0e 94 f2 08 	call	0x11e4	;  0x11e4
     47e:	cb 01       	movw	r24, r22
     480:	60 93 aa 03 	sts	0x03AA, r22
     484:	90 93 ab 03 	sts	0x03AB, r25
     488:	60 e3       	ldi	r22, 0x30	; 48
     48a:	0e 94 ae 07 	call	0xf5c	;  0xf5c
     48e:	ff 91       	pop	r31
     490:	ef 91       	pop	r30
     492:	df 91       	pop	r29
     494:	cf 91       	pop	r28
     496:	bf 91       	pop	r27
     498:	af 91       	pop	r26
     49a:	9f 91       	pop	r25
     49c:	8f 91       	pop	r24
     49e:	7f 91       	pop	r23
     4a0:	6f 91       	pop	r22
     4a2:	5f 91       	pop	r21
     4a4:	4f 91       	pop	r20
     4a6:	3f 91       	pop	r19
     4a8:	2f 91       	pop	r18
     4aa:	1f 91       	pop	r17
     4ac:	0f 91       	pop	r16
     4ae:	ff 90       	pop	r15
     4b0:	ef 90       	pop	r14
     4b2:	df 90       	pop	r13
     4b4:	cf 90       	pop	r12
     4b6:	bf 90       	pop	r11
     4b8:	af 90       	pop	r10
     4ba:	0f 90       	pop	r0
     4bc:	0f be       	out	0x3f, r0	; 63
     4be:	0f 90       	pop	r0
     4c0:	1f 90       	pop	r1
     4c2:	18 95       	reti
     4c4:	1f 92       	push	r1
     4c6:	0f 92       	push	r0
     4c8:	0f b6       	in	r0, 0x3f	; 63
     4ca:	0f 92       	push	r0
     4cc:	11 24       	eor	r1, r1
     4ce:	4f 92       	push	r4
     4d0:	5f 92       	push	r5
     4d2:	6f 92       	push	r6
     4d4:	7f 92       	push	r7
     4d6:	8f 92       	push	r8
     4d8:	9f 92       	push	r9
     4da:	af 92       	push	r10
     4dc:	bf 92       	push	r11
     4de:	cf 92       	push	r12
     4e0:	df 92       	push	r13
     4e2:	ff 92       	push	r15
     4e4:	0f 93       	push	r16
     4e6:	1f 93       	push	r17
     4e8:	2f 93       	push	r18
     4ea:	3f 93       	push	r19
     4ec:	4f 93       	push	r20
     4ee:	5f 93       	push	r21
     4f0:	6f 93       	push	r22
     4f2:	7f 93       	push	r23
     4f4:	8f 93       	push	r24
     4f6:	9f 93       	push	r25
     4f8:	af 93       	push	r26
     4fa:	bf 93       	push	r27
     4fc:	cf 93       	push	r28
     4fe:	df 93       	push	r29
     500:	ef 93       	push	r30
     502:	ff 93       	push	r31
     504:	80 91 70 00 	lds	r24, 0x0070
     508:	8d 7f       	andi	r24, 0xFD	; 253
     50a:	80 93 70 00 	sts	0x0070, r24
     50e:	10 92 b2 00 	sts	0x00B2, r1
     512:	83 ec       	ldi	r24, 0xC3	; 195
     514:	95 e0       	ldi	r25, 0x05	; 5
     516:	65 e9       	ldi	r22, 0x95	; 149
     518:	73 e0       	ldi	r23, 0x03	; 3
     51a:	0e 94 70 08 	call	0x10e0	;  0x10e0
     51e:	80 91 c8 05 	lds	r24, 0x05C8
     522:	88 30       	cpi	r24, 0x08	; 8
     524:	09 f0       	breq	.+2      	;  0x528
     526:	10 c1       	rjmp	.+544    	;  0x748
     528:	10 92 c8 05 	sts	0x05C8, r1
     52c:	40 91 c7 05 	lds	r20, 0x05C7
     530:	40 93 95 03 	sts	0x0395, r20
     534:	f0 90 45 03 	lds	r15, 0x0345
     538:	ff 20       	and	r15, r15
     53a:	99 f4       	brne	.+38     	;  0x562
     53c:	24 2f       	mov	r18, r20
     53e:	30 e0       	ldi	r19, 0x00	; 0
     540:	c9 01       	movw	r24, r18
     542:	80 73       	andi	r24, 0x30	; 48
     544:	90 70       	andi	r25, 0x00	; 0
     546:	89 2b       	or	r24, r25
     548:	11 f0       	breq	.+4      	;  0x54e
     54a:	80 e3       	ldi	r24, 0x30	; 48
     54c:	04 c0       	rjmp	.+8      	;  0x556
     54e:	84 2f       	mov	r24, r20
     550:	80 7c       	andi	r24, 0xC0	; 192
     552:	19 f0       	breq	.+6      	;  0x55a
     554:	80 ec       	ldi	r24, 0xC0	; 192
     556:	80 93 bc 03 	sts	0x03BC, r24
     55a:	4f 70       	andi	r20, 0x0F	; 15
     55c:	40 93 c1 03 	sts	0x03C1, r20
     560:	f0 c0       	rjmp	.+480    	;  0x742
     562:	80 91 c1 03 	lds	r24, 0x03C1
     566:	8f 15       	cp	r24, r15
     568:	08 f0       	brcs	.+2      	;  0x56c
     56a:	c5 c0       	rjmp	.+394    	;  0x6f6
     56c:	40 38       	cpi	r20, 0x80	; 128
     56e:	09 f0       	breq	.+2      	;  0x572
     570:	e8 c0       	rjmp	.+464    	;  0x742
     572:	80 91 bc 03 	lds	r24, 0x03BC
     576:	80 3c       	cpi	r24, 0xC0	; 192
     578:	09 f0       	breq	.+2      	;  0x57c
     57a:	e3 c0       	rjmp	.+454    	;  0x742
     57c:	40 90 8a 03 	lds	r4, 0x038A
     580:	50 90 8b 03 	lds	r5, 0x038B
     584:	60 90 8c 03 	lds	r6, 0x038C
     588:	70 90 8d 03 	lds	r7, 0x038D
     58c:	80 90 8e 03 	lds	r8, 0x038E
     590:	90 90 8f 03 	lds	r9, 0x038F
     594:	a0 90 90 03 	lds	r10, 0x0390
     598:	b0 90 91 03 	lds	r11, 0x0391
     59c:	c0 90 92 03 	lds	r12, 0x0392
     5a0:	d0 90 93 03 	lds	r13, 0x0393
     5a4:	c0 e0       	ldi	r28, 0x00	; 0
     5a6:	d0 e0       	ldi	r29, 0x00	; 0
     5a8:	00 e0       	ldi	r16, 0x00	; 0
     5aa:	10 e0       	ldi	r17, 0x00	; 0
     5ac:	f8 01       	movw	r30, r16
     5ae:	f0 70       	andi	r31, 0x00	; 0
     5b0:	ee 0f       	add	r30, r30
     5b2:	ff 1f       	adc	r31, r31
     5b4:	ee 5b       	subi	r30, 0xBE	; 190
     5b6:	fe 4f       	sbci	r31, 0xFE	; 254
     5b8:	80 81       	ld	r24, Z
     5ba:	91 81       	ldd	r25, Z+1	; 0x01
     5bc:	88 0f       	add	r24, r24
     5be:	99 1f       	adc	r25, r25
     5c0:	88 0f       	add	r24, r24
     5c2:	99 1f       	adc	r25, r25
     5c4:	9c 01       	movw	r18, r24
     5c6:	2a 9d       	mul	r18, r10
     5c8:	c0 01       	movw	r24, r0
     5ca:	2b 9d       	mul	r18, r11
     5cc:	90 0d       	add	r25, r0
     5ce:	3a 9d       	mul	r19, r10
     5d0:	90 0d       	add	r25, r0
     5d2:	11 24       	eor	r1, r1
     5d4:	54 e0       	ldi	r21, 0x04	; 4
     5d6:	96 95       	lsr	r25
     5d8:	87 95       	ror	r24
     5da:	5a 95       	dec	r21
     5dc:	e1 f7       	brne	.-8      	;  0x5d6
     5de:	fe 01       	movw	r30, r28
     5e0:	ee 5b       	subi	r30, 0xBE	; 190
     5e2:	fe 4f       	sbci	r31, 0xFE	; 254
     5e4:	20 81       	ld	r18, Z
     5e6:	31 81       	ldd	r19, Z+1	; 0x01
     5e8:	22 0f       	add	r18, r18
     5ea:	33 1f       	adc	r19, r19
     5ec:	22 0f       	add	r18, r18
     5ee:	33 1f       	adc	r19, r19
     5f0:	a9 01       	movw	r20, r18
     5f2:	44 9d       	mul	r20, r4
     5f4:	90 01       	movw	r18, r0
     5f6:	45 9d       	mul	r20, r5
     5f8:	30 0d       	add	r19, r0
     5fa:	54 9d       	mul	r21, r4
     5fc:	30 0d       	add	r19, r0
     5fe:	11 24       	eor	r1, r1
     600:	b4 e0       	ldi	r27, 0x04	; 4
     602:	36 95       	lsr	r19
     604:	27 95       	ror	r18
     606:	ba 95       	dec	r27
     608:	e1 f7       	brne	.-8      	;  0x602
     60a:	82 0f       	add	r24, r18
     60c:	93 1f       	adc	r25, r19
     60e:	fe 01       	movw	r30, r28
     610:	f0 70       	andi	r31, 0x00	; 0
     612:	ee 0f       	add	r30, r30
     614:	ff 1f       	adc	r31, r31
     616:	ee 5b       	subi	r30, 0xBE	; 190
     618:	fe 4f       	sbci	r31, 0xFE	; 254
     61a:	20 81       	ld	r18, Z
     61c:	31 81       	ldd	r19, Z+1	; 0x01
     61e:	22 0f       	add	r18, r18
     620:	33 1f       	adc	r19, r19
     622:	22 0f       	add	r18, r18
     624:	33 1f       	adc	r19, r19
     626:	a9 01       	movw	r20, r18
     628:	46 9d       	mul	r20, r6
     62a:	90 01       	movw	r18, r0
     62c:	47 9d       	mul	r20, r7
     62e:	30 0d       	add	r19, r0
     630:	56 9d       	mul	r21, r6
     632:	30 0d       	add	r19, r0
     634:	11 24       	eor	r1, r1
     636:	64 e0       	ldi	r22, 0x04	; 4
     638:	36 95       	lsr	r19
     63a:	27 95       	ror	r18
     63c:	6a 95       	dec	r22
     63e:	e1 f7       	brne	.-8      	;  0x638
     640:	82 0f       	add	r24, r18
     642:	93 1f       	adc	r25, r19
     644:	fe 01       	movw	r30, r28
     646:	ee 0f       	add	r30, r30
     648:	ff 1f       	adc	r31, r31
     64a:	ee 0f       	add	r30, r30
     64c:	ff 1f       	adc	r31, r31
     64e:	ec 7f       	andi	r30, 0xFC	; 252
     650:	f1 70       	andi	r31, 0x01	; 1
     652:	ee 5b       	subi	r30, 0xBE	; 190
     654:	fe 4f       	sbci	r31, 0xFE	; 254
     656:	20 81       	ld	r18, Z
     658:	31 81       	ldd	r19, Z+1	; 0x01
     65a:	22 0f       	add	r18, r18
     65c:	33 1f       	adc	r19, r19
     65e:	22 0f       	add	r18, r18
     660:	33 1f       	adc	r19, r19
     662:	a9 01       	movw	r20, r18
     664:	48 9d       	mul	r20, r8
     666:	90 01       	movw	r18, r0
     668:	49 9d       	mul	r20, r9
     66a:	30 0d       	add	r19, r0
     66c:	58 9d       	mul	r21, r8
     66e:	30 0d       	add	r19, r0
     670:	11 24       	eor	r1, r1
     672:	b4 e0       	ldi	r27, 0x04	; 4
     674:	36 95       	lsr	r19
     676:	27 95       	ror	r18
     678:	ba 95       	dec	r27
     67a:	e1 f7       	brne	.-8      	;  0x674
     67c:	82 0f       	add	r24, r18
     67e:	93 1f       	adc	r25, r19
     680:	f8 01       	movw	r30, r16
     682:	ee 0f       	add	r30, r30
     684:	ff 1f       	adc	r31, r31
     686:	ee 0f       	add	r30, r30
     688:	ff 1f       	adc	r31, r31
     68a:	ec 7f       	andi	r30, 0xFC	; 252
     68c:	f1 70       	andi	r31, 0x01	; 1
     68e:	ee 5b       	subi	r30, 0xBE	; 190
     690:	fe 4f       	sbci	r31, 0xFE	; 254
     692:	20 81       	ld	r18, Z
     694:	31 81       	ldd	r19, Z+1	; 0x01
     696:	22 0f       	add	r18, r18
     698:	33 1f       	adc	r19, r19
     69a:	22 0f       	add	r18, r18
     69c:	33 1f       	adc	r19, r19
     69e:	a9 01       	movw	r20, r18
     6a0:	4c 9d       	mul	r20, r12
     6a2:	90 01       	movw	r18, r0
     6a4:	4d 9d       	mul	r20, r13
     6a6:	30 0d       	add	r19, r0
     6a8:	5c 9d       	mul	r21, r12
     6aa:	30 0d       	add	r19, r0
     6ac:	11 24       	eor	r1, r1
     6ae:	74 e0       	ldi	r23, 0x04	; 4
     6b0:	36 95       	lsr	r19
     6b2:	27 95       	ror	r18
     6b4:	7a 95       	dec	r23
     6b6:	e1 f7       	brne	.-8      	;  0x6b0
     6b8:	82 0f       	add	r24, r18
     6ba:	93 1f       	adc	r25, r19
     6bc:	65 e0       	ldi	r22, 0x05	; 5
     6be:	70 e0       	ldi	r23, 0x00	; 0
     6c0:	0e 94 f2 08 	call	0x11e4	;  0x11e4
     6c4:	9b 01       	movw	r18, r22
     6c6:	40 e0       	ldi	r20, 0x00	; 0
     6c8:	50 e0       	ldi	r21, 0x00	; 0
     6ca:	fe 01       	movw	r30, r28
     6cc:	ee 53       	subi	r30, 0x3E	; 62
     6ce:	fc 4f       	sbci	r31, 0xFC	; 252
     6d0:	71 83       	std	Z+1, r23	; 0x01
     6d2:	60 83       	st	Z, r22
     6d4:	22 96       	adiw	r28, 0x02	; 2
     6d6:	08 5f       	subi	r16, 0xF8	; 248
     6d8:	1f 4f       	sbci	r17, 0xFF	; 255
     6da:	82 e0       	ldi	r24, 0x02	; 2
     6dc:	c0 30       	cpi	r28, 0x00	; 0
     6de:	d8 07       	cpc	r29, r24
     6e0:	09 f0       	breq	.+2      	;  0x6e4
     6e2:	64 cf       	rjmp	.-312    	;  0x5ac
     6e4:	20 93 bd 03 	sts	0x03BD, r18
     6e8:	30 93 be 03 	sts	0x03BE, r19
     6ec:	40 93 bf 03 	sts	0x03BF, r20
     6f0:	50 93 c0 03 	sts	0x03C0, r21
     6f4:	26 c0       	rjmp	.+76     	;  0x742
     6f6:	80 91 bc 03 	lds	r24, 0x03BC
     6fa:	80 33       	cpi	r24, 0x30	; 48
     6fc:	79 f4       	brne	.+30     	;  0x71c
     6fe:	e0 91 46 03 	lds	r30, 0x0346
     702:	f0 e0       	ldi	r31, 0x00	; 0
     704:	63 e0       	ldi	r22, 0x03	; 3
     706:	ee 0f       	add	r30, r30
     708:	ff 1f       	adc	r31, r31
     70a:	6a 95       	dec	r22
     70c:	e1 f7       	brne	.-8      	;  0x706
     70e:	e9 5b       	subi	r30, 0xB9	; 185
     710:	fc 4f       	sbci	r31, 0xFC	; 252
     712:	ef 0d       	add	r30, r15
     714:	f1 1d       	adc	r31, r1
     716:	31 97       	sbiw	r30, 0x01	; 1
     718:	40 83       	st	Z, r20
     71a:	13 c0       	rjmp	.+38     	;  0x742
     71c:	80 3c       	cpi	r24, 0xC0	; 192
     71e:	89 f4       	brne	.+34     	;  0x742
     720:	e4 2f       	mov	r30, r20
     722:	e2 95       	swap	r30
     724:	e6 95       	lsr	r30
     726:	e7 70       	andi	r30, 0x07	; 7
     728:	f0 e0       	ldi	r31, 0x00	; 0
     72a:	ee 0f       	add	r30, r30
     72c:	ff 1f       	adc	r31, r31
     72e:	e6 57       	subi	r30, 0x76	; 118
     730:	fc 4f       	sbci	r31, 0xFC	; 252
     732:	46 95       	lsr	r20
     734:	46 95       	lsr	r20
     736:	84 2f       	mov	r24, r20
     738:	90 e0       	ldi	r25, 0x00	; 0
     73a:	87 70       	andi	r24, 0x07	; 7
     73c:	90 70       	andi	r25, 0x00	; 0
     73e:	91 83       	std	Z+1, r25	; 0x01
     740:	80 83       	st	Z, r24
     742:	f3 94       	inc	r15
     744:	f0 92 45 03 	sts	0x0345, r15
     748:	80 91 70 00 	lds	r24, 0x0070
     74c:	82 60       	ori	r24, 0x02	; 2
     74e:	80 93 70 00 	sts	0x0070, r24
     752:	ff 91       	pop	r31
     754:	ef 91       	pop	r30
     756:	df 91       	pop	r29
     758:	cf 91       	pop	r28
     75a:	bf 91       	pop	r27
     75c:	af 91       	pop	r26
     75e:	9f 91       	pop	r25
     760:	8f 91       	pop	r24
     762:	7f 91       	pop	r23
     764:	6f 91       	pop	r22
     766:	5f 91       	pop	r21
     768:	4f 91       	pop	r20
     76a:	3f 91       	pop	r19
     76c:	2f 91       	pop	r18
     76e:	1f 91       	pop	r17
     770:	0f 91       	pop	r16
     772:	ff 90       	pop	r15
     774:	df 90       	pop	r13
     776:	cf 90       	pop	r12
     778:	bf 90       	pop	r11
     77a:	af 90       	pop	r10
     77c:	9f 90       	pop	r9
     77e:	8f 90       	pop	r8
     780:	7f 90       	pop	r7
     782:	6f 90       	pop	r6
     784:	5f 90       	pop	r5
     786:	4f 90       	pop	r4
     788:	0f 90       	pop	r0
     78a:	0f be       	out	0x3f, r0	; 63
     78c:	0f 90       	pop	r0
     78e:	1f 90       	pop	r1
     790:	18 95       	reti
     792:	1f 92       	push	r1
     794:	0f 92       	push	r0
     796:	0f b6       	in	r0, 0x3f	; 63
     798:	0f 92       	push	r0
     79a:	11 24       	eor	r1, r1
     79c:	2f 93       	push	r18
     79e:	3f 93       	push	r19
     7a0:	4f 93       	push	r20
     7a2:	5f 93       	push	r21
     7a4:	6f 93       	push	r22
     7a6:	7f 93       	push	r23
     7a8:	8f 93       	push	r24
     7aa:	9f 93       	push	r25
     7ac:	af 93       	push	r26
     7ae:	bf 93       	push	r27
     7b0:	ef 93       	push	r30
     7b2:	ff 93       	push	r31
     7b4:	81 e0       	ldi	r24, 0x01	; 1
     7b6:	80 93 96 03 	sts	0x0396, r24
     7ba:	90 91 c9 05 	lds	r25, 0x05C9
     7be:	20 91 42 03 	lds	r18, 0x0342
     7c2:	93 ff       	sbrs	r25, 3
     7c4:	3c c0       	rjmp	.+120    	;  0x83e
     7c6:	80 91 c5 05 	lds	r24, 0x05C5
     7ca:	8f 5f       	subi	r24, 0xFF	; 255
     7cc:	80 93 c5 05 	sts	0x05C5, r24
     7d0:	2f 3f       	cpi	r18, 0xFF	; 255
     7d2:	61 f5       	brne	.+88     	;  0x82c
     7d4:	97 7f       	andi	r25, 0xF7	; 247
     7d6:	90 93 c9 05 	sts	0x05C9, r25
     7da:	30 91 98 03 	lds	r19, 0x0398
     7de:	3f 5f       	subi	r19, 0xFF	; 255
     7e0:	20 e0       	ldi	r18, 0x00	; 0
     7e2:	60 e0       	ldi	r22, 0x00	; 0
     7e4:	41 e0       	ldi	r20, 0x01	; 1
     7e6:	50 e0       	ldi	r21, 0x00	; 0
     7e8:	09 c0       	rjmp	.+18     	;  0x7fc
     7ea:	ca 01       	movw	r24, r20
     7ec:	02 2e       	mov	r0, r18
     7ee:	02 c0       	rjmp	.+4      	;  0x7f4
     7f0:	88 0f       	add	r24, r24
     7f2:	99 1f       	adc	r25, r25
     7f4:	0a 94       	dec	r0
     7f6:	e2 f7       	brpl	.-8      	;  0x7f0
     7f8:	68 2b       	or	r22, r24
     7fa:	2f 5f       	subi	r18, 0xFF	; 255
     7fc:	23 17       	cp	r18, r19
     7fe:	a8 f3       	brcs	.-22     	;  0x7ea
     800:	85 e9       	ldi	r24, 0x95	; 149
     802:	93 e0       	ldi	r25, 0x03	; 3
     804:	0e 94 eb 07 	call	0xfd6	;  0xfd6
     808:	83 ec       	ldi	r24, 0xC3	; 195
     80a:	95 e0       	ldi	r25, 0x05	; 5
     80c:	0e 94 31 08 	call	0x1062	;  0x1062
     810:	10 92 42 03 	sts	0x0342, r1
     814:	87 e4       	ldi	r24, 0x47	; 71
     816:	93 e0       	ldi	r25, 0x03	; 3
     818:	60 e0       	ldi	r22, 0x00	; 0
     81a:	70 e0       	ldi	r23, 0x00	; 0
     81c:	40 e4       	ldi	r20, 0x40	; 64
     81e:	50 e0       	ldi	r21, 0x00	; 0
     820:	0e 94 31 09 	call	0x1262	;  0x1262
     824:	80 ef       	ldi	r24, 0xF0	; 240
     826:	95 e5       	ldi	r25, 0x55	; 85
     828:	0e 94 76 00 	call	0xec	;  0xec
     82c:	80 91 42 03 	lds	r24, 0x0342
     830:	88 23       	and	r24, r24
     832:	09 f4       	brne	.+2      	;  0x836
     834:	76 c0       	rjmp	.+236    	;  0x922
     836:	8f 5f       	subi	r24, 0xFF	; 255
     838:	80 93 42 03 	sts	0x0342, r24
     83c:	72 c0       	rjmp	.+228    	;  0x922
     83e:	2f 3f       	cpi	r18, 0xFF	; 255
     840:	a9 f4       	brne	.+42     	;  0x86c
     842:	98 60       	ori	r25, 0x08	; 8
     844:	90 93 c9 05 	sts	0x05C9, r25
     848:	85 e9       	ldi	r24, 0x95	; 149
     84a:	93 e0       	ldi	r25, 0x03	; 3
     84c:	6f ef       	ldi	r22, 0xFF	; 255
     84e:	0e 94 eb 07 	call	0xfd6	;  0xfd6
     852:	10 92 b2 00 	sts	0x00B2, r1
     856:	10 92 81 00 	sts	0x0081, r1
     85a:	83 ec       	ldi	r24, 0xC3	; 195
     85c:	95 e0       	ldi	r25, 0x05	; 5
     85e:	0e 94 62 08 	call	0x10c4	;  0x10c4
     862:	10 92 42 03 	sts	0x0342, r1
     866:	10 92 45 03 	sts	0x0345, r1
     86a:	05 c0       	rjmp	.+10     	;  0x876
     86c:	22 23       	and	r18, r18
     86e:	19 f0       	breq	.+6      	;  0x876
     870:	2f 5f       	subi	r18, 0xFF	; 255
     872:	20 93 42 03 	sts	0x0342, r18
     876:	80 91 44 03 	lds	r24, 0x0344
     87a:	8f 3f       	cpi	r24, 0xFF	; 255
     87c:	59 f4       	brne	.+22     	;  0x894
     87e:	85 e9       	ldi	r24, 0x95	; 149
     880:	93 e0       	ldi	r25, 0x03	; 3
     882:	6f e0       	ldi	r22, 0x0F	; 15
     884:	0e 94 eb 07 	call	0xfd6	;  0xfd6
     888:	10 92 44 03 	sts	0x0344, r1
     88c:	82 e0       	ldi	r24, 0x02	; 2
     88e:	80 93 01 01 	sts	0x0101, r24
     892:	05 c0       	rjmp	.+10     	;  0x89e
     894:	88 23       	and	r24, r24
     896:	19 f0       	breq	.+6      	;  0x89e
     898:	8f 5f       	subi	r24, 0xFF	; 255
     89a:	80 93 44 03 	sts	0x0344, r24
     89e:	80 91 43 03 	lds	r24, 0x0343
     8a2:	8f 3f       	cpi	r24, 0xFF	; 255
     8a4:	59 f4       	brne	.+22     	;  0x8bc
     8a6:	85 e9       	ldi	r24, 0x95	; 149
     8a8:	93 e0       	ldi	r25, 0x03	; 3
     8aa:	60 ef       	ldi	r22, 0xF0	; 240
     8ac:	0e 94 eb 07 	call	0xfd6	;  0xfd6
     8b0:	10 92 43 03 	sts	0x0343, r1
     8b4:	81 e0       	ldi	r24, 0x01	; 1
     8b6:	80 93 01 01 	sts	0x0101, r24
     8ba:	05 c0       	rjmp	.+10     	;  0x8c6
     8bc:	88 23       	and	r24, r24
     8be:	19 f0       	breq	.+6      	;  0x8c6
     8c0:	8f 5f       	subi	r24, 0xFF	; 255
     8c2:	80 93 43 03 	sts	0x0343, r24
     8c6:	80 91 01 01 	lds	r24, 0x0101
     8ca:	82 30       	cpi	r24, 0x02	; 2
     8cc:	51 f5       	brne	.+84     	;  0x922
     8ce:	20 91 88 03 	lds	r18, 0x0388
     8d2:	2f 5f       	subi	r18, 0xFF	; 255
     8d4:	20 93 88 03 	sts	0x0388, r18
     8d8:	80 91 00 01 	lds	r24, 0x0100
     8dc:	28 17       	cp	r18, r24
     8de:	40 f0       	brcs	.+16     	;  0x8f0
     8e0:	40 91 87 03 	lds	r20, 0x0387
     8e4:	40 fd       	sbrc	r20, 0
     8e6:	04 c0       	rjmp	.+8      	;  0x8f0
     8e8:	4f 5f       	subi	r20, 0xFF	; 255
     8ea:	40 93 87 03 	sts	0x0387, r20
     8ee:	0b c0       	rjmp	.+22     	;  0x906
     8f0:	30 e0       	ldi	r19, 0x00	; 0
     8f2:	90 e0       	ldi	r25, 0x00	; 0
     8f4:	05 97       	sbiw	r24, 0x05	; 5
     8f6:	28 17       	cp	r18, r24
     8f8:	39 07       	cpc	r19, r25
     8fa:	54 f0       	brlt	.+20     	;  0x910
     8fc:	80 91 87 03 	lds	r24, 0x0387
     900:	8f 5f       	subi	r24, 0xFF	; 255
     902:	80 93 87 03 	sts	0x0387, r24
     906:	10 92 88 03 	sts	0x0388, r1
     90a:	81 e0       	ldi	r24, 0x01	; 1
     90c:	80 93 89 03 	sts	0x0389, r24
     910:	80 91 87 03 	lds	r24, 0x0387
     914:	88 30       	cpi	r24, 0x08	; 8
     916:	28 f0       	brcs	.+10     	;  0x922
     918:	81 e0       	ldi	r24, 0x01	; 1
     91a:	80 93 89 03 	sts	0x0389, r24
     91e:	10 92 87 03 	sts	0x0387, r1
     922:	80 91 97 03 	lds	r24, 0x0397
     926:	8e 31       	cpi	r24, 0x1E	; 30
     928:	19 f4       	brne	.+6      	;  0x930
     92a:	10 92 97 03 	sts	0x0397, r1
     92e:	05 c0       	rjmp	.+10     	;  0x93a
     930:	88 23       	and	r24, r24
     932:	19 f0       	breq	.+6      	;  0x93a
     934:	8f 5f       	subi	r24, 0xFF	; 255
     936:	80 93 97 03 	sts	0x0397, r24
     93a:	80 91 94 03 	lds	r24, 0x0394
     93e:	91 e0       	ldi	r25, 0x01	; 1
     940:	89 27       	eor	r24, r25
     942:	82 60       	ori	r24, 0x02	; 2
     944:	80 93 94 03 	sts	0x0394, r24
     948:	ff 91       	pop	r31
     94a:	ef 91       	pop	r30
     94c:	bf 91       	pop	r27
     94e:	af 91       	pop	r26
     950:	9f 91       	pop	r25
     952:	8f 91       	pop	r24
     954:	7f 91       	pop	r23
     956:	6f 91       	pop	r22
     958:	5f 91       	pop	r21
     95a:	4f 91       	pop	r20
     95c:	3f 91       	pop	r19
     95e:	2f 91       	pop	r18
     960:	0f 90       	pop	r0
     962:	0f be       	out	0x3f, r0	; 63
     964:	0f 90       	pop	r0
     966:	1f 90       	pop	r1
     968:	18 95       	reti
     96a:	2f 92       	push	r2
     96c:	3f 92       	push	r3
     96e:	4f 92       	push	r4
     970:	5f 92       	push	r5
     972:	6f 92       	push	r6
     974:	7f 92       	push	r7
     976:	8f 92       	push	r8
     978:	9f 92       	push	r9
     97a:	af 92       	push	r10
     97c:	bf 92       	push	r11
     97e:	cf 92       	push	r12
     980:	df 92       	push	r13
     982:	ef 92       	push	r14
     984:	ff 92       	push	r15
     986:	0f 93       	push	r16
     988:	1f 93       	push	r17
     98a:	df 93       	push	r29
     98c:	cf 93       	push	r28
     98e:	cd b7       	in	r28, 0x3d	; 61
     990:	de b7       	in	r29, 0x3e	; 62
     992:	27 97       	sbiw	r28, 0x07	; 7
     994:	0f b6       	in	r0, 0x3f	; 63
     996:	f8 94       	cli
     998:	de bf       	out	0x3e, r29	; 62
     99a:	0f be       	out	0x3f, r0	; 63
     99c:	cd bf       	out	0x3d, r28	; 61
     99e:	f8 94       	cli
     9a0:	20 e0       	ldi	r18, 0x00	; 0
     9a2:	30 e0       	ldi	r19, 0x00	; 0
     9a4:	f9 01       	movw	r30, r18
     9a6:	ee 53       	subi	r30, 0x3E	; 62
     9a8:	fc 4f       	sbci	r31, 0xFC	; 252
     9aa:	d9 01       	movw	r26, r18
     9ac:	ae 5b       	subi	r26, 0xBE	; 190
     9ae:	be 4f       	sbci	r27, 0xFE	; 254
     9b0:	8d 91       	ld	r24, X+
     9b2:	9c 91       	ld	r25, X
     9b4:	91 83       	std	Z+1, r25	; 0x01
     9b6:	80 83       	st	Z, r24
     9b8:	2e 5f       	subi	r18, 0xFE	; 254
     9ba:	3f 4f       	sbci	r19, 0xFF	; 255
     9bc:	82 e0       	ldi	r24, 0x02	; 2
     9be:	20 30       	cpi	r18, 0x00	; 0
     9c0:	38 07       	cpc	r19, r24
     9c2:	81 f7       	brne	.-32     	;  0x9a4
     9c4:	80 e4       	ldi	r24, 0x40	; 64
     9c6:	90 e0       	ldi	r25, 0x00	; 0
     9c8:	0e 94 29 09 	call	0x1252	;  0x1252
     9cc:	80 93 40 00 	sts	0x0040, r24
     9d0:	8f 3f       	cpi	r24, 0xFF	; 255
     9d2:	71 f4       	brne	.+28     	;  0x9f0
     9d4:	80 e4       	ldi	r24, 0x40	; 64
     9d6:	90 e0       	ldi	r25, 0x00	; 0
     9d8:	63 e3       	ldi	r22, 0x33	; 51
     9da:	0e 94 3b 09 	call	0x1276	;  0x1276
     9de:	87 e4       	ldi	r24, 0x47	; 71
     9e0:	93 e0       	ldi	r25, 0x03	; 3
     9e2:	60 e0       	ldi	r22, 0x00	; 0
     9e4:	70 e0       	ldi	r23, 0x00	; 0
     9e6:	40 e4       	ldi	r20, 0x40	; 64
     9e8:	50 e0       	ldi	r21, 0x00	; 0
     9ea:	0e 94 31 09 	call	0x1262	;  0x1262
     9ee:	08 c0       	rjmp	.+16     	;  0xa00
     9f0:	87 e4       	ldi	r24, 0x47	; 71
     9f2:	93 e0       	ldi	r25, 0x03	; 3
     9f4:	60 e0       	ldi	r22, 0x00	; 0
     9f6:	70 e0       	ldi	r23, 0x00	; 0
     9f8:	40 e4       	ldi	r20, 0x40	; 64
     9fa:	50 e0       	ldi	r21, 0x00	; 0
     9fc:	0e 94 19 09 	call	0x1232	;  0x1232
     a00:	0e 94 53 00 	call	0xa6	;  0xa6
     a04:	0e 94 bd 07 	call	0xf7a	;  0xf7a
     a08:	80 e0       	ldi	r24, 0x00	; 0
     a0a:	60 e0       	ldi	r22, 0x00	; 0
     a0c:	40 e0       	ldi	r20, 0x00	; 0
     a0e:	24 e0       	ldi	r18, 0x04	; 4
     a10:	0e 94 6b 07 	call	0xed6	;  0xed6
     a14:	22 9a       	sbi	0x04, 2	; 4
     a16:	80 ef       	ldi	r24, 0xF0	; 240
     a18:	95 e5       	ldi	r25, 0x55	; 85
     a1a:	0e 94 76 00 	call	0xec	;  0xec
     a1e:	0e 94 e3 07 	call	0xfc6	;  0xfc6
     a22:	80 93 95 03 	sts	0x0395, r24
     a26:	30 91 98 03 	lds	r19, 0x0398
     a2a:	3f 5f       	subi	r19, 0xFF	; 255
     a2c:	20 e0       	ldi	r18, 0x00	; 0
     a2e:	60 e0       	ldi	r22, 0x00	; 0
     a30:	41 e0       	ldi	r20, 0x01	; 1
     a32:	50 e0       	ldi	r21, 0x00	; 0
     a34:	09 c0       	rjmp	.+18     	;  0xa48
     a36:	ca 01       	movw	r24, r20
     a38:	02 2e       	mov	r0, r18
     a3a:	02 c0       	rjmp	.+4      	;  0xa40
     a3c:	88 0f       	add	r24, r24
     a3e:	99 1f       	adc	r25, r25
     a40:	0a 94       	dec	r0
     a42:	e2 f7       	brpl	.-8      	;  0xa3c
     a44:	68 2b       	or	r22, r24
     a46:	2f 5f       	subi	r18, 0xFF	; 255
     a48:	23 17       	cp	r18, r19
     a4a:	a8 f3       	brcs	.-22     	;  0xa36
     a4c:	85 e9       	ldi	r24, 0x95	; 149
     a4e:	93 e0       	ldi	r25, 0x03	; 3
     a50:	0e 94 eb 07 	call	0xfd6	;  0xfd6
     a54:	0e 94 37 08 	call	0x106e	;  0x106e
     a58:	29 83       	std	Y+1, r18	; 0x01
     a5a:	3a 83       	std	Y+2, r19	; 0x02
     a5c:	4b 83       	std	Y+3, r20	; 0x03
     a5e:	5c 83       	std	Y+4, r21	; 0x04
     a60:	6d 83       	std	Y+5, r22	; 0x05
     a62:	7e 83       	std	Y+6, r23	; 0x06
     a64:	8f 83       	std	Y+7, r24	; 0x07
     a66:	a3 ec       	ldi	r26, 0xC3	; 195
     a68:	b5 e0       	ldi	r27, 0x05	; 5
     a6a:	fe 01       	movw	r30, r28
     a6c:	31 96       	adiw	r30, 0x01	; 1
     a6e:	87 e0       	ldi	r24, 0x07	; 7
     a70:	01 90       	ld	r0, Z+
     a72:	0d 92       	st	X+, r0
     a74:	81 50       	subi	r24, 0x01	; 1
     a76:	e1 f7       	brne	.-8      	;  0xa70
     a78:	83 ec       	ldi	r24, 0xC3	; 195
     a7a:	95 e0       	ldi	r25, 0x05	; 5
     a7c:	0e 94 31 08 	call	0x1062	;  0x1062
     a80:	78 94       	sei
     a82:	10 e0       	ldi	r17, 0x00	; 0
     a84:	ff 24       	eor	r15, r15
     a86:	61 e0       	ldi	r22, 0x01	; 1
     a88:	a6 2e       	mov	r10, r22
     a8a:	b1 2c       	mov	r11, r1
     a8c:	56 e1       	ldi	r21, 0x16	; 22
     a8e:	25 2e       	mov	r2, r21
     a90:	56 e0       	ldi	r21, 0x06	; 6
     a92:	35 2e       	mov	r3, r21
     a94:	45 ed       	ldi	r20, 0xD5	; 213
     a96:	84 2e       	mov	r8, r20
     a98:	43 e0       	ldi	r20, 0x03	; 3
     a9a:	94 2e       	mov	r9, r20
     a9c:	3a e6       	ldi	r19, 0x6A	; 106
     a9e:	63 2e       	mov	r6, r19
     aa0:	33 e0       	ldi	r19, 0x03	; 3
     aa2:	73 2e       	mov	r7, r19
     aa4:	2b e0       	ldi	r18, 0x0B	; 11
     aa6:	42 2e       	mov	r4, r18
     aa8:	23 e0       	ldi	r18, 0x03	; 3
     aaa:	52 2e       	mov	r5, r18
     aac:	01 e0       	ldi	r16, 0x01	; 1
     aae:	01 c0       	rjmp	.+2      	;  0xab2
     ab0:	1c 2d       	mov	r17, r12
     ab2:	85 e9       	ldi	r24, 0x95	; 149
     ab4:	93 e0       	ldi	r25, 0x03	; 3
     ab6:	64 e9       	ldi	r22, 0x94	; 148
     ab8:	73 e0       	ldi	r23, 0x03	; 3
     aba:	0e 94 ee 07 	call	0xfdc	;  0xfdc
     abe:	0e 94 d9 07 	call	0xfb2	;  0xfb2
     ac2:	c8 2e       	mov	r12, r24
     ac4:	80 91 c9 05 	lds	r24, 0x05C9
     ac8:	83 ff       	sbrs	r24, 3
     aca:	14 c0       	rjmp	.+40     	;  0xaf4
     acc:	80 91 97 03 	lds	r24, 0x0397
     ad0:	88 23       	and	r24, r24
     ad2:	71 f7       	brne	.-36     	;  0xab0
     ad4:	cc 20       	and	r12, r12
     ad6:	39 f4       	brne	.+14     	;  0xae6
     ad8:	11 23       	and	r17, r17
     ada:	51 f3       	breq	.-44     	;  0xab0
     adc:	00 93 42 03 	sts	0x0342, r16
     ae0:	00 93 97 03 	sts	0x0397, r16
     ae4:	e5 cf       	rjmp	.-54     	;  0xab0
     ae6:	11 23       	and	r17, r17
     ae8:	19 f7       	brne	.-58     	;  0xab0
     aea:	00 93 97 03 	sts	0x0397, r16
     aee:	10 92 42 03 	sts	0x0342, r1
     af2:	de cf       	rjmp	.-68     	;  0xab0
     af4:	cc 20       	and	r12, r12
     af6:	49 f4       	brne	.+18     	;  0xb0a
     af8:	80 91 42 03 	lds	r24, 0x0342
     afc:	88 23       	and	r24, r24
     afe:	01 f5       	brne	.+64     	;  0xb40
     b00:	00 93 42 03 	sts	0x0342, r16
     b04:	10 92 44 03 	sts	0x0344, r1
     b08:	19 c0       	rjmp	.+50     	;  0xb3c
     b0a:	10 92 42 03 	sts	0x0342, r1
     b0e:	9c 2d       	mov	r25, r12
     b10:	c0 fc       	sbrc	r12, 0
     b12:	07 c0       	rjmp	.+14     	;  0xb22
     b14:	80 91 44 03 	lds	r24, 0x0344
     b18:	88 23       	and	r24, r24
     b1a:	29 f4       	brne	.+10     	;  0xb26
     b1c:	00 93 44 03 	sts	0x0344, r16
     b20:	02 c0       	rjmp	.+4      	;  0xb26
     b22:	10 92 44 03 	sts	0x0344, r1
     b26:	95 fd       	sbrc	r25, 5
     b28:	07 c0       	rjmp	.+14     	;  0xb38
     b2a:	80 91 43 03 	lds	r24, 0x0343
     b2e:	88 23       	and	r24, r24
     b30:	19 f4       	brne	.+6      	;  0xb38
     b32:	00 93 43 03 	sts	0x0343, r16
     b36:	04 c0       	rjmp	.+8      	;  0xb40
     b38:	91 ff       	sbrs	r25, 1
     b3a:	02 c0       	rjmp	.+4      	;  0xb40
     b3c:	10 92 43 03 	sts	0x0343, r1
     b40:	80 91 01 01 	lds	r24, 0x0101
     b44:	81 30       	cpi	r24, 0x01	; 1
     b46:	09 f0       	breq	.+2      	;  0xb4a
     b48:	ad c0       	rjmp	.+346    	;  0xca4
     b4a:	80 91 97 03 	lds	r24, 0x0397
     b4e:	88 23       	and	r24, r24
     b50:	09 f0       	breq	.+2      	;  0xb54
     b52:	4c c0       	rjmp	.+152    	;  0xbec
     b54:	ec 2c       	mov	r14, r12
     b56:	c1 fc       	sbrc	r12, 1
     b58:	23 c0       	rjmp	.+70     	;  0xba0
     b5a:	11 ff       	sbrs	r17, 1
     b5c:	21 c0       	rjmp	.+66     	;  0xba0
     b5e:	80 91 98 03 	lds	r24, 0x0398
     b62:	83 30       	cpi	r24, 0x03	; 3
     b64:	20 f4       	brcc	.+8      	;  0xb6e
     b66:	8f 5f       	subi	r24, 0xFF	; 255
     b68:	80 93 98 03 	sts	0x0398, r24
     b6c:	02 c0       	rjmp	.+4      	;  0xb72
     b6e:	10 92 98 03 	sts	0x0398, r1
     b72:	00 93 97 03 	sts	0x0397, r16
     b76:	30 91 98 03 	lds	r19, 0x0398
     b7a:	3f 5f       	subi	r19, 0xFF	; 255
     b7c:	20 e0       	ldi	r18, 0x00	; 0
     b7e:	60 e0       	ldi	r22, 0x00	; 0
     b80:	09 c0       	rjmp	.+18     	;  0xb94
     b82:	c5 01       	movw	r24, r10
     b84:	02 2e       	mov	r0, r18
     b86:	02 c0       	rjmp	.+4      	;  0xb8c
     b88:	88 0f       	add	r24, r24
     b8a:	99 1f       	adc	r25, r25
     b8c:	0a 94       	dec	r0
     b8e:	e2 f7       	brpl	.-8      	;  0xb88
     b90:	68 2b       	or	r22, r24
     b92:	2f 5f       	subi	r18, 0xFF	; 255
     b94:	23 17       	cp	r18, r19
     b96:	a8 f3       	brcs	.-22     	;  0xb82
     b98:	85 e9       	ldi	r24, 0x95	; 149
     b9a:	93 e0       	ldi	r25, 0x03	; 3
     b9c:	0e 94 eb 07 	call	0xfd6	;  0xfd6
     ba0:	e0 fc       	sbrc	r14, 0
     ba2:	24 c0       	rjmp	.+72     	;  0xbec
     ba4:	10 ff       	sbrs	r17, 0
     ba6:	22 c0       	rjmp	.+68     	;  0xbec
     ba8:	80 91 98 03 	lds	r24, 0x0398
     bac:	88 23       	and	r24, r24
     bae:	21 f0       	breq	.+8      	;  0xbb8
     bb0:	81 50       	subi	r24, 0x01	; 1
     bb2:	80 93 98 03 	sts	0x0398, r24
     bb6:	03 c0       	rjmp	.+6      	;  0xbbe
     bb8:	93 e0       	ldi	r25, 0x03	; 3
     bba:	90 93 98 03 	sts	0x0398, r25
     bbe:	30 91 98 03 	lds	r19, 0x0398
     bc2:	3f 5f       	subi	r19, 0xFF	; 255
     bc4:	20 e0       	ldi	r18, 0x00	; 0
     bc6:	60 e0       	ldi	r22, 0x00	; 0
     bc8:	09 c0       	rjmp	.+18     	;  0xbdc
     bca:	c5 01       	movw	r24, r10
     bcc:	02 2e       	mov	r0, r18
     bce:	02 c0       	rjmp	.+4      	;  0xbd4
     bd0:	88 0f       	add	r24, r24
     bd2:	99 1f       	adc	r25, r25
     bd4:	0a 94       	dec	r0
     bd6:	e2 f7       	brpl	.-8      	;  0xbd0
     bd8:	68 2b       	or	r22, r24
     bda:	2f 5f       	subi	r18, 0xFF	; 255
     bdc:	23 17       	cp	r18, r19
     bde:	a8 f3       	brcs	.-22     	;  0xbca
     be0:	85 e9       	ldi	r24, 0x95	; 149
     be2:	93 e0       	ldi	r25, 0x03	; 3
     be4:	0e 94 eb 07 	call	0xfd6	;  0xfd6
     be8:	00 93 97 03 	sts	0x0397, r16
     bec:	80 91 96 03 	lds	r24, 0x0396
     bf0:	88 23       	and	r24, r24
     bf2:	09 f4       	brne	.+2      	;  0xbf6
     bf4:	5d cf       	rjmp	.-326    	;  0xab0
     bf6:	10 92 96 03 	sts	0x0396, r1
     bfa:	0e 94 d0 07 	call	0xfa0	;  0xfa0
     bfe:	5f b7       	in	r21, 0x3f	; 63
     c00:	f8 94       	cli
     c02:	10 92 9a 03 	sts	0x039A, r1
     c06:	10 92 99 03 	sts	0x0399, r1
     c0a:	10 92 9c 03 	sts	0x039C, r1
     c0e:	10 92 9b 03 	sts	0x039B, r1
     c12:	10 92 9e 03 	sts	0x039E, r1
     c16:	10 92 9d 03 	sts	0x039D, r1
     c1a:	10 92 a0 03 	sts	0x03A0, r1
     c1e:	10 92 9f 03 	sts	0x039F, r1
     c22:	10 92 a2 03 	sts	0x03A2, r1
     c26:	10 92 a1 03 	sts	0x03A1, r1
     c2a:	10 92 a4 03 	sts	0x03A4, r1
     c2e:	10 92 a3 03 	sts	0x03A3, r1
     c32:	10 92 a6 03 	sts	0x03A6, r1
     c36:	10 92 a5 03 	sts	0x03A5, r1
     c3a:	10 92 a8 03 	sts	0x03A8, r1
     c3e:	10 92 a7 03 	sts	0x03A7, r1
     c42:	90 91 98 03 	lds	r25, 0x0398
     c46:	a9 2f       	mov	r26, r25
     c48:	b0 e0       	ldi	r27, 0x00	; 0
     c4a:	94 e0       	ldi	r25, 0x04	; 4
     c4c:	aa 0f       	add	r26, r26
     c4e:	bb 1f       	adc	r27, r27
     c50:	9a 95       	dec	r25
     c52:	e1 f7       	brne	.-8      	;  0xc4c
     c54:	ae 5f       	subi	r26, 0xFE	; 254
     c56:	be 4f       	sbci	r27, 0xFE	; 254
     c58:	40 e0       	ldi	r20, 0x00	; 0
     c5a:	20 e0       	ldi	r18, 0x00	; 0
     c5c:	30 e0       	ldi	r19, 0x00	; 0
     c5e:	68 2f       	mov	r22, r24
     c60:	70 e0       	ldi	r23, 0x00	; 0
     c62:	cb 01       	movw	r24, r22
     c64:	02 2e       	mov	r0, r18
     c66:	02 c0       	rjmp	.+4      	;  0xc6c
     c68:	95 95       	asr	r25
     c6a:	87 95       	ror	r24
     c6c:	0a 94       	dec	r0
     c6e:	e2 f7       	brpl	.-8      	;  0xc68
     c70:	80 fd       	sbrc	r24, 0
     c72:	0e c0       	rjmp	.+28     	;  0xc90
     c74:	44 30       	cpi	r20, 0x04	; 4
     c76:	60 f4       	brcc	.+24     	;  0xc90
     c78:	e4 2f       	mov	r30, r20
     c7a:	f0 e0       	ldi	r31, 0x00	; 0
     c7c:	ee 0f       	add	r30, r30
     c7e:	ff 1f       	adc	r31, r31
     c80:	e7 56       	subi	r30, 0x67	; 103
     c82:	fc 4f       	sbci	r31, 0xFC	; 252
     c84:	8d 91       	ld	r24, X+
     c86:	9c 91       	ld	r25, X
     c88:	11 97       	sbiw	r26, 0x01	; 1
     c8a:	91 83       	std	Z+1, r25	; 0x01
     c8c:	80 83       	st	Z, r24
     c8e:	4f 5f       	subi	r20, 0xFF	; 255
     c90:	2f 5f       	subi	r18, 0xFF	; 255
     c92:	3f 4f       	sbci	r19, 0xFF	; 255
     c94:	12 96       	adiw	r26, 0x02	; 2
     c96:	28 30       	cpi	r18, 0x08	; 8
     c98:	31 05       	cpc	r19, r1
     c9a:	19 f7       	brne	.-58     	;  0xc62
     c9c:	40 93 a9 03 	sts	0x03A9, r20
     ca0:	5f bf       	out	0x3f, r21	; 63
     ca2:	06 cf       	rjmp	.-500    	;  0xab0
     ca4:	82 30       	cpi	r24, 0x02	; 2
     ca6:	09 f0       	breq	.+2      	;  0xcaa
     ca8:	03 cf       	rjmp	.-506    	;  0xab0
     caa:	30 91 46 03 	lds	r19, 0x0346
     cae:	3f 5f       	subi	r19, 0xFF	; 255
     cb0:	20 e0       	ldi	r18, 0x00	; 0
     cb2:	60 e0       	ldi	r22, 0x00	; 0
     cb4:	09 c0       	rjmp	.+18     	;  0xcc8
     cb6:	c5 01       	movw	r24, r10
     cb8:	02 2e       	mov	r0, r18
     cba:	02 c0       	rjmp	.+4      	;  0xcc0
     cbc:	88 0f       	add	r24, r24
     cbe:	99 1f       	adc	r25, r25
     cc0:	0a 94       	dec	r0
     cc2:	e2 f7       	brpl	.-8      	;  0xcbc
     cc4:	68 2b       	or	r22, r24
     cc6:	2f 5f       	subi	r18, 0xFF	; 255
     cc8:	23 17       	cp	r18, r19
     cca:	a8 f3       	brcs	.-22     	;  0xcb6
     ccc:	85 e9       	ldi	r24, 0x95	; 149
     cce:	93 e0       	ldi	r25, 0x03	; 3
     cd0:	0e 94 eb 07 	call	0xfd6	;  0xfd6
     cd4:	0e 94 d0 07 	call	0xfa0	;  0xfa0
     cd8:	d8 2e       	mov	r13, r24
     cda:	80 91 97 03 	lds	r24, 0x0397
     cde:	88 23       	and	r24, r24
     ce0:	09 f0       	breq	.+2      	;  0xce4
     ce2:	7f c0       	rjmp	.+254    	;  0xde2
     ce4:	ec 2c       	mov	r14, r12
     ce6:	c1 fc       	sbrc	r12, 1
     ce8:	24 c0       	rjmp	.+72     	;  0xd32
     cea:	11 ff       	sbrs	r17, 1
     cec:	22 c0       	rjmp	.+68     	;  0xd32
     cee:	80 91 00 01 	lds	r24, 0x0100
     cf2:	8f 3c       	cpi	r24, 0xCF	; 207
     cf4:	20 f4       	brcc	.+8      	;  0xcfe
     cf6:	80 5f       	subi	r24, 0xF0	; 240
     cf8:	80 93 00 01 	sts	0x0100, r24
     cfc:	03 c0       	rjmp	.+6      	;  0xd04
     cfe:	2f ec       	ldi	r18, 0xCF	; 207
     d00:	20 93 00 01 	sts	0x0100, r18
     d04:	00 93 97 03 	sts	0x0397, r16
     d08:	30 91 98 03 	lds	r19, 0x0398
     d0c:	3f 5f       	subi	r19, 0xFF	; 255
     d0e:	20 e0       	ldi	r18, 0x00	; 0
     d10:	60 e0       	ldi	r22, 0x00	; 0
     d12:	09 c0       	rjmp	.+18     	;  0xd26
     d14:	c5 01       	movw	r24, r10
     d16:	02 2e       	mov	r0, r18
     d18:	02 c0       	rjmp	.+4      	;  0xd1e
     d1a:	88 0f       	add	r24, r24
     d1c:	99 1f       	adc	r25, r25
     d1e:	0a 94       	dec	r0
     d20:	e2 f7       	brpl	.-8      	;  0xd1a
     d22:	68 2b       	or	r22, r24
     d24:	2f 5f       	subi	r18, 0xFF	; 255
     d26:	23 17       	cp	r18, r19
     d28:	a8 f3       	brcs	.-22     	;  0xd14
     d2a:	85 e9       	ldi	r24, 0x95	; 149
     d2c:	93 e0       	ldi	r25, 0x03	; 3
     d2e:	0e 94 eb 07 	call	0xfd6	;  0xfd6
     d32:	e0 fc       	sbrc	r14, 0
     d34:	0f c0       	rjmp	.+30     	;  0xd54
     d36:	10 ff       	sbrs	r17, 0
     d38:	0d c0       	rjmp	.+26     	;  0xd54
     d3a:	80 91 00 01 	lds	r24, 0x0100
     d3e:	80 33       	cpi	r24, 0x30	; 48
     d40:	20 f0       	brcs	.+8      	;  0xd4a
     d42:	80 51       	subi	r24, 0x10	; 16
     d44:	80 93 00 01 	sts	0x0100, r24
     d48:	03 c0       	rjmp	.+6      	;  0xd50
     d4a:	3f e2       	ldi	r19, 0x2F	; 47
     d4c:	30 93 00 01 	sts	0x0100, r19
     d50:	00 93 97 03 	sts	0x0397, r16
     d54:	8d 2d       	mov	r24, r13
     d56:	d0 fc       	sbrc	r13, 0
     d58:	06 c0       	rjmp	.+12     	;  0xd66
     d5a:	f0 fe       	sbrs	r15, 0
     d5c:	04 c0       	rjmp	.+8      	;  0xd66
     d5e:	10 92 46 03 	sts	0x0346, r1
     d62:	00 93 97 03 	sts	0x0397, r16
     d66:	81 fd       	sbrc	r24, 1
     d68:	06 c0       	rjmp	.+12     	;  0xd76
     d6a:	f1 fe       	sbrs	r15, 1
     d6c:	04 c0       	rjmp	.+8      	;  0xd76
     d6e:	00 93 46 03 	sts	0x0346, r16
     d72:	00 93 97 03 	sts	0x0397, r16
     d76:	82 fd       	sbrc	r24, 2
     d78:	07 c0       	rjmp	.+14     	;  0xd88
     d7a:	f2 fe       	sbrs	r15, 2
     d7c:	05 c0       	rjmp	.+10     	;  0xd88
     d7e:	92 e0       	ldi	r25, 0x02	; 2
     d80:	90 93 46 03 	sts	0x0346, r25
     d84:	00 93 97 03 	sts	0x0397, r16
     d88:	83 fd       	sbrc	r24, 3
     d8a:	07 c0       	rjmp	.+14     	;  0xd9a
     d8c:	f3 fe       	sbrs	r15, 3
     d8e:	05 c0       	rjmp	.+10     	;  0xd9a
     d90:	23 e0       	ldi	r18, 0x03	; 3
     d92:	20 93 46 03 	sts	0x0346, r18
     d96:	00 93 97 03 	sts	0x0397, r16
     d9a:	84 fd       	sbrc	r24, 4
     d9c:	07 c0       	rjmp	.+14     	;  0xdac
     d9e:	f4 fe       	sbrs	r15, 4
     da0:	05 c0       	rjmp	.+10     	;  0xdac
     da2:	34 e0       	ldi	r19, 0x04	; 4
     da4:	30 93 46 03 	sts	0x0346, r19
     da8:	00 93 97 03 	sts	0x0397, r16
     dac:	85 fd       	sbrc	r24, 5
     dae:	07 c0       	rjmp	.+14     	;  0xdbe
     db0:	f5 fe       	sbrs	r15, 5
     db2:	05 c0       	rjmp	.+10     	;  0xdbe
     db4:	95 e0       	ldi	r25, 0x05	; 5
     db6:	90 93 46 03 	sts	0x0346, r25
     dba:	00 93 97 03 	sts	0x0397, r16
     dbe:	86 fd       	sbrc	r24, 6
     dc0:	07 c0       	rjmp	.+14     	;  0xdd0
     dc2:	f6 fe       	sbrs	r15, 6
     dc4:	05 c0       	rjmp	.+10     	;  0xdd0
     dc6:	26 e0       	ldi	r18, 0x06	; 6
     dc8:	20 93 46 03 	sts	0x0346, r18
     dcc:	00 93 97 03 	sts	0x0397, r16
     dd0:	d7 fc       	sbrc	r13, 7
     dd2:	07 c0       	rjmp	.+14     	;  0xde2
     dd4:	f7 fe       	sbrs	r15, 7
     dd6:	05 c0       	rjmp	.+10     	;  0xde2
     dd8:	37 e0       	ldi	r19, 0x07	; 7
     dda:	30 93 46 03 	sts	0x0346, r19
     dde:	00 93 97 03 	sts	0x0397, r16
     de2:	84 e0       	ldi	r24, 0x04	; 4
     de4:	80 93 a9 03 	sts	0x03A9, r24
     de8:	9f b7       	in	r25, 0x3f	; 63
     dea:	f8 94       	cli
     dec:	10 92 89 03 	sts	0x0389, r1
     df0:	80 91 87 03 	lds	r24, 0x0387
     df4:	e0 91 46 03 	lds	r30, 0x0346
     df8:	f0 e0       	ldi	r31, 0x00	; 0
     dfa:	a3 e0       	ldi	r26, 0x03	; 3
     dfc:	ee 0f       	add	r30, r30
     dfe:	ff 1f       	adc	r31, r31
     e00:	aa 95       	dec	r26
     e02:	e1 f7       	brne	.-8      	;  0xdfc
     e04:	e8 0f       	add	r30, r24
     e06:	f1 1d       	adc	r31, r1
     e08:	e9 5b       	subi	r30, 0xB9	; 185
     e0a:	fc 4f       	sbci	r31, 0xFC	; 252
     e0c:	e0 81       	ld	r30, Z
     e0e:	8e 2f       	mov	r24, r30
     e10:	e0 ff       	sbrs	r30, 0
     e12:	05 c0       	rjmp	.+10     	;  0xe1e
     e14:	50 92 9a 03 	sts	0x039A, r5
     e18:	40 92 99 03 	sts	0x0399, r4
     e1c:	04 c0       	rjmp	.+8      	;  0xe26
     e1e:	10 92 9a 03 	sts	0x039A, r1
     e22:	10 92 99 03 	sts	0x0399, r1
     e26:	81 ff       	sbrs	r24, 1
     e28:	05 c0       	rjmp	.+10     	;  0xe34
     e2a:	70 92 9c 03 	sts	0x039C, r7
     e2e:	60 92 9b 03 	sts	0x039B, r6
     e32:	04 c0       	rjmp	.+8      	;  0xe3c
     e34:	10 92 9c 03 	sts	0x039C, r1
     e38:	10 92 9b 03 	sts	0x039B, r1
     e3c:	82 ff       	sbrs	r24, 2
     e3e:	05 c0       	rjmp	.+10     	;  0xe4a
     e40:	90 92 9e 03 	sts	0x039E, r9
     e44:	80 92 9d 03 	sts	0x039D, r8
     e48:	04 c0       	rjmp	.+8      	;  0xe52
     e4a:	10 92 9e 03 	sts	0x039E, r1
     e4e:	10 92 9d 03 	sts	0x039D, r1
     e52:	83 ff       	sbrs	r24, 3
     e54:	07 c0       	rjmp	.+14     	;  0xe64
     e56:	20 e1       	ldi	r18, 0x10	; 16
     e58:	34 e0       	ldi	r19, 0x04	; 4
     e5a:	30 93 a0 03 	sts	0x03A0, r19
     e5e:	20 93 9f 03 	sts	0x039F, r18
     e62:	04 c0       	rjmp	.+8      	;  0xe6c
     e64:	10 92 a0 03 	sts	0x03A0, r1
     e68:	10 92 9f 03 	sts	0x039F, r1
     e6c:	84 ff       	sbrs	r24, 4
     e6e:	07 c0       	rjmp	.+14     	;  0xe7e
     e70:	2f e8       	ldi	r18, 0x8F	; 143
     e72:	34 e0       	ldi	r19, 0x04	; 4
     e74:	30 93 a2 03 	sts	0x03A2, r19
     e78:	20 93 a1 03 	sts	0x03A1, r18
     e7c:	04 c0       	rjmp	.+8      	;  0xe86
     e7e:	10 92 a2 03 	sts	0x03A2, r1
     e82:	10 92 a1 03 	sts	0x03A1, r1
     e86:	85 ff       	sbrs	r24, 5
     e88:	07 c0       	rjmp	.+14     	;  0xe98
     e8a:	2e e1       	ldi	r18, 0x1E	; 30
     e8c:	35 e0       	ldi	r19, 0x05	; 5
     e8e:	30 93 a4 03 	sts	0x03A4, r19
     e92:	20 93 a3 03 	sts	0x03A3, r18
     e96:	04 c0       	rjmp	.+8      	;  0xea0
     e98:	10 92 a4 03 	sts	0x03A4, r1
     e9c:	10 92 a3 03 	sts	0x03A3, r1
     ea0:	86 ff       	sbrs	r24, 6
     ea2:	07 c0       	rjmp	.+14     	;  0xeb2
     ea4:	2f eb       	ldi	r18, 0xBF	; 191
     ea6:	35 e0       	ldi	r19, 0x05	; 5
     ea8:	30 93 a6 03 	sts	0x03A6, r19
     eac:	20 93 a5 03 	sts	0x03A5, r18
     eb0:	04 c0       	rjmp	.+8      	;  0xeba
     eb2:	10 92 a6 03 	sts	0x03A6, r1
     eb6:	10 92 a5 03 	sts	0x03A5, r1
     eba:	e7 ff       	sbrs	r30, 7
     ebc:	05 c0       	rjmp	.+10     	;  0xec8
     ebe:	30 92 a8 03 	sts	0x03A8, r3
     ec2:	20 92 a7 03 	sts	0x03A7, r2
     ec6:	04 c0       	rjmp	.+8      	;  0xed0
     ec8:	10 92 a8 03 	sts	0x03A8, r1
     ecc:	10 92 a7 03 	sts	0x03A7, r1
     ed0:	9f bf       	out	0x3f, r25	; 63
     ed2:	fd 2c       	mov	r15, r13
     ed4:	ed cd       	rjmp	.-1062   	;  0xab0
     ed6:	98 2f       	mov	r25, r24
     ed8:	20 3f       	cpi	r18, 0xF0	; 240
     eda:	39 f4       	brne	.+14     	;  0xeea
     edc:	23 98       	cbi	0x04, 3	; 4
     ede:	24 9a       	sbi	0x04, 4	; 4
     ee0:	84 b1       	in	r24, 0x04	; 4
     ee2:	84 70       	andi	r24, 0x04	; 4
     ee4:	84 b9       	out	0x04, r24	; 4
     ee6:	25 98       	cbi	0x04, 5	; 4
     ee8:	04 c0       	rjmp	.+8      	;  0xef2
     eea:	23 9a       	sbi	0x04, 3	; 4
     eec:	24 98       	cbi	0x04, 4	; 4
     eee:	25 9a       	sbi	0x04, 5	; 4
     ef0:	22 9a       	sbi	0x04, 2	; 4
     ef2:	1c bc       	out	0x2c, r1	; 44
     ef4:	44 23       	and	r20, r20
     ef6:	11 f4       	brne	.+4      	;  0xefc
     ef8:	50 e4       	ldi	r21, 0x40	; 64
     efa:	01 c0       	rjmp	.+2      	;  0xefe
     efc:	50 ec       	ldi	r21, 0xC0	; 192
     efe:	20 3f       	cpi	r18, 0xF0	; 240
     f00:	11 f4       	brne	.+4      	;  0xf06
     f02:	40 e0       	ldi	r20, 0x00	; 0
     f04:	01 c0       	rjmp	.+2      	;  0xf08
     f06:	40 e1       	ldi	r20, 0x10	; 16
     f08:	89 2f       	mov	r24, r25
     f0a:	90 e0       	ldi	r25, 0x00	; 0
     f0c:	81 fd       	sbrc	r24, 1
     f0e:	02 c0       	rjmp	.+4      	;  0xf14
     f10:	30 e0       	ldi	r19, 0x00	; 0
     f12:	01 c0       	rjmp	.+2      	;  0xf16
     f14:	38 e0       	ldi	r19, 0x08	; 8
     f16:	81 70       	andi	r24, 0x01	; 1
     f18:	90 70       	andi	r25, 0x00	; 0
     f1a:	88 0f       	add	r24, r24
     f1c:	99 1f       	adc	r25, r25
     f1e:	88 0f       	add	r24, r24
     f20:	99 1f       	adc	r25, r25
     f22:	62 95       	swap	r22
     f24:	66 0f       	add	r22, r22
     f26:	60 7e       	andi	r22, 0xE0	; 224
     f28:	68 2b       	or	r22, r24
     f2a:	92 2f       	mov	r25, r18
     f2c:	92 70       	andi	r25, 0x02	; 2
     f2e:	96 2b       	or	r25, r22
     f30:	82 2f       	mov	r24, r18
     f32:	81 70       	andi	r24, 0x01	; 1
     f34:	89 2b       	or	r24, r25
     f36:	58 2b       	or	r21, r24
     f38:	45 2b       	or	r20, r21
     f3a:	34 2b       	or	r19, r20
     f3c:	3c bd       	out	0x2c, r19	; 44
     f3e:	82 2f       	mov	r24, r18
     f40:	90 e0       	ldi	r25, 0x00	; 0
     f42:	96 95       	lsr	r25
     f44:	87 95       	ror	r24
     f46:	96 95       	lsr	r25
     f48:	87 95       	ror	r24
     f4a:	81 70       	andi	r24, 0x01	; 1
     f4c:	8d bd       	out	0x2d, r24	; 45
     f4e:	08 95       	ret
     f50:	8e bd       	out	0x2e, r24	; 46
     f52:	0d b4       	in	r0, 0x2d	; 45
     f54:	07 fe       	sbrs	r0, 7
     f56:	fd cf       	rjmp	.-6      	;  0xf52
     f58:	8e b5       	in	r24, 0x2e	; 46
     f5a:	08 95       	ret
     f5c:	1f 93       	push	r17
     f5e:	18 2f       	mov	r17, r24
     f60:	2a 98       	cbi	0x05, 2	; 5
     f62:	89 2f       	mov	r24, r25
     f64:	8f 70       	andi	r24, 0x0F	; 15
     f66:	60 7f       	andi	r22, 0xF0	; 240
     f68:	86 2b       	or	r24, r22
     f6a:	0e 94 a8 07 	call	0xf50	;  0xf50
     f6e:	81 2f       	mov	r24, r17
     f70:	0e 94 a8 07 	call	0xf50	;  0xf50
     f74:	2a 9a       	sbi	0x05, 2	; 5
     f76:	1f 91       	pop	r17
     f78:	08 95       	ret
     f7a:	8a b1       	in	r24, 0x0a	; 10
     f7c:	80 7c       	andi	r24, 0xC0	; 192
     f7e:	8a b9       	out	0x0a, r24	; 10
     f80:	8b b1       	in	r24, 0x0b	; 11
     f82:	8f 63       	ori	r24, 0x3F	; 63
     f84:	8b b9       	out	0x0b, r24	; 11
     f86:	84 b1       	in	r24, 0x04	; 4
     f88:	8c 7f       	andi	r24, 0xFC	; 252
     f8a:	84 b9       	out	0x04, r24	; 4
     f8c:	85 b1       	in	r24, 0x05	; 5
     f8e:	83 60       	ori	r24, 0x03	; 3
     f90:	85 b9       	out	0x05, r24	; 5
     f92:	87 b1       	in	r24, 0x07	; 7
     f94:	8f 7c       	andi	r24, 0xCF	; 207
     f96:	87 b9       	out	0x07, r24	; 7
     f98:	88 b1       	in	r24, 0x08	; 8
     f9a:	80 63       	ori	r24, 0x30	; 48
     f9c:	88 b9       	out	0x08, r24	; 8
     f9e:	08 95       	ret
     fa0:	83 b1       	in	r24, 0x03	; 3
     fa2:	99 b1       	in	r25, 0x09	; 9
     fa4:	82 95       	swap	r24
     fa6:	88 0f       	add	r24, r24
     fa8:	88 0f       	add	r24, r24
     faa:	80 7c       	andi	r24, 0xC0	; 192
     fac:	9f 73       	andi	r25, 0x3F	; 63
     fae:	89 2b       	or	r24, r25
     fb0:	08 95       	ret
     fb2:	86 b1       	in	r24, 0x06	; 6
     fb4:	90 e0       	ldi	r25, 0x00	; 0
     fb6:	80 73       	andi	r24, 0x30	; 48
     fb8:	90 70       	andi	r25, 0x00	; 0
     fba:	24 e0       	ldi	r18, 0x04	; 4
     fbc:	95 95       	asr	r25
     fbe:	87 95       	ror	r24
     fc0:	2a 95       	dec	r18
     fc2:	e1 f7       	brne	.-8      	;  0xfbc
     fc4:	08 95       	ret
     fc6:	88 b1       	in	r24, 0x08	; 8
     fc8:	80 7f       	andi	r24, 0xF0	; 240
     fca:	88 b9       	out	0x08, r24	; 8
     fcc:	87 b1       	in	r24, 0x07	; 7
     fce:	80 7f       	andi	r24, 0xF0	; 240
     fd0:	87 b9       	out	0x07, r24	; 7
     fd2:	80 e0       	ldi	r24, 0x00	; 0
     fd4:	08 95       	ret
     fd6:	fc 01       	movw	r30, r24
     fd8:	60 83       	st	Z, r22
     fda:	08 95       	ret
     fdc:	dc 01       	movw	r26, r24
     fde:	fb 01       	movw	r30, r22
     fe0:	80 81       	ld	r24, Z
     fe2:	81 ff       	sbrs	r24, 1
     fe4:	3d c0       	rjmp	.+122    	;  0x1060
     fe6:	8d 7f       	andi	r24, 0xFD	; 253
     fe8:	80 83       	st	Z, r24
     fea:	98 b1       	in	r25, 0x08	; 8
     fec:	90 7f       	andi	r25, 0xF0	; 240
     fee:	98 b9       	out	0x08, r25	; 8
     ff0:	97 b1       	in	r25, 0x07	; 7
     ff2:	90 7f       	andi	r25, 0xF0	; 240
     ff4:	97 b9       	out	0x07, r25	; 7
     ff6:	9c 91       	ld	r25, X
     ff8:	80 ff       	sbrs	r24, 0
     ffa:	19 c0       	rjmp	.+50     	;  0x102e
     ffc:	89 2f       	mov	r24, r25
     ffe:	90 ff       	sbrs	r25, 0
    1000:	03 c0       	rjmp	.+6      	;  0x1008
    1002:	43 98       	cbi	0x08, 3	; 8
    1004:	3b 9a       	sbi	0x07, 3	; 7
    1006:	01 c0       	rjmp	.+2      	;  0x100a
    1008:	3b 98       	cbi	0x07, 3	; 7
    100a:	82 ff       	sbrs	r24, 2
    100c:	03 c0       	rjmp	.+6      	;  0x1014
    100e:	42 98       	cbi	0x08, 2	; 8
    1010:	3a 9a       	sbi	0x07, 2	; 7
    1012:	01 c0       	rjmp	.+2      	;  0x1016
    1014:	3a 98       	cbi	0x07, 2	; 7
    1016:	84 ff       	sbrs	r24, 4
    1018:	03 c0       	rjmp	.+6      	;  0x1020
    101a:	41 98       	cbi	0x08, 1	; 8
    101c:	39 9a       	sbi	0x07, 1	; 7
    101e:	01 c0       	rjmp	.+2      	;  0x1022
    1020:	39 98       	cbi	0x07, 1	; 7
    1022:	86 ff       	sbrs	r24, 6
    1024:	02 c0       	rjmp	.+4      	;  0x102a
    1026:	40 98       	cbi	0x08, 0	; 8
    1028:	18 c0       	rjmp	.+48     	;  0x105a
    102a:	38 98       	cbi	0x07, 0	; 7
    102c:	08 95       	ret
    102e:	89 2f       	mov	r24, r25
    1030:	91 ff       	sbrs	r25, 1
    1032:	03 c0       	rjmp	.+6      	;  0x103a
    1034:	43 9a       	sbi	0x08, 3	; 8
    1036:	3b 9a       	sbi	0x07, 3	; 7
    1038:	01 c0       	rjmp	.+2      	;  0x103c
    103a:	3b 98       	cbi	0x07, 3	; 7
    103c:	83 ff       	sbrs	r24, 3
    103e:	03 c0       	rjmp	.+6      	;  0x1046
    1040:	42 9a       	sbi	0x08, 2	; 8
    1042:	3a 9a       	sbi	0x07, 2	; 7
    1044:	01 c0       	rjmp	.+2      	;  0x1048
    1046:	3a 98       	cbi	0x07, 2	; 7
    1048:	85 ff       	sbrs	r24, 5
    104a:	03 c0       	rjmp	.+6      	;  0x1052
    104c:	41 9a       	sbi	0x08, 1	; 8
    104e:	39 9a       	sbi	0x07, 1	; 7
    1050:	01 c0       	rjmp	.+2      	;  0x1054
    1052:	39 98       	cbi	0x07, 1	; 7
    1054:	97 ff       	sbrs	r25, 7
    1056:	03 c0       	rjmp	.+6      	;  0x105e
    1058:	40 9a       	sbi	0x08, 0	; 8
    105a:	38 9a       	sbi	0x07, 0	; 7
    105c:	08 95       	ret
    105e:	38 98       	cbi	0x07, 0	; 7
    1060:	08 95       	ret
    1062:	20 b7       	in	r18, 0x30	; 48
    1064:	27 7f       	andi	r18, 0xF7	; 247
    1066:	20 bf       	out	0x30, r18	; 48
    1068:	fc 01       	movw	r30, r24
    106a:	16 82       	std	Z+6, r1	; 0x06
    106c:	08 95       	ret
    106e:	df 93       	push	r29
    1070:	cf 93       	push	r28
    1072:	cd b7       	in	r28, 0x3d	; 61
    1074:	de b7       	in	r29, 0x3e	; 62
    1076:	2e 97       	sbiw	r28, 0x0e	; 14
    1078:	0f b6       	in	r0, 0x3f	; 63
    107a:	f8 94       	cli
    107c:	de bf       	out	0x3e, r29	; 62
    107e:	0f be       	out	0x3f, r0	; 63
    1080:	cd bf       	out	0x3d, r28	; 61
    1082:	88 e1       	ldi	r24, 0x18	; 24
    1084:	80 bf       	out	0x30, r24	; 48
    1086:	fe 01       	movw	r30, r28
    1088:	31 96       	adiw	r30, 0x01	; 1
    108a:	87 e0       	ldi	r24, 0x07	; 7
    108c:	df 01       	movw	r26, r30
    108e:	1d 92       	st	X+, r1
    1090:	8a 95       	dec	r24
    1092:	e9 f7       	brne	.-6      	;  0x108e
    1094:	de 01       	movw	r26, r28
    1096:	18 96       	adiw	r26, 0x08	; 8
    1098:	87 e0       	ldi	r24, 0x07	; 7
    109a:	01 90       	ld	r0, Z+
    109c:	0d 92       	st	X+, r0
    109e:	81 50       	subi	r24, 0x01	; 1
    10a0:	e1 f7       	brne	.-8      	;  0x109a
    10a2:	28 85       	ldd	r18, Y+8	; 0x08
    10a4:	39 85       	ldd	r19, Y+9	; 0x09
    10a6:	4a 85       	ldd	r20, Y+10	; 0x0a
    10a8:	5b 85       	ldd	r21, Y+11	; 0x0b
    10aa:	6c 85       	ldd	r22, Y+12	; 0x0c
    10ac:	7d 85       	ldd	r23, Y+13	; 0x0d
    10ae:	8e 85       	ldd	r24, Y+14	; 0x0e
    10b0:	90 e0       	ldi	r25, 0x00	; 0
    10b2:	2e 96       	adiw	r28, 0x0e	; 14
    10b4:	0f b6       	in	r0, 0x3f	; 63
    10b6:	f8 94       	cli
    10b8:	de bf       	out	0x3e, r29	; 62
    10ba:	0f be       	out	0x3f, r0	; 63
    10bc:	cd bf       	out	0x3d, r28	; 61
    10be:	cf 91       	pop	r28
    10c0:	df 91       	pop	r29
    10c2:	08 95       	ret
    10c4:	fc 01       	movw	r30, r24
    10c6:	10 82       	st	Z, r1
    10c8:	11 82       	std	Z+1, r1	; 0x01
    10ca:	12 82       	std	Z+2, r1	; 0x02
    10cc:	13 82       	std	Z+3, r1	; 0x03
    10ce:	14 82       	std	Z+4, r1	; 0x04
    10d0:	15 82       	std	Z+5, r1	; 0x05
    10d2:	86 81       	ldd	r24, Z+6	; 0x06
    10d4:	88 60       	ori	r24, 0x08	; 8
    10d6:	86 83       	std	Z+6, r24	; 0x06
    10d8:	80 b7       	in	r24, 0x30	; 48
    10da:	88 60       	ori	r24, 0x08	; 8
    10dc:	80 bf       	out	0x30, r24	; 48
    10de:	08 95       	ret
    10e0:	0f 93       	push	r16
    10e2:	1f 93       	push	r17
    10e4:	cf 93       	push	r28
    10e6:	df 93       	push	r29
    10e8:	fc 01       	movw	r30, r24
    10ea:	8b 01       	movw	r16, r22
    10ec:	46 81       	ldd	r20, Z+6	; 0x06
    10ee:	40 ff       	sbrs	r20, 0
    10f0:	2f c0       	rjmp	.+94     	;  0x1150
    10f2:	72 81       	ldd	r23, Z+2	; 0x02
    10f4:	50 81       	ld	r21, Z
    10f6:	27 2f       	mov	r18, r23
    10f8:	30 e0       	ldi	r19, 0x00	; 0
    10fa:	85 e0       	ldi	r24, 0x05	; 5
    10fc:	58 9f       	mul	r21, r24
    10fe:	c0 01       	movw	r24, r0
    1100:	11 24       	eor	r1, r1
    1102:	a3 e0       	ldi	r26, 0x03	; 3
    1104:	95 95       	asr	r25
    1106:	87 95       	ror	r24
    1108:	aa 95       	dec	r26
    110a:	e1 f7       	brne	.-8      	;  0x1104
    110c:	82 17       	cp	r24, r18
    110e:	93 07       	cpc	r25, r19
    1110:	2c f4       	brge	.+10     	;  0x111c
    1112:	41 ff       	sbrs	r20, 1
    1114:	5f c0       	rjmp	.+190    	;  0x11d4
    1116:	84 81       	ldd	r24, Z+4	; 0x04
    1118:	88 0f       	add	r24, r24
    111a:	0f c0       	rjmp	.+30     	;  0x113a
    111c:	52 95       	swap	r21
    111e:	5f 70       	andi	r21, 0x0F	; 15
    1120:	57 17       	cp	r21, r23
    1122:	08 f0       	brcs	.+2      	;  0x1126
    1124:	57 c0       	rjmp	.+174    	;  0x11d4
    1126:	42 ff       	sbrs	r20, 2
    1128:	10 c0       	rjmp	.+32     	;  0x114a
    112a:	84 2f       	mov	r24, r20
    112c:	8b 7f       	andi	r24, 0xFB	; 251
    112e:	86 83       	std	Z+6, r24	; 0x06
    1130:	81 ff       	sbrs	r24, 1
    1132:	08 c0       	rjmp	.+16     	;  0x1144
    1134:	84 81       	ldd	r24, Z+4	; 0x04
    1136:	88 0f       	add	r24, r24
    1138:	81 60       	ori	r24, 0x01	; 1
    113a:	84 83       	std	Z+4, r24	; 0x04
    113c:	85 81       	ldd	r24, Z+5	; 0x05
    113e:	8f 5f       	subi	r24, 0xFF	; 255
    1140:	85 83       	std	Z+5, r24	; 0x05
    1142:	48 c0       	rjmp	.+144    	;  0x11d4
    1144:	82 60       	ori	r24, 0x02	; 2
    1146:	86 83       	std	Z+6, r24	; 0x06
    1148:	45 c0       	rjmp	.+138    	;  0x11d4
    114a:	44 60       	ori	r20, 0x04	; 4
    114c:	46 83       	std	Z+6, r20	; 0x06
    114e:	42 c0       	rjmp	.+132    	;  0x11d4
    1150:	83 81       	ldd	r24, Z+3	; 0x03
    1152:	84 30       	cpi	r24, 0x04	; 4
    1154:	29 f4       	brne	.+10     	;  0x1160
    1156:	41 60       	ori	r20, 0x01	; 1
    1158:	46 83       	std	Z+6, r20	; 0x06
    115a:	d8 01       	movw	r26, r16
    115c:	1c 92       	st	X, r1
    115e:	3a c0       	rjmp	.+116    	;  0x11d4
    1160:	42 81       	ldd	r20, Z+2	; 0x02
    1162:	24 2f       	mov	r18, r20
    1164:	30 e0       	ldi	r19, 0x00	; 0
    1166:	81 81       	ldd	r24, Z+1	; 0x01
    1168:	c8 2f       	mov	r28, r24
    116a:	d0 e0       	ldi	r29, 0x00	; 0
    116c:	ce 01       	movw	r24, r28
    116e:	88 0f       	add	r24, r24
    1170:	99 1f       	adc	r25, r25
    1172:	88 0f       	add	r24, r24
    1174:	99 1f       	adc	r25, r25
    1176:	63 e0       	ldi	r22, 0x03	; 3
    1178:	70 e0       	ldi	r23, 0x00	; 0
    117a:	0e 94 06 09 	call	0x120c	;  0x120c
    117e:	26 17       	cp	r18, r22
    1180:	37 07       	cpc	r19, r23
    1182:	c4 f4       	brge	.+48     	;  0x11b4
    1184:	ce 01       	movw	r24, r28
    1186:	88 0f       	add	r24, r24
    1188:	99 1f       	adc	r25, r25
    118a:	63 e0       	ldi	r22, 0x03	; 3
    118c:	70 e0       	ldi	r23, 0x00	; 0
    118e:	0e 94 06 09 	call	0x120c	;  0x120c
    1192:	62 17       	cp	r22, r18
    1194:	73 07       	cpc	r23, r19
    1196:	74 f4       	brge	.+28     	;  0x11b4
    1198:	80 81       	ld	r24, Z
    119a:	88 23       	and	r24, r24
    119c:	31 f0       	breq	.+12     	;  0x11aa
    119e:	28 0f       	add	r18, r24
    11a0:	31 1d       	adc	r19, r1
    11a2:	35 95       	asr	r19
    11a4:	27 95       	ror	r18
    11a6:	20 83       	st	Z, r18
    11a8:	01 c0       	rjmp	.+2      	;  0x11ac
    11aa:	40 83       	st	Z, r20
    11ac:	83 81       	ldd	r24, Z+3	; 0x03
    11ae:	8f 5f       	subi	r24, 0xFF	; 255
    11b0:	83 83       	std	Z+3, r24	; 0x03
    11b2:	02 c0       	rjmp	.+4      	;  0x11b8
    11b4:	10 82       	st	Z, r1
    11b6:	13 82       	std	Z+3, r1	; 0x03
    11b8:	23 81       	ldd	r18, Z+3	; 0x03
    11ba:	30 e0       	ldi	r19, 0x00	; 0
    11bc:	2f 5f       	subi	r18, 0xFF	; 255
    11be:	3f 4f       	sbci	r19, 0xFF	; 255
    11c0:	81 e0       	ldi	r24, 0x01	; 1
    11c2:	90 e0       	ldi	r25, 0x00	; 0
    11c4:	02 c0       	rjmp	.+4      	;  0x11ca
    11c6:	88 0f       	add	r24, r24
    11c8:	99 1f       	adc	r25, r25
    11ca:	2a 95       	dec	r18
    11cc:	e2 f7       	brpl	.-8      	;  0x11c6
    11ce:	81 60       	ori	r24, 0x01	; 1
    11d0:	d8 01       	movw	r26, r16
    11d2:	8c 93       	st	X, r24
    11d4:	82 81       	ldd	r24, Z+2	; 0x02
    11d6:	81 83       	std	Z+1, r24	; 0x01
    11d8:	12 82       	std	Z+2, r1	; 0x02
    11da:	df 91       	pop	r29
    11dc:	cf 91       	pop	r28
    11de:	1f 91       	pop	r17
    11e0:	0f 91       	pop	r16
    11e2:	08 95       	ret
    11e4:	aa 1b       	sub	r26, r26
    11e6:	bb 1b       	sub	r27, r27
    11e8:	51 e1       	ldi	r21, 0x11	; 17
    11ea:	07 c0       	rjmp	.+14     	;  0x11fa
    11ec:	aa 1f       	adc	r26, r26
    11ee:	bb 1f       	adc	r27, r27
    11f0:	a6 17       	cp	r26, r22
    11f2:	b7 07       	cpc	r27, r23
    11f4:	10 f0       	brcs	.+4      	;  0x11fa
    11f6:	a6 1b       	sub	r26, r22
    11f8:	b7 0b       	sbc	r27, r23
    11fa:	88 1f       	adc	r24, r24
    11fc:	99 1f       	adc	r25, r25
    11fe:	5a 95       	dec	r21
    1200:	a9 f7       	brne	.-22     	;  0x11ec
    1202:	80 95       	com	r24
    1204:	90 95       	com	r25
    1206:	bc 01       	movw	r22, r24
    1208:	cd 01       	movw	r24, r26
    120a:	08 95       	ret
    120c:	97 fb       	bst	r25, 7
    120e:	09 2e       	mov	r0, r25
    1210:	07 26       	eor	r0, r23
    1212:	0a d0       	rcall	.+20     	;  0x1228
    1214:	77 fd       	sbrc	r23, 7
    1216:	04 d0       	rcall	.+8      	;  0x1220
    1218:	e5 df       	rcall	.-54     	;  0x11e4
    121a:	06 d0       	rcall	.+12     	;  0x1228
    121c:	00 20       	and	r0, r0
    121e:	1a f4       	brpl	.+6      	;  0x1226
    1220:	70 95       	com	r23
    1222:	61 95       	neg	r22
    1224:	7f 4f       	sbci	r23, 0xFF	; 255
    1226:	08 95       	ret
    1228:	f6 f7       	brtc	.-4      	;  0x1226
    122a:	90 95       	com	r25
    122c:	81 95       	neg	r24
    122e:	9f 4f       	sbci	r25, 0xFF	; 255
    1230:	08 95       	ret
    1232:	dc 01       	movw	r26, r24
    1234:	cb 01       	movw	r24, r22
    1236:	fc 01       	movw	r30, r24
    1238:	f9 99       	sbic	0x1f, 1	; 31
    123a:	fe cf       	rjmp	.-4      	;  0x1238
    123c:	06 c0       	rjmp	.+12     	;  0x124a
    123e:	f2 bd       	out	0x22, r31	; 34
    1240:	e1 bd       	out	0x21, r30	; 33
    1242:	f8 9a       	sbi	0x1f, 0	; 31
    1244:	31 96       	adiw	r30, 0x01	; 1
    1246:	00 b4       	in	r0, 0x20	; 32
    1248:	0d 92       	st	X+, r0
    124a:	41 50       	subi	r20, 0x01	; 1
    124c:	50 40       	sbci	r21, 0x00	; 0
    124e:	b8 f7       	brcc	.-18     	;  0x123e
    1250:	08 95       	ret
    1252:	f9 99       	sbic	0x1f, 1	; 31
    1254:	fe cf       	rjmp	.-4      	;  0x1252
    1256:	92 bd       	out	0x22, r25	; 34
    1258:	81 bd       	out	0x21, r24	; 33
    125a:	f8 9a       	sbi	0x1f, 0	; 31
    125c:	99 27       	eor	r25, r25
    125e:	80 b5       	in	r24, 0x20	; 32
    1260:	08 95       	ret
    1262:	dc 01       	movw	r26, r24
    1264:	cb 01       	movw	r24, r22
    1266:	03 c0       	rjmp	.+6      	;  0x126e
    1268:	2d 91       	ld	r18, X+
    126a:	0e 94 3c 09 	call	0x1278	;  0x1278
    126e:	41 50       	subi	r20, 0x01	; 1
    1270:	50 40       	sbci	r21, 0x00	; 0
    1272:	d0 f7       	brcc	.-12     	;  0x1268
    1274:	08 95       	ret
    1276:	26 2f       	mov	r18, r22
    1278:	f9 99       	sbic	0x1f, 1	; 31
    127a:	fe cf       	rjmp	.-4      	;  0x1278
    127c:	1f ba       	out	0x1f, r1	; 31
    127e:	92 bd       	out	0x22, r25	; 34
    1280:	81 bd       	out	0x21, r24	; 33
    1282:	20 bd       	out	0x20, r18	; 32
    1284:	0f b6       	in	r0, 0x3f	; 63
    1286:	f8 94       	cli
    1288:	fa 9a       	sbi	0x1f, 2	; 31
    128a:	f9 9a       	sbi	0x1f, 1	; 31
    128c:	0f be       	out	0x3f, r0	; 63
    128e:	01 96       	adiw	r24, 0x01	; 1
    1290:	08 95       	ret
    1292:	f8 94       	cli
    1294:	ff cf       	rjmp	.-2      	;  0x1294
