
main.elf:     file format elf32-avr

Sections:
Idx Name          Size      VMA       LMA       File off  Algn
  0 .data         00000242  00800100  000012ba  0000136e  2**0
                  CONTENTS, ALLOC, LOAD, DATA
  1 .text         000012ba  00000000  00000000  000000b4  2**1
                  CONTENTS, ALLOC, LOAD, READONLY, CODE
  2 .bss          00000288  00800342  00800342  000015b0  2**0
                  ALLOC
  3 .eeprom       00000041  00810000  00810000  000015b0  2**0
                  CONTENTS, ALLOC, LOAD, DATA

Disassembly of section .text:

00000000 <.text>:
       0:	0c 94 34 00 	jmp	0x68	;  0x68
       4:	0c 94 51 00 	jmp	0xa2	;  0xa2
       8:	0c 94 51 00 	jmp	0xa2	;  0xa2
       c:	0c 94 51 00 	jmp	0xa2	;  0xa2
      10:	0c 94 51 00 	jmp	0xa2	;  0xa2
      14:	0c 94 51 00 	jmp	0xa2	;  0xa2
      18:	0c 94 51 00 	jmp	0xa2	;  0xa2
      1c:	0c 94 01 02 	jmp	0x402	;  0x402
      20:	0c 94 51 00 	jmp	0xa2	;  0xa2
      24:	0c 94 51 00 	jmp	0xa2	;  0xa2
      28:	0c 94 51 00 	jmp	0xa2	;  0xa2
      2c:	0c 94 9e 05 	jmp	0xb3c	;  0xb3c
      30:	0c 94 51 00 	jmp	0xa2	;  0xa2
      34:	0c 94 51 00 	jmp	0xa2	;  0xa2
      38:	0c 94 51 00 	jmp	0xa2	;  0xa2
      3c:	0c 94 51 00 	jmp	0xa2	;  0xa2
      40:	0c 94 51 00 	jmp	0xa2	;  0xa2
      44:	0c 94 51 00 	jmp	0xa2	;  0xa2
      48:	0c 94 51 00 	jmp	0xa2	;  0xa2
      4c:	0c 94 51 00 	jmp	0xa2	;  0xa2
      50:	0c 94 51 00 	jmp	0xa2	;  0xa2
      54:	0c 94 51 00 	jmp	0xa2	;  0xa2
      58:	0c 94 51 00 	jmp	0xa2	;  0xa2
      5c:	0c 94 75 00 	jmp	0xea	;  0xea
      60:	0c 94 51 00 	jmp	0xa2	;  0xa2
      64:	0c 94 51 00 	jmp	0xa2	;  0xa2
      68:	11 24       	eor	r1, r1
      6a:	1f be       	out	0x3f, r1	; 63
      6c:	cf ef       	ldi	r28, 0xFF	; 255
      6e:	d8 e0       	ldi	r29, 0x08	; 8
      70:	de bf       	out	0x3e, r29	; 62
      72:	cd bf       	out	0x3d, r28	; 61
      74:	13 e0       	ldi	r17, 0x03	; 3
      76:	a0 e0       	ldi	r26, 0x00	; 0
      78:	b1 e0       	ldi	r27, 0x01	; 1
      7a:	ea eb       	ldi	r30, 0xBA	; 186
      7c:	f2 e1       	ldi	r31, 0x12	; 18
      7e:	02 c0       	rjmp	.+4      	;  0x84
      80:	05 90       	lpm	r0, Z+
      82:	0d 92       	st	X+, r0
      84:	a2 34       	cpi	r26, 0x42	; 66
      86:	b1 07       	cpc	r27, r17
      88:	d9 f7       	brne	.-10     	;  0x80
      8a:	15 e0       	ldi	r17, 0x05	; 5
      8c:	a2 e4       	ldi	r26, 0x42	; 66
      8e:	b3 e0       	ldi	r27, 0x03	; 3
      90:	01 c0       	rjmp	.+2      	;  0x94
      92:	1d 92       	st	X+, r1
      94:	aa 3c       	cpi	r26, 0xCA	; 202
      96:	b1 07       	cpc	r27, r17
      98:	e1 f7       	brne	.-8      	;  0x92
      9a:	0e 94 ec 02 	call	0x5d8	;  0x5d8
      9e:	0c 94 5b 09 	jmp	0x12b6	;  0x12b6
      a2:	0c 94 00 00 	jmp	0	;  0x0
      a6:	cf 93       	push	r28
      a8:	df 93       	push	r29
      aa:	c0 eb       	ldi	r28, 0xB0	; 176
      ac:	d0 e0       	ldi	r29, 0x00	; 0
      ae:	18 82       	st	Y, r1
      b0:	e1 eb       	ldi	r30, 0xB1	; 177
      b2:	f0 e0       	ldi	r31, 0x00	; 0
      b4:	10 82       	st	Z, r1
      b6:	a0 e7       	ldi	r26, 0x70	; 112
      b8:	b0 e0       	ldi	r27, 0x00	; 0
      ba:	1c 92       	st	X, r1
      bc:	10 92 b2 00 	sts	0x00B2, r1
      c0:	82 e3       	ldi	r24, 0x32	; 50
      c2:	80 93 b3 00 	sts	0x00B3, r24
      c6:	88 81       	ld	r24, Y
      c8:	82 60       	ori	r24, 0x02	; 2
      ca:	88 83       	st	Y, r24
      cc:	80 81       	ld	r24, Z
      ce:	81 60       	ori	r24, 0x01	; 1
      d0:	80 83       	st	Z, r24
      d2:	80 81       	ld	r24, Z
      d4:	82 60       	ori	r24, 0x02	; 2
      d6:	80 83       	st	Z, r24
      d8:	80 81       	ld	r24, Z
      da:	84 60       	ori	r24, 0x04	; 4
      dc:	80 83       	st	Z, r24
      de:	8c 91       	ld	r24, X
      e0:	82 60       	ori	r24, 0x02	; 2
      e2:	8c 93       	st	X, r24
      e4:	df 91       	pop	r29
      e6:	cf 91       	pop	r28
      e8:	08 95       	ret
      ea:	1f 92       	push	r1
      ec:	0f 92       	push	r0
      ee:	0f b6       	in	r0, 0x3f	; 63
      f0:	0f 92       	push	r0
      f2:	11 24       	eor	r1, r1
      f4:	2f 92       	push	r2
      f6:	3f 92       	push	r3
      f8:	4f 92       	push	r4
      fa:	5f 92       	push	r5
      fc:	6f 92       	push	r6
      fe:	7f 92       	push	r7
     100:	8f 92       	push	r8
     102:	9f 92       	push	r9
     104:	af 92       	push	r10
     106:	bf 92       	push	r11
     108:	cf 92       	push	r12
     10a:	df 92       	push	r13
     10c:	ef 92       	push	r14
     10e:	ff 92       	push	r15
     110:	0f 93       	push	r16
     112:	1f 93       	push	r17
     114:	2f 93       	push	r18
     116:	3f 93       	push	r19
     118:	4f 93       	push	r20
     11a:	5f 93       	push	r21
     11c:	6f 93       	push	r22
     11e:	7f 93       	push	r23
     120:	8f 93       	push	r24
     122:	9f 93       	push	r25
     124:	af 93       	push	r26
     126:	bf 93       	push	r27
     128:	cf 93       	push	r28
     12a:	df 93       	push	r29
     12c:	ef 93       	push	r30
     12e:	ff 93       	push	r31
     130:	80 91 70 00 	lds	r24, 0x0070
     134:	8d 7f       	andi	r24, 0xFD	; 253
     136:	80 93 70 00 	sts	0x0070, r24
     13a:	10 92 b2 00 	sts	0x00B2, r1
     13e:	83 ec       	ldi	r24, 0xC3	; 195
     140:	95 e0       	ldi	r25, 0x05	; 5
     142:	65 e9       	ldi	r22, 0x95	; 149
     144:	73 e0       	ldi	r23, 0x03	; 3
     146:	0e 94 80 08 	call	0x1100	;  0x1100
     14a:	80 91 c8 05 	lds	r24, 0x05C8
     14e:	88 30       	cpi	r24, 0x08	; 8
     150:	09 f0       	breq	.+2      	;  0x154
     152:	18 c1       	rjmp	.+560    	;  0x384
     154:	10 92 c8 05 	sts	0x05C8, r1
     158:	80 91 c7 05 	lds	r24, 0x05C7
     15c:	80 93 95 03 	sts	0x0395, r24
     160:	90 91 45 03 	lds	r25, 0x0345
     164:	99 23       	and	r25, r25
     166:	b1 f4       	brne	.+44     	;  0x194
     168:	28 2f       	mov	r18, r24
     16a:	30 e0       	ldi	r19, 0x00	; 0
     16c:	a9 01       	movw	r20, r18
     16e:	40 73       	andi	r20, 0x30	; 48
     170:	50 70       	andi	r21, 0x00	; 0
     172:	41 15       	cp	r20, r1
     174:	51 05       	cpc	r21, r1
     176:	11 f0       	breq	.+4      	;  0x17c
     178:	90 e3       	ldi	r25, 0x30	; 48
     17a:	06 c0       	rjmp	.+12     	;  0x188
     17c:	20 7c       	andi	r18, 0xC0	; 192
     17e:	30 70       	andi	r19, 0x00	; 0
     180:	21 15       	cp	r18, r1
     182:	31 05       	cpc	r19, r1
     184:	19 f0       	breq	.+6      	;  0x18c
     186:	90 ec       	ldi	r25, 0xC0	; 192
     188:	90 93 bc 03 	sts	0x03BC, r25
     18c:	8f 70       	andi	r24, 0x0F	; 15
     18e:	80 93 c1 03 	sts	0x03C1, r24
     192:	f3 c0       	rjmp	.+486    	;  0x37a
     194:	20 91 c1 03 	lds	r18, 0x03C1
     198:	29 17       	cp	r18, r25
     19a:	08 f0       	brcs	.+2      	;  0x19e
     19c:	c9 c0       	rjmp	.+402    	;  0x330
     19e:	80 38       	cpi	r24, 0x80	; 128
     1a0:	09 f0       	breq	.+2      	;  0x1a4
     1a2:	eb c0       	rjmp	.+470    	;  0x37a
     1a4:	80 91 bc 03 	lds	r24, 0x03BC
     1a8:	80 3c       	cpi	r24, 0xC0	; 192
     1aa:	09 f0       	breq	.+2      	;  0x1ae
     1ac:	bd c0       	rjmp	.+378    	;  0x328
     1ae:	c0 90 8a 03 	lds	r12, 0x038A
     1b2:	d0 90 8b 03 	lds	r13, 0x038B
     1b6:	a0 90 8c 03 	lds	r10, 0x038C
     1ba:	b0 90 8d 03 	lds	r11, 0x038D
     1be:	80 90 8e 03 	lds	r8, 0x038E
     1c2:	90 90 8f 03 	lds	r9, 0x038F
     1c6:	60 90 90 03 	lds	r6, 0x0390
     1ca:	70 90 91 03 	lds	r7, 0x0391
     1ce:	40 90 92 03 	lds	r4, 0x0392
     1d2:	50 90 93 03 	lds	r5, 0x0393
     1d6:	52 e4       	ldi	r21, 0x42	; 66
     1d8:	25 2e       	mov	r2, r21
     1da:	51 e0       	ldi	r21, 0x01	; 1
     1dc:	35 2e       	mov	r3, r21
     1de:	02 ec       	ldi	r16, 0xC2	; 194
     1e0:	13 e0       	ldi	r17, 0x03	; 3
     1e2:	e0 e0       	ldi	r30, 0x00	; 0
     1e4:	f0 e0       	ldi	r31, 0x00	; 0
     1e6:	20 e0       	ldi	r18, 0x00	; 0
     1e8:	30 e0       	ldi	r19, 0x00	; 0
     1ea:	45 e0       	ldi	r20, 0x05	; 5
     1ec:	e4 2e       	mov	r14, r20
     1ee:	f1 2c       	mov	r15, r1
     1f0:	d1 01       	movw	r26, r2
     1f2:	6d 91       	ld	r22, X+
     1f4:	7d 91       	ld	r23, X+
     1f6:	1d 01       	movw	r2, r26
     1f8:	df 01       	movw	r26, r30
     1fa:	b0 70       	andi	r27, 0x00	; 0
     1fc:	aa 0f       	add	r26, r26
     1fe:	bb 1f       	adc	r27, r27
     200:	ae 5b       	subi	r26, 0xBE	; 190
     202:	be 4f       	sbci	r27, 0xFE	; 254
     204:	4d 91       	ld	r20, X+
     206:	5c 91       	ld	r21, X
     208:	44 0f       	add	r20, r20
     20a:	55 1f       	adc	r21, r21
     20c:	44 0f       	add	r20, r20
     20e:	55 1f       	adc	r21, r21
     210:	46 9d       	mul	r20, r6
     212:	c0 01       	movw	r24, r0
     214:	47 9d       	mul	r20, r7
     216:	90 0d       	add	r25, r0
     218:	56 9d       	mul	r21, r6
     21a:	90 0d       	add	r25, r0
     21c:	11 24       	eor	r1, r1
     21e:	b4 e0       	ldi	r27, 0x04	; 4
     220:	96 95       	lsr	r25
     222:	87 95       	ror	r24
     224:	ba 95       	dec	r27
     226:	e1 f7       	brne	.-8      	;  0x220
     228:	66 0f       	add	r22, r22
     22a:	77 1f       	adc	r23, r23
     22c:	66 0f       	add	r22, r22
     22e:	77 1f       	adc	r23, r23
     230:	6c 9d       	mul	r22, r12
     232:	a0 01       	movw	r20, r0
     234:	6d 9d       	mul	r22, r13
     236:	50 0d       	add	r21, r0
     238:	7c 9d       	mul	r23, r12
     23a:	50 0d       	add	r21, r0
     23c:	11 24       	eor	r1, r1
     23e:	64 e0       	ldi	r22, 0x04	; 4
     240:	56 95       	lsr	r21
     242:	47 95       	ror	r20
     244:	6a 95       	dec	r22
     246:	e1 f7       	brne	.-8      	;  0x240
     248:	84 0f       	add	r24, r20
     24a:	95 1f       	adc	r25, r21
     24c:	d9 01       	movw	r26, r18
     24e:	b0 70       	andi	r27, 0x00	; 0
     250:	aa 0f       	add	r26, r26
     252:	bb 1f       	adc	r27, r27
     254:	ae 5b       	subi	r26, 0xBE	; 190
     256:	be 4f       	sbci	r27, 0xFE	; 254
     258:	6d 91       	ld	r22, X+
     25a:	7c 91       	ld	r23, X
     25c:	66 0f       	add	r22, r22
     25e:	77 1f       	adc	r23, r23
     260:	66 0f       	add	r22, r22
     262:	77 1f       	adc	r23, r23
     264:	6a 9d       	mul	r22, r10
     266:	a0 01       	movw	r20, r0
     268:	6b 9d       	mul	r22, r11
     26a:	50 0d       	add	r21, r0
     26c:	7a 9d       	mul	r23, r10
     26e:	50 0d       	add	r21, r0
     270:	11 24       	eor	r1, r1
     272:	64 e0       	ldi	r22, 0x04	; 4
     274:	56 95       	lsr	r21
     276:	47 95       	ror	r20
     278:	6a 95       	dec	r22
     27a:	e1 f7       	brne	.-8      	;  0x274
     27c:	84 0f       	add	r24, r20
     27e:	95 1f       	adc	r25, r21
     280:	d9 01       	movw	r26, r18
     282:	aa 0f       	add	r26, r26
     284:	bb 1f       	adc	r27, r27
     286:	aa 0f       	add	r26, r26
     288:	bb 1f       	adc	r27, r27
     28a:	ac 7f       	andi	r26, 0xFC	; 252
     28c:	b1 70       	andi	r27, 0x01	; 1
     28e:	ae 5b       	subi	r26, 0xBE	; 190
     290:	be 4f       	sbci	r27, 0xFE	; 254
     292:	6d 91       	ld	r22, X+
     294:	7c 91       	ld	r23, X
     296:	66 0f       	add	r22, r22
     298:	77 1f       	adc	r23, r23
     29a:	66 0f       	add	r22, r22
     29c:	77 1f       	adc	r23, r23
     29e:	68 9d       	mul	r22, r8
     2a0:	a0 01       	movw	r20, r0
     2a2:	69 9d       	mul	r22, r9
     2a4:	50 0d       	add	r21, r0
     2a6:	78 9d       	mul	r23, r8
     2a8:	50 0d       	add	r21, r0
     2aa:	11 24       	eor	r1, r1
     2ac:	64 e0       	ldi	r22, 0x04	; 4
     2ae:	56 95       	lsr	r21
     2b0:	47 95       	ror	r20
     2b2:	6a 95       	dec	r22
     2b4:	e1 f7       	brne	.-8      	;  0x2ae
     2b6:	84 0f       	add	r24, r20
     2b8:	95 1f       	adc	r25, r21
     2ba:	df 01       	movw	r26, r30
     2bc:	aa 0f       	add	r26, r26
     2be:	bb 1f       	adc	r27, r27
     2c0:	aa 0f       	add	r26, r26
     2c2:	bb 1f       	adc	r27, r27
     2c4:	ac 7f       	andi	r26, 0xFC	; 252
     2c6:	b1 70       	andi	r27, 0x01	; 1
     2c8:	ae 5b       	subi	r26, 0xBE	; 190
     2ca:	be 4f       	sbci	r27, 0xFE	; 254
     2cc:	6d 91       	ld	r22, X+
     2ce:	7c 91       	ld	r23, X
     2d0:	66 0f       	add	r22, r22
     2d2:	77 1f       	adc	r23, r23
     2d4:	66 0f       	add	r22, r22
     2d6:	77 1f       	adc	r23, r23
     2d8:	64 9d       	mul	r22, r4
     2da:	a0 01       	movw	r20, r0
     2dc:	65 9d       	mul	r22, r5
     2de:	50 0d       	add	r21, r0
     2e0:	74 9d       	mul	r23, r4
     2e2:	50 0d       	add	r21, r0
     2e4:	11 24       	eor	r1, r1
     2e6:	64 e0       	ldi	r22, 0x04	; 4
     2e8:	56 95       	lsr	r21
     2ea:	47 95       	ror	r20
     2ec:	6a 95       	dec	r22
     2ee:	e1 f7       	brne	.-8      	;  0x2e8
     2f0:	84 0f       	add	r24, r20
     2f2:	95 1f       	adc	r25, r21
     2f4:	b7 01       	movw	r22, r14
     2f6:	0e 94 04 09 	call	0x1208	;  0x1208
     2fa:	cb 01       	movw	r24, r22
     2fc:	a0 e0       	ldi	r26, 0x00	; 0
     2fe:	b0 e0       	ldi	r27, 0x00	; 0
     300:	e8 01       	movw	r28, r16
     302:	69 93       	st	Y+, r22
     304:	79 93       	st	Y+, r23
     306:	8e 01       	movw	r16, r28
     308:	2e 5f       	subi	r18, 0xFE	; 254
     30a:	3f 4f       	sbci	r19, 0xFF	; 255
     30c:	38 96       	adiw	r30, 0x08	; 8
     30e:	42 e0       	ldi	r20, 0x02	; 2
     310:	20 30       	cpi	r18, 0x00	; 0
     312:	34 07       	cpc	r19, r20
     314:	09 f0       	breq	.+2      	;  0x318
     316:	6c cf       	rjmp	.-296    	;  0x1f0
     318:	80 93 bd 03 	sts	0x03BD, r24
     31c:	90 93 be 03 	sts	0x03BE, r25
     320:	a0 93 bf 03 	sts	0x03BF, r26
     324:	b0 93 c0 03 	sts	0x03C0, r27
     328:	8f ef       	ldi	r24, 0xFF	; 255
     32a:	80 93 42 03 	sts	0x0342, r24
     32e:	25 c0       	rjmp	.+74     	;  0x37a
     330:	20 91 bc 03 	lds	r18, 0x03BC
     334:	20 33       	cpi	r18, 0x30	; 48
     336:	79 f4       	brne	.+30     	;  0x356
     338:	e0 91 46 03 	lds	r30, 0x0346
     33c:	f0 e0       	ldi	r31, 0x00	; 0
     33e:	23 e0       	ldi	r18, 0x03	; 3
     340:	ee 0f       	add	r30, r30
     342:	ff 1f       	adc	r31, r31
     344:	2a 95       	dec	r18
     346:	e1 f7       	brne	.-8      	;  0x340
     348:	e9 5b       	subi	r30, 0xB9	; 185
     34a:	fc 4f       	sbci	r31, 0xFC	; 252
     34c:	e9 0f       	add	r30, r25
     34e:	f1 1d       	adc	r31, r1
     350:	31 97       	sbiw	r30, 0x01	; 1
     352:	80 83       	st	Z, r24
     354:	12 c0       	rjmp	.+36     	;  0x37a
     356:	20 3c       	cpi	r18, 0xC0	; 192
     358:	81 f4       	brne	.+32     	;  0x37a
     35a:	e8 2f       	mov	r30, r24
     35c:	e2 95       	swap	r30
     35e:	e6 95       	lsr	r30
     360:	e7 70       	andi	r30, 0x07	; 7
     362:	f0 e0       	ldi	r31, 0x00	; 0
     364:	ee 0f       	add	r30, r30
     366:	ff 1f       	adc	r31, r31
     368:	e6 57       	subi	r30, 0x76	; 118
     36a:	fc 4f       	sbci	r31, 0xFC	; 252
     36c:	86 95       	lsr	r24
     36e:	86 95       	lsr	r24
     370:	90 e0       	ldi	r25, 0x00	; 0
     372:	87 70       	andi	r24, 0x07	; 7
     374:	90 70       	andi	r25, 0x00	; 0
     376:	91 83       	std	Z+1, r25	; 0x01
     378:	80 83       	st	Z, r24
     37a:	80 91 45 03 	lds	r24, 0x0345
     37e:	8f 5f       	subi	r24, 0xFF	; 255
     380:	80 93 45 03 	sts	0x0345, r24
     384:	80 91 70 00 	lds	r24, 0x0070
     388:	82 60       	ori	r24, 0x02	; 2
     38a:	80 93 70 00 	sts	0x0070, r24
     38e:	ff 91       	pop	r31
     390:	ef 91       	pop	r30
     392:	df 91       	pop	r29
     394:	cf 91       	pop	r28
     396:	bf 91       	pop	r27
     398:	af 91       	pop	r26
     39a:	9f 91       	pop	r25
     39c:	8f 91       	pop	r24
     39e:	7f 91       	pop	r23
     3a0:	6f 91       	pop	r22
     3a2:	5f 91       	pop	r21
     3a4:	4f 91       	pop	r20
     3a6:	3f 91       	pop	r19
     3a8:	2f 91       	pop	r18
     3aa:	1f 91       	pop	r17
     3ac:	0f 91       	pop	r16
     3ae:	ff 90       	pop	r15
     3b0:	ef 90       	pop	r14
     3b2:	df 90       	pop	r13
     3b4:	cf 90       	pop	r12
     3b6:	bf 90       	pop	r11
     3b8:	af 90       	pop	r10
     3ba:	9f 90       	pop	r9
     3bc:	8f 90       	pop	r8
     3be:	7f 90       	pop	r7
     3c0:	6f 90       	pop	r6
     3c2:	5f 90       	pop	r5
     3c4:	4f 90       	pop	r4
     3c6:	3f 90       	pop	r3
     3c8:	2f 90       	pop	r2
     3ca:	0f 90       	pop	r0
     3cc:	0f be       	out	0x3f, r0	; 63
     3ce:	0f 90       	pop	r0
     3d0:	1f 90       	pop	r1
     3d2:	18 95       	reti
     3d4:	10 92 80 00 	sts	0x0080, r1
     3d8:	e1 e8       	ldi	r30, 0x81	; 129
     3da:	f0 e0       	ldi	r31, 0x00	; 0
     3dc:	10 82       	st	Z, r1
     3de:	87 ed       	ldi	r24, 0xD7	; 215
     3e0:	92 e0       	ldi	r25, 0x02	; 2
     3e2:	90 93 89 00 	sts	0x0089, r25
     3e6:	80 93 88 00 	sts	0x0088, r24
     3ea:	80 81       	ld	r24, Z
     3ec:	88 60       	ori	r24, 0x08	; 8
     3ee:	80 83       	st	Z, r24
     3f0:	80 81       	ld	r24, Z
     3f2:	81 60       	ori	r24, 0x01	; 1
     3f4:	80 83       	st	Z, r24
     3f6:	ef e6       	ldi	r30, 0x6F	; 111
     3f8:	f0 e0       	ldi	r31, 0x00	; 0
     3fa:	80 81       	ld	r24, Z
     3fc:	82 60       	ori	r24, 0x02	; 2
     3fe:	80 83       	st	Z, r24
     400:	08 95       	ret
     402:	1f 92       	push	r1
     404:	0f 92       	push	r0
     406:	0f b6       	in	r0, 0x3f	; 63
     408:	0f 92       	push	r0
     40a:	11 24       	eor	r1, r1
     40c:	2f 93       	push	r18
     40e:	3f 93       	push	r19
     410:	4f 93       	push	r20
     412:	5f 93       	push	r21
     414:	6f 93       	push	r22
     416:	7f 93       	push	r23
     418:	8f 93       	push	r24
     41a:	9f 93       	push	r25
     41c:	af 93       	push	r26
     41e:	bf 93       	push	r27
     420:	ef 93       	push	r30
     422:	ff 93       	push	r31
     424:	81 e0       	ldi	r24, 0x01	; 1
     426:	80 93 96 03 	sts	0x0396, r24
     42a:	90 91 c9 05 	lds	r25, 0x05C9
     42e:	80 91 42 03 	lds	r24, 0x0342
     432:	93 ff       	sbrs	r25, 3
     434:	3b c0       	rjmp	.+118    	;  0x4ac
     436:	20 91 c5 05 	lds	r18, 0x05C5
     43a:	2f 5f       	subi	r18, 0xFF	; 255
     43c:	20 93 c5 05 	sts	0x05C5, r18
     440:	8f 3f       	cpi	r24, 0xFF	; 255
     442:	59 f5       	brne	.+86     	;  0x49a
     444:	97 7f       	andi	r25, 0xF7	; 247
     446:	90 93 c9 05 	sts	0x05C9, r25
     44a:	70 91 98 03 	lds	r23, 0x0398
     44e:	7f 5f       	subi	r23, 0xFF	; 255
     450:	80 e0       	ldi	r24, 0x00	; 0
     452:	90 e0       	ldi	r25, 0x00	; 0
     454:	60 e0       	ldi	r22, 0x00	; 0
     456:	21 e0       	ldi	r18, 0x01	; 1
     458:	30 e0       	ldi	r19, 0x00	; 0
     45a:	09 c0       	rjmp	.+18     	;  0x46e
     45c:	a9 01       	movw	r20, r18
     45e:	08 2e       	mov	r0, r24
     460:	02 c0       	rjmp	.+4      	;  0x466
     462:	44 0f       	add	r20, r20
     464:	55 1f       	adc	r21, r21
     466:	0a 94       	dec	r0
     468:	e2 f7       	brpl	.-8      	;  0x462
     46a:	64 2b       	or	r22, r20
     46c:	01 96       	adiw	r24, 0x01	; 1
     46e:	87 17       	cp	r24, r23
     470:	a8 f3       	brcs	.-22     	;  0x45c
     472:	85 e9       	ldi	r24, 0x95	; 149
     474:	93 e0       	ldi	r25, 0x03	; 3
     476:	0e 94 f6 07 	call	0xfec	;  0xfec
     47a:	83 ec       	ldi	r24, 0xC3	; 195
     47c:	95 e0       	ldi	r25, 0x05	; 5
     47e:	0e 94 41 08 	call	0x1082	;  0x1082
     482:	10 92 42 03 	sts	0x0342, r1
     486:	87 e4       	ldi	r24, 0x47	; 71
     488:	93 e0       	ldi	r25, 0x03	; 3
     48a:	60 e0       	ldi	r22, 0x00	; 0
     48c:	70 e0       	ldi	r23, 0x00	; 0
     48e:	40 e4       	ldi	r20, 0x40	; 64
     490:	50 e0       	ldi	r21, 0x00	; 0
     492:	0e 94 43 09 	call	0x1286	;  0x1286
     496:	0e 94 ea 01 	call	0x3d4	;  0x3d4
     49a:	80 91 42 03 	lds	r24, 0x0342
     49e:	88 23       	and	r24, r24
     4a0:	09 f4       	brne	.+2      	;  0x4a4
     4a2:	76 c0       	rjmp	.+236    	;  0x590
     4a4:	8f 5f       	subi	r24, 0xFF	; 255
     4a6:	80 93 42 03 	sts	0x0342, r24
     4aa:	72 c0       	rjmp	.+228    	;  0x590
     4ac:	8f 3f       	cpi	r24, 0xFF	; 255
     4ae:	a9 f4       	brne	.+42     	;  0x4da
     4b0:	98 60       	ori	r25, 0x08	; 8
     4b2:	90 93 c9 05 	sts	0x05C9, r25
     4b6:	85 e9       	ldi	r24, 0x95	; 149
     4b8:	93 e0       	ldi	r25, 0x03	; 3
     4ba:	6f ef       	ldi	r22, 0xFF	; 255
     4bc:	0e 94 f6 07 	call	0xfec	;  0xfec
     4c0:	10 92 b2 00 	sts	0x00B2, r1
     4c4:	10 92 81 00 	sts	0x0081, r1
     4c8:	83 ec       	ldi	r24, 0xC3	; 195
     4ca:	95 e0       	ldi	r25, 0x05	; 5
     4cc:	0e 94 72 08 	call	0x10e4	;  0x10e4
     4d0:	10 92 42 03 	sts	0x0342, r1
     4d4:	10 92 45 03 	sts	0x0345, r1
     4d8:	05 c0       	rjmp	.+10     	;  0x4e4
     4da:	88 23       	and	r24, r24
     4dc:	19 f0       	breq	.+6      	;  0x4e4
     4de:	8f 5f       	subi	r24, 0xFF	; 255
     4e0:	80 93 42 03 	sts	0x0342, r24
     4e4:	80 91 44 03 	lds	r24, 0x0344
     4e8:	8f 3f       	cpi	r24, 0xFF	; 255
     4ea:	59 f4       	brne	.+22     	;  0x502
     4ec:	85 e9       	ldi	r24, 0x95	; 149
     4ee:	93 e0       	ldi	r25, 0x03	; 3
     4f0:	6f e0       	ldi	r22, 0x0F	; 15
     4f2:	0e 94 f6 07 	call	0xfec	;  0xfec
     4f6:	10 92 44 03 	sts	0x0344, r1
     4fa:	82 e0       	ldi	r24, 0x02	; 2
     4fc:	80 93 01 01 	sts	0x0101, r24
     500:	05 c0       	rjmp	.+10     	;  0x50c
     502:	88 23       	and	r24, r24
     504:	19 f0       	breq	.+6      	;  0x50c
     506:	8f 5f       	subi	r24, 0xFF	; 255
     508:	80 93 44 03 	sts	0x0344, r24
     50c:	80 91 43 03 	lds	r24, 0x0343
     510:	8f 3f       	cpi	r24, 0xFF	; 255
     512:	59 f4       	brne	.+22     	;  0x52a
     514:	85 e9       	ldi	r24, 0x95	; 149
     516:	93 e0       	ldi	r25, 0x03	; 3
     518:	60 ef       	ldi	r22, 0xF0	; 240
     51a:	0e 94 f6 07 	call	0xfec	;  0xfec
     51e:	10 92 43 03 	sts	0x0343, r1
     522:	81 e0       	ldi	r24, 0x01	; 1
     524:	80 93 01 01 	sts	0x0101, r24
     528:	05 c0       	rjmp	.+10     	;  0x534
     52a:	88 23       	and	r24, r24
     52c:	19 f0       	breq	.+6      	;  0x534
     52e:	8f 5f       	subi	r24, 0xFF	; 255
     530:	80 93 43 03 	sts	0x0343, r24
     534:	80 91 01 01 	lds	r24, 0x0101
     538:	82 30       	cpi	r24, 0x02	; 2
     53a:	51 f5       	brne	.+84     	;  0x590
     53c:	20 91 88 03 	lds	r18, 0x0388
     540:	2f 5f       	subi	r18, 0xFF	; 255
     542:	20 93 88 03 	sts	0x0388, r18
     546:	80 91 00 01 	lds	r24, 0x0100
     54a:	28 17       	cp	r18, r24
     54c:	40 f0       	brcs	.+16     	;  0x55e
     54e:	90 91 87 03 	lds	r25, 0x0387
     552:	90 fd       	sbrc	r25, 0
     554:	04 c0       	rjmp	.+8      	;  0x55e
     556:	9f 5f       	subi	r25, 0xFF	; 255
     558:	90 93 87 03 	sts	0x0387, r25
     55c:	0b c0       	rjmp	.+22     	;  0x574
     55e:	30 e0       	ldi	r19, 0x00	; 0
     560:	90 e0       	ldi	r25, 0x00	; 0
     562:	05 97       	sbiw	r24, 0x05	; 5
     564:	28 17       	cp	r18, r24
     566:	39 07       	cpc	r19, r25
     568:	54 f0       	brlt	.+20     	;  0x57e
     56a:	80 91 87 03 	lds	r24, 0x0387
     56e:	8f 5f       	subi	r24, 0xFF	; 255
     570:	80 93 87 03 	sts	0x0387, r24
     574:	10 92 88 03 	sts	0x0388, r1
     578:	81 e0       	ldi	r24, 0x01	; 1
     57a:	80 93 89 03 	sts	0x0389, r24
     57e:	80 91 87 03 	lds	r24, 0x0387
     582:	88 30       	cpi	r24, 0x08	; 8
     584:	28 f0       	brcs	.+10     	;  0x590
     586:	81 e0       	ldi	r24, 0x01	; 1
     588:	80 93 89 03 	sts	0x0389, r24
     58c:	10 92 87 03 	sts	0x0387, r1
     590:	80 91 97 03 	lds	r24, 0x0397
     594:	8e 31       	cpi	r24, 0x1E	; 30
     596:	19 f4       	brne	.+6      	;  0x59e
     598:	10 92 97 03 	sts	0x0397, r1
     59c:	05 c0       	rjmp	.+10     	;  0x5a8
     59e:	88 23       	and	r24, r24
     5a0:	19 f0       	breq	.+6      	;  0x5a8
     5a2:	8f 5f       	subi	r24, 0xFF	; 255
     5a4:	80 93 97 03 	sts	0x0397, r24
     5a8:	80 91 94 03 	lds	r24, 0x0394
     5ac:	91 e0       	ldi	r25, 0x01	; 1
     5ae:	89 27       	eor	r24, r25
     5b0:	82 60       	ori	r24, 0x02	; 2
     5b2:	80 93 94 03 	sts	0x0394, r24
     5b6:	ff 91       	pop	r31
     5b8:	ef 91       	pop	r30
     5ba:	bf 91       	pop	r27
     5bc:	af 91       	pop	r26
     5be:	9f 91       	pop	r25
     5c0:	8f 91       	pop	r24
     5c2:	7f 91       	pop	r23
     5c4:	6f 91       	pop	r22
     5c6:	5f 91       	pop	r21
     5c8:	4f 91       	pop	r20
     5ca:	3f 91       	pop	r19
     5cc:	2f 91       	pop	r18
     5ce:	0f 90       	pop	r0
     5d0:	0f be       	out	0x3f, r0	; 63
     5d2:	0f 90       	pop	r0
     5d4:	1f 90       	pop	r1
     5d6:	18 95       	reti
     5d8:	2f 92       	push	r2
     5da:	3f 92       	push	r3
     5dc:	4f 92       	push	r4
     5de:	5f 92       	push	r5
     5e0:	6f 92       	push	r6
     5e2:	7f 92       	push	r7
     5e4:	8f 92       	push	r8
     5e6:	9f 92       	push	r9
     5e8:	af 92       	push	r10
     5ea:	bf 92       	push	r11
     5ec:	cf 92       	push	r12
     5ee:	df 92       	push	r13
     5f0:	ef 92       	push	r14
     5f2:	ff 92       	push	r15
     5f4:	0f 93       	push	r16
     5f6:	1f 93       	push	r17
     5f8:	df 93       	push	r29
     5fa:	cf 93       	push	r28
     5fc:	cd b7       	in	r28, 0x3d	; 61
     5fe:	de b7       	in	r29, 0x3e	; 62
     600:	27 97       	sbiw	r28, 0x07	; 7
     602:	0f b6       	in	r0, 0x3f	; 63
     604:	f8 94       	cli
     606:	de bf       	out	0x3e, r29	; 62
     608:	0f be       	out	0x3f, r0	; 63
     60a:	cd bf       	out	0x3d, r28	; 61
     60c:	f8 94       	cli
     60e:	e2 e4       	ldi	r30, 0x42	; 66
     610:	f1 e0       	ldi	r31, 0x01	; 1
     612:	a2 ec       	ldi	r26, 0xC2	; 194
     614:	b3 e0       	ldi	r27, 0x03	; 3
     616:	81 91       	ld	r24, Z+
     618:	91 91       	ld	r25, Z+
     61a:	8d 93       	st	X+, r24
     61c:	9d 93       	st	X+, r25
     61e:	43 e0       	ldi	r20, 0x03	; 3
     620:	e2 34       	cpi	r30, 0x42	; 66
     622:	f4 07       	cpc	r31, r20
     624:	c1 f7       	brne	.-16     	;  0x616
     626:	80 e4       	ldi	r24, 0x40	; 64
     628:	90 e0       	ldi	r25, 0x00	; 0
     62a:	0e 94 3b 09 	call	0x1276	;  0x1276
     62e:	80 93 40 00 	sts	0x0040, r24
     632:	8f 3f       	cpi	r24, 0xFF	; 255
     634:	71 f4       	brne	.+28     	;  0x652
     636:	80 e4       	ldi	r24, 0x40	; 64
     638:	90 e0       	ldi	r25, 0x00	; 0
     63a:	63 e3       	ldi	r22, 0x33	; 51
     63c:	0e 94 4d 09 	call	0x129a	;  0x129a
     640:	87 e4       	ldi	r24, 0x47	; 71
     642:	93 e0       	ldi	r25, 0x03	; 3
     644:	60 e0       	ldi	r22, 0x00	; 0
     646:	70 e0       	ldi	r23, 0x00	; 0
     648:	40 e4       	ldi	r20, 0x40	; 64
     64a:	50 e0       	ldi	r21, 0x00	; 0
     64c:	0e 94 43 09 	call	0x1286	;  0x1286
     650:	08 c0       	rjmp	.+16     	;  0x662
     652:	87 e4       	ldi	r24, 0x47	; 71
     654:	93 e0       	ldi	r25, 0x03	; 3
     656:	60 e0       	ldi	r22, 0x00	; 0
     658:	70 e0       	ldi	r23, 0x00	; 0
     65a:	40 e4       	ldi	r20, 0x40	; 64
     65c:	50 e0       	ldi	r21, 0x00	; 0
     65e:	0e 94 2b 09 	call	0x1256	;  0x1256
     662:	0e 94 53 00 	call	0xa6	;  0xa6
     666:	0e 94 c8 07 	call	0xf90	;  0xf90
     66a:	80 e0       	ldi	r24, 0x00	; 0
     66c:	60 e0       	ldi	r22, 0x00	; 0
     66e:	40 e0       	ldi	r20, 0x00	; 0
     670:	24 e0       	ldi	r18, 0x04	; 4
     672:	0e 94 7c 07 	call	0xef8	;  0xef8
     676:	22 9a       	sbi	0x04, 2	; 4
     678:	0e 94 ea 01 	call	0x3d4	;  0x3d4
     67c:	0e 94 ee 07 	call	0xfdc	;  0xfdc
     680:	80 93 95 03 	sts	0x0395, r24
     684:	70 91 98 03 	lds	r23, 0x0398
     688:	7f 5f       	subi	r23, 0xFF	; 255
     68a:	80 e0       	ldi	r24, 0x00	; 0
     68c:	90 e0       	ldi	r25, 0x00	; 0
     68e:	60 e0       	ldi	r22, 0x00	; 0
     690:	21 e0       	ldi	r18, 0x01	; 1
     692:	30 e0       	ldi	r19, 0x00	; 0
     694:	09 c0       	rjmp	.+18     	;  0x6a8
     696:	a9 01       	movw	r20, r18
     698:	08 2e       	mov	r0, r24
     69a:	02 c0       	rjmp	.+4      	;  0x6a0
     69c:	44 0f       	add	r20, r20
     69e:	55 1f       	adc	r21, r21
     6a0:	0a 94       	dec	r0
     6a2:	e2 f7       	brpl	.-8      	;  0x69c
     6a4:	64 2b       	or	r22, r20
     6a6:	01 96       	adiw	r24, 0x01	; 1
     6a8:	87 17       	cp	r24, r23
     6aa:	a8 f3       	brcs	.-22     	;  0x696
     6ac:	85 e9       	ldi	r24, 0x95	; 149
     6ae:	93 e0       	ldi	r25, 0x03	; 3
     6b0:	0e 94 f6 07 	call	0xfec	;  0xfec
     6b4:	0e 94 47 08 	call	0x108e	;  0x108e
     6b8:	29 83       	std	Y+1, r18	; 0x01
     6ba:	3a 83       	std	Y+2, r19	; 0x02
     6bc:	4b 83       	std	Y+3, r20	; 0x03
     6be:	5c 83       	std	Y+4, r21	; 0x04
     6c0:	6d 83       	std	Y+5, r22	; 0x05
     6c2:	7e 83       	std	Y+6, r23	; 0x06
     6c4:	8f 83       	std	Y+7, r24	; 0x07
     6c6:	a3 ec       	ldi	r26, 0xC3	; 195
     6c8:	b5 e0       	ldi	r27, 0x05	; 5
     6ca:	fe 01       	movw	r30, r28
     6cc:	31 96       	adiw	r30, 0x01	; 1
     6ce:	87 e0       	ldi	r24, 0x07	; 7
     6d0:	01 90       	ld	r0, Z+
     6d2:	0d 92       	st	X+, r0
     6d4:	81 50       	subi	r24, 0x01	; 1
     6d6:	e1 f7       	brne	.-8      	;  0x6d0
     6d8:	83 ec       	ldi	r24, 0xC3	; 195
     6da:	95 e0       	ldi	r25, 0x05	; 5
     6dc:	0e 94 41 08 	call	0x1082	;  0x1082
     6e0:	78 94       	sei
     6e2:	ee 24       	eor	r14, r14
     6e4:	aa 24       	eor	r10, r10
     6e6:	ff 24       	eor	r15, r15
     6e8:	f3 94       	inc	r15
     6ea:	01 e0       	ldi	r16, 0x01	; 1
     6ec:	10 e0       	ldi	r17, 0x00	; 0
     6ee:	64 e0       	ldi	r22, 0x04	; 4
     6f0:	c6 2e       	mov	r12, r22
     6f2:	56 e1       	ldi	r21, 0x16	; 22
     6f4:	65 2e       	mov	r6, r21
     6f6:	56 e0       	ldi	r21, 0x06	; 6
     6f8:	75 2e       	mov	r7, r21
     6fa:	4f eb       	ldi	r20, 0xBF	; 191
     6fc:	44 2e       	mov	r4, r20
     6fe:	45 e0       	ldi	r20, 0x05	; 5
     700:	54 2e       	mov	r5, r20
     702:	3e e1       	ldi	r19, 0x1E	; 30
     704:	23 2e       	mov	r2, r19
     706:	35 e0       	ldi	r19, 0x05	; 5
     708:	33 2e       	mov	r3, r19
     70a:	23 e0       	ldi	r18, 0x03	; 3
     70c:	b2 2e       	mov	r11, r18
     70e:	de 2c       	mov	r13, r14
     710:	01 c0       	rjmp	.+2      	;  0x714
     712:	ae 2c       	mov	r10, r14
     714:	85 e9       	ldi	r24, 0x95	; 149
     716:	93 e0       	ldi	r25, 0x03	; 3
     718:	64 e9       	ldi	r22, 0x94	; 148
     71a:	73 e0       	ldi	r23, 0x03	; 3
     71c:	0e 94 f9 07 	call	0xff2	;  0xff2
     720:	0e 94 e4 07 	call	0xfc8	;  0xfc8
     724:	e8 2e       	mov	r14, r24
     726:	80 91 c9 05 	lds	r24, 0x05C9
     72a:	83 ff       	sbrs	r24, 3
     72c:	15 c0       	rjmp	.+42     	;  0x758
     72e:	80 91 97 03 	lds	r24, 0x0397
     732:	88 23       	and	r24, r24
     734:	71 f7       	brne	.-36     	;  0x712
     736:	ee 20       	and	r14, r14
     738:	41 f4       	brne	.+16     	;  0x74a
     73a:	aa 20       	and	r10, r10
     73c:	59 f3       	breq	.-42     	;  0x714
     73e:	f0 92 42 03 	sts	0x0342, r15
     742:	f0 92 97 03 	sts	0x0397, r15
     746:	aa 24       	eor	r10, r10
     748:	e5 cf       	rjmp	.-54     	;  0x714
     74a:	aa 20       	and	r10, r10
     74c:	11 f7       	brne	.-60     	;  0x712
     74e:	f0 92 97 03 	sts	0x0397, r15
     752:	10 92 42 03 	sts	0x0342, r1
     756:	dd cf       	rjmp	.-70     	;  0x712
     758:	ee 20       	and	r14, r14
     75a:	49 f4       	brne	.+18     	;  0x76e
     75c:	80 91 42 03 	lds	r24, 0x0342
     760:	88 23       	and	r24, r24
     762:	f1 f4       	brne	.+60     	;  0x7a0
     764:	f0 92 42 03 	sts	0x0342, r15
     768:	10 92 44 03 	sts	0x0344, r1
     76c:	17 c0       	rjmp	.+46     	;  0x79c
     76e:	10 92 42 03 	sts	0x0342, r1
     772:	8e 2d       	mov	r24, r14
     774:	e1 fc       	sbrc	r14, 1
     776:	07 c0       	rjmp	.+14     	;  0x786
     778:	90 91 44 03 	lds	r25, 0x0344
     77c:	99 23       	and	r25, r25
     77e:	29 f4       	brne	.+10     	;  0x78a
     780:	f0 92 44 03 	sts	0x0344, r15
     784:	02 c0       	rjmp	.+4      	;  0x78a
     786:	10 92 44 03 	sts	0x0344, r1
     78a:	80 fd       	sbrc	r24, 0
     78c:	07 c0       	rjmp	.+14     	;  0x79c
     78e:	80 91 43 03 	lds	r24, 0x0343
     792:	88 23       	and	r24, r24
     794:	29 f4       	brne	.+10     	;  0x7a0
     796:	f0 92 43 03 	sts	0x0343, r15
     79a:	02 c0       	rjmp	.+4      	;  0x7a0
     79c:	10 92 43 03 	sts	0x0343, r1
     7a0:	80 91 01 01 	lds	r24, 0x0101
     7a4:	81 30       	cpi	r24, 0x01	; 1
     7a6:	09 f0       	breq	.+2      	;  0x7aa
     7a8:	af c0       	rjmp	.+350    	;  0x908
     7aa:	80 91 97 03 	lds	r24, 0x0397
     7ae:	88 23       	and	r24, r24
     7b0:	09 f0       	breq	.+2      	;  0x7b4
     7b2:	4f c0       	rjmp	.+158    	;  0x852
     7b4:	9e 2c       	mov	r9, r14
     7b6:	e0 fc       	sbrc	r14, 0
     7b8:	25 c0       	rjmp	.+74     	;  0x804
     7ba:	a0 fe       	sbrs	r10, 0
     7bc:	23 c0       	rjmp	.+70     	;  0x804
     7be:	80 91 98 03 	lds	r24, 0x0398
     7c2:	83 30       	cpi	r24, 0x03	; 3
     7c4:	20 f4       	brcc	.+8      	;  0x7ce
     7c6:	8f 5f       	subi	r24, 0xFF	; 255
     7c8:	80 93 98 03 	sts	0x0398, r24
     7cc:	02 c0       	rjmp	.+4      	;  0x7d2
     7ce:	10 92 98 03 	sts	0x0398, r1
     7d2:	f0 92 97 03 	sts	0x0397, r15
     7d6:	40 91 98 03 	lds	r20, 0x0398
     7da:	4f 5f       	subi	r20, 0xFF	; 255
     7dc:	20 e0       	ldi	r18, 0x00	; 0
     7de:	30 e0       	ldi	r19, 0x00	; 0
     7e0:	60 e0       	ldi	r22, 0x00	; 0
     7e2:	0a c0       	rjmp	.+20     	;  0x7f8
     7e4:	c8 01       	movw	r24, r16
     7e6:	02 2e       	mov	r0, r18
     7e8:	02 c0       	rjmp	.+4      	;  0x7ee
     7ea:	88 0f       	add	r24, r24
     7ec:	99 1f       	adc	r25, r25
     7ee:	0a 94       	dec	r0
     7f0:	e2 f7       	brpl	.-8      	;  0x7ea
     7f2:	68 2b       	or	r22, r24
     7f4:	2f 5f       	subi	r18, 0xFF	; 255
     7f6:	3f 4f       	sbci	r19, 0xFF	; 255
     7f8:	24 17       	cp	r18, r20
     7fa:	a0 f3       	brcs	.-24     	;  0x7e4
     7fc:	85 e9       	ldi	r24, 0x95	; 149
     7fe:	93 e0       	ldi	r25, 0x03	; 3
     800:	0e 94 f6 07 	call	0xfec	;  0xfec
     804:	91 fc       	sbrc	r9, 1
     806:	25 c0       	rjmp	.+74     	;  0x852
     808:	a1 fe       	sbrs	r10, 1
     80a:	23 c0       	rjmp	.+70     	;  0x852
     80c:	80 91 98 03 	lds	r24, 0x0398
     810:	88 23       	and	r24, r24
     812:	21 f0       	breq	.+8      	;  0x81c
     814:	81 50       	subi	r24, 0x01	; 1
     816:	80 93 98 03 	sts	0x0398, r24
     81a:	02 c0       	rjmp	.+4      	;  0x820
     81c:	b0 92 98 03 	sts	0x0398, r11
     820:	40 91 98 03 	lds	r20, 0x0398
     824:	4f 5f       	subi	r20, 0xFF	; 255
     826:	20 e0       	ldi	r18, 0x00	; 0
     828:	30 e0       	ldi	r19, 0x00	; 0
     82a:	60 e0       	ldi	r22, 0x00	; 0
     82c:	0a c0       	rjmp	.+20     	;  0x842
     82e:	c8 01       	movw	r24, r16
     830:	02 2e       	mov	r0, r18
     832:	02 c0       	rjmp	.+4      	;  0x838
     834:	88 0f       	add	r24, r24
     836:	99 1f       	adc	r25, r25
     838:	0a 94       	dec	r0
     83a:	e2 f7       	brpl	.-8      	;  0x834
     83c:	68 2b       	or	r22, r24
     83e:	2f 5f       	subi	r18, 0xFF	; 255
     840:	3f 4f       	sbci	r19, 0xFF	; 255
     842:	24 17       	cp	r18, r20
     844:	a0 f3       	brcs	.-24     	;  0x82e
     846:	85 e9       	ldi	r24, 0x95	; 149
     848:	93 e0       	ldi	r25, 0x03	; 3
     84a:	0e 94 f6 07 	call	0xfec	;  0xfec
     84e:	f0 92 97 03 	sts	0x0397, r15
     852:	80 91 96 03 	lds	r24, 0x0396
     856:	88 23       	and	r24, r24
     858:	09 f4       	brne	.+2      	;  0x85c
     85a:	5b cf       	rjmp	.-330    	;  0x712
     85c:	10 92 96 03 	sts	0x0396, r1
     860:	0e 94 db 07 	call	0xfb6	;  0xfb6
     864:	7f b7       	in	r23, 0x3f	; 63
     866:	f8 94       	cli
     868:	10 92 9a 03 	sts	0x039A, r1
     86c:	10 92 99 03 	sts	0x0399, r1
     870:	10 92 9c 03 	sts	0x039C, r1
     874:	10 92 9b 03 	sts	0x039B, r1
     878:	10 92 9e 03 	sts	0x039E, r1
     87c:	10 92 9d 03 	sts	0x039D, r1
     880:	10 92 a0 03 	sts	0x03A0, r1
     884:	10 92 9f 03 	sts	0x039F, r1
     888:	10 92 a2 03 	sts	0x03A2, r1
     88c:	10 92 a1 03 	sts	0x03A1, r1
     890:	10 92 a4 03 	sts	0x03A4, r1
     894:	10 92 a3 03 	sts	0x03A3, r1
     898:	10 92 a6 03 	sts	0x03A6, r1
     89c:	10 92 a5 03 	sts	0x03A5, r1
     8a0:	10 92 a8 03 	sts	0x03A8, r1
     8a4:	10 92 a7 03 	sts	0x03A7, r1
     8a8:	e0 91 98 03 	lds	r30, 0x0398
     8ac:	f0 e0       	ldi	r31, 0x00	; 0
     8ae:	94 e0       	ldi	r25, 0x04	; 4
     8b0:	ee 0f       	add	r30, r30
     8b2:	ff 1f       	adc	r31, r31
     8b4:	9a 95       	dec	r25
     8b6:	e1 f7       	brne	.-8      	;  0x8b0
     8b8:	ee 5f       	subi	r30, 0xFE	; 254
     8ba:	fe 4f       	sbci	r31, 0xFE	; 254
     8bc:	20 e0       	ldi	r18, 0x00	; 0
     8be:	30 e0       	ldi	r19, 0x00	; 0
     8c0:	60 e0       	ldi	r22, 0x00	; 0
     8c2:	48 2f       	mov	r20, r24
     8c4:	50 e0       	ldi	r21, 0x00	; 0
     8c6:	ca 01       	movw	r24, r20
     8c8:	02 2e       	mov	r0, r18
     8ca:	02 c0       	rjmp	.+4      	;  0x8d0
     8cc:	95 95       	asr	r25
     8ce:	87 95       	ror	r24
     8d0:	0a 94       	dec	r0
     8d2:	e2 f7       	brpl	.-8      	;  0x8cc
     8d4:	80 fd       	sbrc	r24, 0
     8d6:	0e c0       	rjmp	.+28     	;  0x8f4
     8d8:	64 30       	cpi	r22, 0x04	; 4
     8da:	60 f4       	brcc	.+24     	;  0x8f4
     8dc:	a6 2f       	mov	r26, r22
     8de:	b0 e0       	ldi	r27, 0x00	; 0
     8e0:	aa 0f       	add	r26, r26
     8e2:	bb 1f       	adc	r27, r27
     8e4:	a7 56       	subi	r26, 0x67	; 103
     8e6:	bc 4f       	sbci	r27, 0xFC	; 252
     8e8:	80 81       	ld	r24, Z
     8ea:	91 81       	ldd	r25, Z+1	; 0x01
     8ec:	11 96       	adiw	r26, 0x01	; 1
     8ee:	9c 93       	st	X, r25
     8f0:	8e 93       	st	-X, r24
     8f2:	6f 5f       	subi	r22, 0xFF	; 255
     8f4:	2f 5f       	subi	r18, 0xFF	; 255
     8f6:	3f 4f       	sbci	r19, 0xFF	; 255
     8f8:	32 96       	adiw	r30, 0x02	; 2
     8fa:	28 30       	cpi	r18, 0x08	; 8
     8fc:	31 05       	cpc	r19, r1
     8fe:	19 f7       	brne	.-58     	;  0x8c6
     900:	60 93 a9 03 	sts	0x03A9, r22
     904:	7f bf       	out	0x3f, r23	; 63
     906:	05 cf       	rjmp	.-502    	;  0x712
     908:	82 30       	cpi	r24, 0x02	; 2
     90a:	09 f0       	breq	.+2      	;  0x90e
     90c:	02 cf       	rjmp	.-508    	;  0x712
     90e:	40 91 46 03 	lds	r20, 0x0346
     912:	4f 5f       	subi	r20, 0xFF	; 255
     914:	20 e0       	ldi	r18, 0x00	; 0
     916:	30 e0       	ldi	r19, 0x00	; 0
     918:	60 e0       	ldi	r22, 0x00	; 0
     91a:	0a c0       	rjmp	.+20     	;  0x930
     91c:	c8 01       	movw	r24, r16
     91e:	02 2e       	mov	r0, r18
     920:	02 c0       	rjmp	.+4      	;  0x926
     922:	88 0f       	add	r24, r24
     924:	99 1f       	adc	r25, r25
     926:	0a 94       	dec	r0
     928:	e2 f7       	brpl	.-8      	;  0x922
     92a:	68 2b       	or	r22, r24
     92c:	2f 5f       	subi	r18, 0xFF	; 255
     92e:	3f 4f       	sbci	r19, 0xFF	; 255
     930:	24 17       	cp	r18, r20
     932:	a0 f3       	brcs	.-24     	;  0x91c
     934:	85 e9       	ldi	r24, 0x95	; 149
     936:	93 e0       	ldi	r25, 0x03	; 3
     938:	0e 94 f6 07 	call	0xfec	;  0xfec
     93c:	0e 94 db 07 	call	0xfb6	;  0xfb6
     940:	98 2e       	mov	r9, r24
     942:	80 91 97 03 	lds	r24, 0x0397
     946:	88 23       	and	r24, r24
     948:	09 f0       	breq	.+2      	;  0x94c
     94a:	7d c0       	rjmp	.+250    	;  0xa46
     94c:	8e 2c       	mov	r8, r14
     94e:	e1 fc       	sbrc	r14, 1
     950:	26 c0       	rjmp	.+76     	;  0x99e
     952:	a1 fe       	sbrs	r10, 1
     954:	24 c0       	rjmp	.+72     	;  0x99e
     956:	80 91 00 01 	lds	r24, 0x0100
     95a:	8f 3c       	cpi	r24, 0xCF	; 207
     95c:	20 f4       	brcc	.+8      	;  0x966
     95e:	80 5f       	subi	r24, 0xF0	; 240
     960:	80 93 00 01 	sts	0x0100, r24
     964:	03 c0       	rjmp	.+6      	;  0x96c
     966:	5f ec       	ldi	r21, 0xCF	; 207
     968:	50 93 00 01 	sts	0x0100, r21
     96c:	f0 92 97 03 	sts	0x0397, r15
     970:	40 91 98 03 	lds	r20, 0x0398
     974:	4f 5f       	subi	r20, 0xFF	; 255
     976:	20 e0       	ldi	r18, 0x00	; 0
     978:	30 e0       	ldi	r19, 0x00	; 0
     97a:	60 e0       	ldi	r22, 0x00	; 0
     97c:	0a c0       	rjmp	.+20     	;  0x992
     97e:	c8 01       	movw	r24, r16
     980:	02 2e       	mov	r0, r18
     982:	02 c0       	rjmp	.+4      	;  0x988
     984:	88 0f       	add	r24, r24
     986:	99 1f       	adc	r25, r25
     988:	0a 94       	dec	r0
     98a:	e2 f7       	brpl	.-8      	;  0x984
     98c:	68 2b       	or	r22, r24
     98e:	2f 5f       	subi	r18, 0xFF	; 255
     990:	3f 4f       	sbci	r19, 0xFF	; 255
     992:	24 17       	cp	r18, r20
     994:	a0 f3       	brcs	.-24     	;  0x97e
     996:	85 e9       	ldi	r24, 0x95	; 149
     998:	93 e0       	ldi	r25, 0x03	; 3
     99a:	0e 94 f6 07 	call	0xfec	;  0xfec
     99e:	80 fc       	sbrc	r8, 0
     9a0:	0d c0       	rjmp	.+26     	;  0x9bc
     9a2:	a0 fe       	sbrs	r10, 0
     9a4:	0b c0       	rjmp	.+22     	;  0x9bc
     9a6:	80 91 00 01 	lds	r24, 0x0100
     9aa:	80 33       	cpi	r24, 0x30	; 48
     9ac:	10 f0       	brcs	.+4      	;  0x9b2
     9ae:	80 51       	subi	r24, 0x10	; 16
     9b0:	01 c0       	rjmp	.+2      	;  0x9b4
     9b2:	8f e2       	ldi	r24, 0x2F	; 47
     9b4:	80 93 00 01 	sts	0x0100, r24
     9b8:	f0 92 97 03 	sts	0x0397, r15
     9bc:	89 2d       	mov	r24, r9
     9be:	90 fc       	sbrc	r9, 0
     9c0:	06 c0       	rjmp	.+12     	;  0x9ce
     9c2:	d0 fe       	sbrs	r13, 0
     9c4:	04 c0       	rjmp	.+8      	;  0x9ce
     9c6:	10 92 46 03 	sts	0x0346, r1
     9ca:	f0 92 97 03 	sts	0x0397, r15
     9ce:	81 fd       	sbrc	r24, 1
     9d0:	06 c0       	rjmp	.+12     	;  0x9de
     9d2:	d1 fe       	sbrs	r13, 1
     9d4:	04 c0       	rjmp	.+8      	;  0x9de
     9d6:	f0 92 46 03 	sts	0x0346, r15
     9da:	f0 92 97 03 	sts	0x0397, r15
     9de:	82 fd       	sbrc	r24, 2
     9e0:	07 c0       	rjmp	.+14     	;  0x9f0
     9e2:	d2 fe       	sbrs	r13, 2
     9e4:	05 c0       	rjmp	.+10     	;  0x9f0
     9e6:	92 e0       	ldi	r25, 0x02	; 2
     9e8:	90 93 46 03 	sts	0x0346, r25
     9ec:	f0 92 97 03 	sts	0x0397, r15
     9f0:	83 fd       	sbrc	r24, 3
     9f2:	06 c0       	rjmp	.+12     	;  0xa00
     9f4:	d3 fe       	sbrs	r13, 3
     9f6:	04 c0       	rjmp	.+8      	;  0xa00
     9f8:	b0 92 46 03 	sts	0x0346, r11
     9fc:	f0 92 97 03 	sts	0x0397, r15
     a00:	84 fd       	sbrc	r24, 4
     a02:	06 c0       	rjmp	.+12     	;  0xa10
     a04:	d4 fe       	sbrs	r13, 4
     a06:	04 c0       	rjmp	.+8      	;  0xa10
     a08:	c0 92 46 03 	sts	0x0346, r12
     a0c:	f0 92 97 03 	sts	0x0397, r15
     a10:	85 fd       	sbrc	r24, 5
     a12:	07 c0       	rjmp	.+14     	;  0xa22
     a14:	d5 fe       	sbrs	r13, 5
     a16:	05 c0       	rjmp	.+10     	;  0xa22
     a18:	45 e0       	ldi	r20, 0x05	; 5
     a1a:	40 93 46 03 	sts	0x0346, r20
     a1e:	f0 92 97 03 	sts	0x0397, r15
     a22:	86 fd       	sbrc	r24, 6
     a24:	07 c0       	rjmp	.+14     	;  0xa34
     a26:	d6 fe       	sbrs	r13, 6
     a28:	05 c0       	rjmp	.+10     	;  0xa34
     a2a:	56 e0       	ldi	r21, 0x06	; 6
     a2c:	50 93 46 03 	sts	0x0346, r21
     a30:	f0 92 97 03 	sts	0x0397, r15
     a34:	97 fc       	sbrc	r9, 7
     a36:	07 c0       	rjmp	.+14     	;  0xa46
     a38:	d7 fe       	sbrs	r13, 7
     a3a:	05 c0       	rjmp	.+10     	;  0xa46
     a3c:	87 e0       	ldi	r24, 0x07	; 7
     a3e:	80 93 46 03 	sts	0x0346, r24
     a42:	f0 92 97 03 	sts	0x0397, r15
     a46:	c0 92 a9 03 	sts	0x03A9, r12
     a4a:	2f b7       	in	r18, 0x3f	; 63
     a4c:	f8 94       	cli
     a4e:	10 92 89 03 	sts	0x0389, r1
     a52:	80 91 87 03 	lds	r24, 0x0387
     a56:	e0 91 46 03 	lds	r30, 0x0346
     a5a:	f0 e0       	ldi	r31, 0x00	; 0
     a5c:	63 e0       	ldi	r22, 0x03	; 3
     a5e:	ee 0f       	add	r30, r30
     a60:	ff 1f       	adc	r31, r31
     a62:	6a 95       	dec	r22
     a64:	e1 f7       	brne	.-8      	;  0xa5e
     a66:	e8 0f       	add	r30, r24
     a68:	f1 1d       	adc	r31, r1
     a6a:	e9 5b       	subi	r30, 0xB9	; 185
     a6c:	fc 4f       	sbci	r31, 0xFC	; 252
     a6e:	90 81       	ld	r25, Z
     a70:	89 2f       	mov	r24, r25
     a72:	90 ff       	sbrs	r25, 0
     a74:	07 c0       	rjmp	.+14     	;  0xa84
     a76:	4b e0       	ldi	r20, 0x0B	; 11
     a78:	53 e0       	ldi	r21, 0x03	; 3
     a7a:	50 93 9a 03 	sts	0x039A, r21
     a7e:	40 93 99 03 	sts	0x0399, r20
     a82:	04 c0       	rjmp	.+8      	;  0xa8c
     a84:	10 92 9a 03 	sts	0x039A, r1
     a88:	10 92 99 03 	sts	0x0399, r1
     a8c:	81 ff       	sbrs	r24, 1
     a8e:	07 c0       	rjmp	.+14     	;  0xa9e
     a90:	4a e6       	ldi	r20, 0x6A	; 106
     a92:	53 e0       	ldi	r21, 0x03	; 3
     a94:	50 93 9c 03 	sts	0x039C, r21
     a98:	40 93 9b 03 	sts	0x039B, r20
     a9c:	04 c0       	rjmp	.+8      	;  0xaa6
     a9e:	10 92 9c 03 	sts	0x039C, r1
     aa2:	10 92 9b 03 	sts	0x039B, r1
     aa6:	82 ff       	sbrs	r24, 2
     aa8:	07 c0       	rjmp	.+14     	;  0xab8
     aaa:	45 ed       	ldi	r20, 0xD5	; 213
     aac:	53 e0       	ldi	r21, 0x03	; 3
     aae:	50 93 9e 03 	sts	0x039E, r21
     ab2:	40 93 9d 03 	sts	0x039D, r20
     ab6:	04 c0       	rjmp	.+8      	;  0xac0
     ab8:	10 92 9e 03 	sts	0x039E, r1
     abc:	10 92 9d 03 	sts	0x039D, r1
     ac0:	83 ff       	sbrs	r24, 3
     ac2:	07 c0       	rjmp	.+14     	;  0xad2
     ac4:	40 e1       	ldi	r20, 0x10	; 16
     ac6:	54 e0       	ldi	r21, 0x04	; 4
     ac8:	50 93 a0 03 	sts	0x03A0, r21
     acc:	40 93 9f 03 	sts	0x039F, r20
     ad0:	04 c0       	rjmp	.+8      	;  0xada
     ad2:	10 92 a0 03 	sts	0x03A0, r1
     ad6:	10 92 9f 03 	sts	0x039F, r1
     ada:	84 ff       	sbrs	r24, 4
     adc:	07 c0       	rjmp	.+14     	;  0xaec
     ade:	4f e8       	ldi	r20, 0x8F	; 143
     ae0:	54 e0       	ldi	r21, 0x04	; 4
     ae2:	50 93 a2 03 	sts	0x03A2, r21
     ae6:	40 93 a1 03 	sts	0x03A1, r20
     aea:	04 c0       	rjmp	.+8      	;  0xaf4
     aec:	10 92 a2 03 	sts	0x03A2, r1
     af0:	10 92 a1 03 	sts	0x03A1, r1
     af4:	85 ff       	sbrs	r24, 5
     af6:	05 c0       	rjmp	.+10     	;  0xb02
     af8:	30 92 a4 03 	sts	0x03A4, r3
     afc:	20 92 a3 03 	sts	0x03A3, r2
     b00:	04 c0       	rjmp	.+8      	;  0xb0a
     b02:	10 92 a4 03 	sts	0x03A4, r1
     b06:	10 92 a3 03 	sts	0x03A3, r1
     b0a:	86 ff       	sbrs	r24, 6
     b0c:	05 c0       	rjmp	.+10     	;  0xb18
     b0e:	50 92 a6 03 	sts	0x03A6, r5
     b12:	40 92 a5 03 	sts	0x03A5, r4
     b16:	04 c0       	rjmp	.+8      	;  0xb20
     b18:	10 92 a6 03 	sts	0x03A6, r1
     b1c:	10 92 a5 03 	sts	0x03A5, r1
     b20:	97 ff       	sbrs	r25, 7
     b22:	05 c0       	rjmp	.+10     	;  0xb2e
     b24:	70 92 a8 03 	sts	0x03A8, r7
     b28:	60 92 a7 03 	sts	0x03A7, r6
     b2c:	04 c0       	rjmp	.+8      	;  0xb36
     b2e:	10 92 a8 03 	sts	0x03A8, r1
     b32:	10 92 a7 03 	sts	0x03A7, r1
     b36:	2f bf       	out	0x3f, r18	; 63
     b38:	d9 2c       	mov	r13, r9
     b3a:	eb cd       	rjmp	.-1066   	;  0x712
     b3c:	1f 92       	push	r1
     b3e:	0f 92       	push	r0
     b40:	0f b6       	in	r0, 0x3f	; 63
     b42:	0f 92       	push	r0
     b44:	11 24       	eor	r1, r1
     b46:	2f 93       	push	r18
     b48:	3f 93       	push	r19
     b4a:	4f 93       	push	r20
     b4c:	5f 93       	push	r21
     b4e:	6f 93       	push	r22
     b50:	7f 93       	push	r23
     b52:	8f 93       	push	r24
     b54:	9f 93       	push	r25
     b56:	af 93       	push	r26
     b58:	bf 93       	push	r27
     b5a:	ef 93       	push	r30
     b5c:	ff 93       	push	r31
     b5e:	20 91 99 03 	lds	r18, 0x0399
     b62:	30 91 9a 03 	lds	r19, 0x039A
     b66:	21 15       	cp	r18, r1
     b68:	31 05       	cpc	r19, r1
     b6a:	89 f0       	breq	.+34     	;  0xb8e
     b6c:	80 91 ac 03 	lds	r24, 0x03AC
     b70:	90 91 ad 03 	lds	r25, 0x03AD
     b74:	82 0f       	add	r24, r18
     b76:	93 1f       	adc	r25, r19
     b78:	2f e7       	ldi	r18, 0x7F	; 127
     b7a:	8f 3f       	cpi	r24, 0xFF	; 255
     b7c:	92 07       	cpc	r25, r18
     b7e:	10 f0       	brcs	.+4      	;  0xb84
     b80:	8f 5f       	subi	r24, 0xFF	; 255
     b82:	9f 47       	sbci	r25, 0x7F	; 127
     b84:	90 93 ad 03 	sts	0x03AD, r25
     b88:	80 93 ac 03 	sts	0x03AC, r24
     b8c:	04 c0       	rjmp	.+8      	;  0xb96
     b8e:	10 92 ad 03 	sts	0x03AD, r1
     b92:	10 92 ac 03 	sts	0x03AC, r1
     b96:	20 91 9b 03 	lds	r18, 0x039B
     b9a:	30 91 9c 03 	lds	r19, 0x039C
     b9e:	21 15       	cp	r18, r1
     ba0:	31 05       	cpc	r19, r1
     ba2:	89 f0       	breq	.+34     	;  0xbc6
     ba4:	80 91 ae 03 	lds	r24, 0x03AE
     ba8:	90 91 af 03 	lds	r25, 0x03AF
     bac:	82 0f       	add	r24, r18
     bae:	93 1f       	adc	r25, r19
     bb0:	4f e7       	ldi	r20, 0x7F	; 127
     bb2:	8f 3f       	cpi	r24, 0xFF	; 255
     bb4:	94 07       	cpc	r25, r20
     bb6:	10 f0       	brcs	.+4      	;  0xbbc
     bb8:	8f 5f       	subi	r24, 0xFF	; 255
     bba:	9f 47       	sbci	r25, 0x7F	; 127
     bbc:	90 93 af 03 	sts	0x03AF, r25
     bc0:	80 93 ae 03 	sts	0x03AE, r24
     bc4:	04 c0       	rjmp	.+8      	;  0xbce
     bc6:	10 92 af 03 	sts	0x03AF, r1
     bca:	10 92 ae 03 	sts	0x03AE, r1
     bce:	20 91 9d 03 	lds	r18, 0x039D
     bd2:	30 91 9e 03 	lds	r19, 0x039E
     bd6:	21 15       	cp	r18, r1
     bd8:	31 05       	cpc	r19, r1
     bda:	89 f0       	breq	.+34     	;  0xbfe
     bdc:	80 91 b0 03 	lds	r24, 0x03B0
     be0:	90 91 b1 03 	lds	r25, 0x03B1
     be4:	82 0f       	add	r24, r18
     be6:	93 1f       	adc	r25, r19
     be8:	2f e7       	ldi	r18, 0x7F	; 127
     bea:	8f 3f       	cpi	r24, 0xFF	; 255
     bec:	92 07       	cpc	r25, r18
     bee:	10 f0       	brcs	.+4      	;  0xbf4
     bf0:	8f 5f       	subi	r24, 0xFF	; 255
     bf2:	9f 47       	sbci	r25, 0x7F	; 127
     bf4:	90 93 b1 03 	sts	0x03B1, r25
     bf8:	80 93 b0 03 	sts	0x03B0, r24
     bfc:	04 c0       	rjmp	.+8      	;  0xc06
     bfe:	10 92 b1 03 	sts	0x03B1, r1
     c02:	10 92 b0 03 	sts	0x03B0, r1
     c06:	20 91 9f 03 	lds	r18, 0x039F
     c0a:	30 91 a0 03 	lds	r19, 0x03A0
     c0e:	21 15       	cp	r18, r1
     c10:	31 05       	cpc	r19, r1
     c12:	89 f0       	breq	.+34     	;  0xc36
     c14:	80 91 b2 03 	lds	r24, 0x03B2
     c18:	90 91 b3 03 	lds	r25, 0x03B3
     c1c:	82 0f       	add	r24, r18
     c1e:	93 1f       	adc	r25, r19
     c20:	4f e7       	ldi	r20, 0x7F	; 127
     c22:	8f 3f       	cpi	r24, 0xFF	; 255
     c24:	94 07       	cpc	r25, r20
     c26:	10 f0       	brcs	.+4      	;  0xc2c
     c28:	8f 5f       	subi	r24, 0xFF	; 255
     c2a:	9f 47       	sbci	r25, 0x7F	; 127
     c2c:	90 93 b3 03 	sts	0x03B3, r25
     c30:	80 93 b2 03 	sts	0x03B2, r24
     c34:	04 c0       	rjmp	.+8      	;  0xc3e
     c36:	10 92 b3 03 	sts	0x03B3, r1
     c3a:	10 92 b2 03 	sts	0x03B2, r1
     c3e:	20 91 a1 03 	lds	r18, 0x03A1
     c42:	30 91 a2 03 	lds	r19, 0x03A2
     c46:	21 15       	cp	r18, r1
     c48:	31 05       	cpc	r19, r1
     c4a:	89 f0       	breq	.+34     	;  0xc6e
     c4c:	80 91 b4 03 	lds	r24, 0x03B4
     c50:	90 91 b5 03 	lds	r25, 0x03B5
     c54:	82 0f       	add	r24, r18
     c56:	93 1f       	adc	r25, r19
     c58:	2f e7       	ldi	r18, 0x7F	; 127
     c5a:	8f 3f       	cpi	r24, 0xFF	; 255
     c5c:	92 07       	cpc	r25, r18
     c5e:	10 f0       	brcs	.+4      	;  0xc64
     c60:	8f 5f       	subi	r24, 0xFF	; 255
     c62:	9f 47       	sbci	r25, 0x7F	; 127
     c64:	90 93 b5 03 	sts	0x03B5, r25
     c68:	80 93 b4 03 	sts	0x03B4, r24
     c6c:	04 c0       	rjmp	.+8      	;  0xc76
     c6e:	10 92 b5 03 	sts	0x03B5, r1
     c72:	10 92 b4 03 	sts	0x03B4, r1
     c76:	20 91 a3 03 	lds	r18, 0x03A3
     c7a:	30 91 a4 03 	lds	r19, 0x03A4
     c7e:	21 15       	cp	r18, r1
     c80:	31 05       	cpc	r19, r1
     c82:	89 f0       	breq	.+34     	;  0xca6
     c84:	80 91 b6 03 	lds	r24, 0x03B6
     c88:	90 91 b7 03 	lds	r25, 0x03B7
     c8c:	82 0f       	add	r24, r18
     c8e:	93 1f       	adc	r25, r19
     c90:	4f e7       	ldi	r20, 0x7F	; 127
     c92:	8f 3f       	cpi	r24, 0xFF	; 255
     c94:	94 07       	cpc	r25, r20
     c96:	10 f0       	brcs	.+4      	;  0xc9c
     c98:	8f 5f       	subi	r24, 0xFF	; 255
     c9a:	9f 47       	sbci	r25, 0x7F	; 127
     c9c:	90 93 b7 03 	sts	0x03B7, r25
     ca0:	80 93 b6 03 	sts	0x03B6, r24
     ca4:	04 c0       	rjmp	.+8      	;  0xcae
     ca6:	10 92 b7 03 	sts	0x03B7, r1
     caa:	10 92 b6 03 	sts	0x03B6, r1
     cae:	20 91 a5 03 	lds	r18, 0x03A5
     cb2:	30 91 a6 03 	lds	r19, 0x03A6
     cb6:	21 15       	cp	r18, r1
     cb8:	31 05       	cpc	r19, r1
     cba:	89 f0       	breq	.+34     	;  0xcde
     cbc:	80 91 b8 03 	lds	r24, 0x03B8
     cc0:	90 91 b9 03 	lds	r25, 0x03B9
     cc4:	82 0f       	add	r24, r18
     cc6:	93 1f       	adc	r25, r19
     cc8:	2f e7       	ldi	r18, 0x7F	; 127
     cca:	8f 3f       	cpi	r24, 0xFF	; 255
     ccc:	92 07       	cpc	r25, r18
     cce:	10 f0       	brcs	.+4      	;  0xcd4
     cd0:	8f 5f       	subi	r24, 0xFF	; 255
     cd2:	9f 47       	sbci	r25, 0x7F	; 127
     cd4:	90 93 b9 03 	sts	0x03B9, r25
     cd8:	80 93 b8 03 	sts	0x03B8, r24
     cdc:	04 c0       	rjmp	.+8      	;  0xce6
     cde:	10 92 b9 03 	sts	0x03B9, r1
     ce2:	10 92 b8 03 	sts	0x03B8, r1
     ce6:	20 91 a7 03 	lds	r18, 0x03A7
     cea:	30 91 a8 03 	lds	r19, 0x03A8
     cee:	21 15       	cp	r18, r1
     cf0:	31 05       	cpc	r19, r1
     cf2:	89 f0       	breq	.+34     	;  0xd16
     cf4:	80 91 ba 03 	lds	r24, 0x03BA
     cf8:	90 91 bb 03 	lds	r25, 0x03BB
     cfc:	82 0f       	add	r24, r18
     cfe:	93 1f       	adc	r25, r19
     d00:	4f e7       	ldi	r20, 0x7F	; 127
     d02:	8f 3f       	cpi	r24, 0xFF	; 255
     d04:	94 07       	cpc	r25, r20
     d06:	10 f0       	brcs	.+4      	;  0xd0c
     d08:	8f 5f       	subi	r24, 0xFF	; 255
     d0a:	9f 47       	sbci	r25, 0x7F	; 127
     d0c:	90 93 bb 03 	sts	0x03BB, r25
     d10:	80 93 ba 03 	sts	0x03BA, r24
     d14:	04 c0       	rjmp	.+8      	;  0xd1e
     d16:	10 92 bb 03 	sts	0x03BB, r1
     d1a:	10 92 ba 03 	sts	0x03BA, r1
     d1e:	80 91 99 03 	lds	r24, 0x0399
     d22:	90 91 9a 03 	lds	r25, 0x039A
     d26:	00 97       	sbiw	r24, 0x00	; 0
     d28:	81 f0       	breq	.+32     	;  0xd4a
     d2a:	e0 91 ac 03 	lds	r30, 0x03AC
     d2e:	f0 91 ad 03 	lds	r31, 0x03AD
     d32:	ee 0f       	add	r30, r30
     d34:	ef 2f       	mov	r30, r31
     d36:	ee 1f       	adc	r30, r30
     d38:	ff 0b       	sbc	r31, r31
     d3a:	f1 95       	neg	r31
     d3c:	ee 0f       	add	r30, r30
     d3e:	ff 1f       	adc	r31, r31
     d40:	ee 53       	subi	r30, 0x3E	; 62
     d42:	fc 4f       	sbci	r31, 0xFC	; 252
     d44:	80 81       	ld	r24, Z
     d46:	91 81       	ldd	r25, Z+1	; 0x01
     d48:	02 c0       	rjmp	.+4      	;  0xd4e
     d4a:	80 e0       	ldi	r24, 0x00	; 0
     d4c:	90 e0       	ldi	r25, 0x00	; 0
     d4e:	40 91 9b 03 	lds	r20, 0x039B
     d52:	50 91 9c 03 	lds	r21, 0x039C
     d56:	41 15       	cp	r20, r1
     d58:	51 05       	cpc	r21, r1
     d5a:	81 f0       	breq	.+32     	;  0xd7c
     d5c:	e0 91 ae 03 	lds	r30, 0x03AE
     d60:	f0 91 af 03 	lds	r31, 0x03AF
     d64:	ee 0f       	add	r30, r30
     d66:	ef 2f       	mov	r30, r31
     d68:	ee 1f       	adc	r30, r30
     d6a:	ff 0b       	sbc	r31, r31
     d6c:	f1 95       	neg	r31
     d6e:	ee 0f       	add	r30, r30
     d70:	ff 1f       	adc	r31, r31
     d72:	ee 53       	subi	r30, 0x3E	; 62
     d74:	fc 4f       	sbci	r31, 0xFC	; 252
     d76:	40 81       	ld	r20, Z
     d78:	51 81       	ldd	r21, Z+1	; 0x01
     d7a:	02 c0       	rjmp	.+4      	;  0xd80
     d7c:	40 e0       	ldi	r20, 0x00	; 0
     d7e:	50 e0       	ldi	r21, 0x00	; 0
     d80:	84 0f       	add	r24, r20
     d82:	95 1f       	adc	r25, r21
     d84:	40 91 9d 03 	lds	r20, 0x039D
     d88:	50 91 9e 03 	lds	r21, 0x039E
     d8c:	41 15       	cp	r20, r1
     d8e:	51 05       	cpc	r21, r1
     d90:	81 f0       	breq	.+32     	;  0xdb2
     d92:	e0 91 b0 03 	lds	r30, 0x03B0
     d96:	f0 91 b1 03 	lds	r31, 0x03B1
     d9a:	ee 0f       	add	r30, r30
     d9c:	ef 2f       	mov	r30, r31
     d9e:	ee 1f       	adc	r30, r30
     da0:	ff 0b       	sbc	r31, r31
     da2:	f1 95       	neg	r31
     da4:	ee 0f       	add	r30, r30
     da6:	ff 1f       	adc	r31, r31
     da8:	ee 53       	subi	r30, 0x3E	; 62
     daa:	fc 4f       	sbci	r31, 0xFC	; 252
     dac:	40 81       	ld	r20, Z
     dae:	51 81       	ldd	r21, Z+1	; 0x01
     db0:	02 c0       	rjmp	.+4      	;  0xdb6
     db2:	40 e0       	ldi	r20, 0x00	; 0
     db4:	50 e0       	ldi	r21, 0x00	; 0
     db6:	48 0f       	add	r20, r24
     db8:	59 1f       	adc	r21, r25
     dba:	80 91 9f 03 	lds	r24, 0x039F
     dbe:	90 91 a0 03 	lds	r25, 0x03A0
     dc2:	00 97       	sbiw	r24, 0x00	; 0
     dc4:	81 f0       	breq	.+32     	;  0xde6
     dc6:	e0 91 b2 03 	lds	r30, 0x03B2
     dca:	f0 91 b3 03 	lds	r31, 0x03B3
     dce:	ee 0f       	add	r30, r30
     dd0:	ef 2f       	mov	r30, r31
     dd2:	ee 1f       	adc	r30, r30
     dd4:	ff 0b       	sbc	r31, r31
     dd6:	f1 95       	neg	r31
     dd8:	ee 0f       	add	r30, r30
     dda:	ff 1f       	adc	r31, r31
     ddc:	ee 53       	subi	r30, 0x3E	; 62
     dde:	fc 4f       	sbci	r31, 0xFC	; 252
     de0:	80 81       	ld	r24, Z
     de2:	91 81       	ldd	r25, Z+1	; 0x01
     de4:	02 c0       	rjmp	.+4      	;  0xdea
     de6:	80 e0       	ldi	r24, 0x00	; 0
     de8:	90 e0       	ldi	r25, 0x00	; 0
     dea:	84 0f       	add	r24, r20
     dec:	95 1f       	adc	r25, r21
     dee:	40 91 a1 03 	lds	r20, 0x03A1
     df2:	50 91 a2 03 	lds	r21, 0x03A2
     df6:	41 15       	cp	r20, r1
     df8:	51 05       	cpc	r21, r1
     dfa:	89 f0       	breq	.+34     	;  0xe1e
     dfc:	e0 91 b4 03 	lds	r30, 0x03B4
     e00:	f0 91 b5 03 	lds	r31, 0x03B5
     e04:	ee 0f       	add	r30, r30
     e06:	ef 2f       	mov	r30, r31
     e08:	ee 1f       	adc	r30, r30
     e0a:	ff 0b       	sbc	r31, r31
     e0c:	f1 95       	neg	r31
     e0e:	ee 0f       	add	r30, r30
     e10:	ff 1f       	adc	r31, r31
     e12:	ee 53       	subi	r30, 0x3E	; 62
     e14:	fc 4f       	sbci	r31, 0xFC	; 252
     e16:	01 90       	ld	r0, Z+
     e18:	f0 81       	ld	r31, Z
     e1a:	e0 2d       	mov	r30, r0
     e1c:	02 c0       	rjmp	.+4      	;  0xe22
     e1e:	e0 e0       	ldi	r30, 0x00	; 0
     e20:	f0 e0       	ldi	r31, 0x00	; 0
     e22:	8e 0f       	add	r24, r30
     e24:	9f 1f       	adc	r25, r31
     e26:	40 91 a3 03 	lds	r20, 0x03A3
     e2a:	50 91 a4 03 	lds	r21, 0x03A4
     e2e:	41 15       	cp	r20, r1
     e30:	51 05       	cpc	r21, r1
     e32:	81 f0       	breq	.+32     	;  0xe54
     e34:	e0 91 b6 03 	lds	r30, 0x03B6
     e38:	f0 91 b7 03 	lds	r31, 0x03B7
     e3c:	ee 0f       	add	r30, r30
     e3e:	ef 2f       	mov	r30, r31
     e40:	ee 1f       	adc	r30, r30
     e42:	ff 0b       	sbc	r31, r31
     e44:	f1 95       	neg	r31
     e46:	ee 0f       	add	r30, r30
     e48:	ff 1f       	adc	r31, r31
     e4a:	ee 53       	subi	r30, 0x3E	; 62
     e4c:	fc 4f       	sbci	r31, 0xFC	; 252
     e4e:	60 81       	ld	r22, Z
     e50:	71 81       	ldd	r23, Z+1	; 0x01
     e52:	02 c0       	rjmp	.+4      	;  0xe58
     e54:	60 e0       	ldi	r22, 0x00	; 0
     e56:	70 e0       	ldi	r23, 0x00	; 0
     e58:	86 0f       	add	r24, r22
     e5a:	97 1f       	adc	r25, r23
     e5c:	40 91 a5 03 	lds	r20, 0x03A5
     e60:	50 91 a6 03 	lds	r21, 0x03A6
     e64:	41 15       	cp	r20, r1
     e66:	51 05       	cpc	r21, r1
     e68:	81 f0       	breq	.+32     	;  0xe8a
     e6a:	e0 91 b8 03 	lds	r30, 0x03B8
     e6e:	f0 91 b9 03 	lds	r31, 0x03B9
     e72:	ee 0f       	add	r30, r30
     e74:	ef 2f       	mov	r30, r31
     e76:	ee 1f       	adc	r30, r30
     e78:	ff 0b       	sbc	r31, r31
     e7a:	f1 95       	neg	r31
     e7c:	ee 0f       	add	r30, r30
     e7e:	ff 1f       	adc	r31, r31
     e80:	ee 53       	subi	r30, 0x3E	; 62
     e82:	fc 4f       	sbci	r31, 0xFC	; 252
     e84:	40 81       	ld	r20, Z
     e86:	51 81       	ldd	r21, Z+1	; 0x01
     e88:	02 c0       	rjmp	.+4      	;  0xe8e
     e8a:	40 e0       	ldi	r20, 0x00	; 0
     e8c:	50 e0       	ldi	r21, 0x00	; 0
     e8e:	84 0f       	add	r24, r20
     e90:	95 1f       	adc	r25, r21
     e92:	21 15       	cp	r18, r1
     e94:	31 05       	cpc	r19, r1
     e96:	81 f0       	breq	.+32     	;  0xeb8
     e98:	e0 91 ba 03 	lds	r30, 0x03BA
     e9c:	f0 91 bb 03 	lds	r31, 0x03BB
     ea0:	ee 0f       	add	r30, r30
     ea2:	ef 2f       	mov	r30, r31
     ea4:	ee 1f       	adc	r30, r30
     ea6:	ff 0b       	sbc	r31, r31
     ea8:	f1 95       	neg	r31
     eaa:	ee 0f       	add	r30, r30
     eac:	ff 1f       	adc	r31, r31
     eae:	ee 53       	subi	r30, 0x3E	; 62
     eb0:	fc 4f       	sbci	r31, 0xFC	; 252
     eb2:	20 81       	ld	r18, Z
     eb4:	31 81       	ldd	r19, Z+1	; 0x01
     eb6:	02 c0       	rjmp	.+4      	;  0xebc
     eb8:	20 e0       	ldi	r18, 0x00	; 0
     eba:	30 e0       	ldi	r19, 0x00	; 0
     ebc:	82 0f       	add	r24, r18
     ebe:	93 1f       	adc	r25, r19
     ec0:	96 95       	lsr	r25
     ec2:	87 95       	ror	r24
     ec4:	96 95       	lsr	r25
     ec6:	87 95       	ror	r24
     ec8:	90 93 ab 03 	sts	0x03AB, r25
     ecc:	80 93 aa 03 	sts	0x03AA, r24
     ed0:	60 e3       	ldi	r22, 0x30	; 48
     ed2:	0e 94 b9 07 	call	0xf72	;  0xf72
     ed6:	ff 91       	pop	r31
     ed8:	ef 91       	pop	r30
     eda:	bf 91       	pop	r27
     edc:	af 91       	pop	r26
     ede:	9f 91       	pop	r25
     ee0:	8f 91       	pop	r24
     ee2:	7f 91       	pop	r23
     ee4:	6f 91       	pop	r22
     ee6:	5f 91       	pop	r21
     ee8:	4f 91       	pop	r20
     eea:	3f 91       	pop	r19
     eec:	2f 91       	pop	r18
     eee:	0f 90       	pop	r0
     ef0:	0f be       	out	0x3f, r0	; 63
     ef2:	0f 90       	pop	r0
     ef4:	1f 90       	pop	r1
     ef6:	18 95       	reti
     ef8:	20 3f       	cpi	r18, 0xF0	; 240
     efa:	39 f4       	brne	.+14     	;  0xf0a
     efc:	23 98       	cbi	0x04, 3	; 4
     efe:	24 9a       	sbi	0x04, 4	; 4
     f00:	94 b1       	in	r25, 0x04	; 4
     f02:	94 70       	andi	r25, 0x04	; 4
     f04:	94 b9       	out	0x04, r25	; 4
     f06:	25 98       	cbi	0x04, 5	; 4
     f08:	04 c0       	rjmp	.+8      	;  0xf12
     f0a:	23 9a       	sbi	0x04, 3	; 4
     f0c:	24 98       	cbi	0x04, 4	; 4
     f0e:	25 9a       	sbi	0x04, 5	; 4
     f10:	22 9a       	sbi	0x04, 2	; 4
     f12:	1c bc       	out	0x2c, r1	; 44
     f14:	44 23       	and	r20, r20
     f16:	11 f0       	breq	.+4      	;  0xf1c
     f18:	50 ec       	ldi	r21, 0xC0	; 192
     f1a:	01 c0       	rjmp	.+2      	;  0xf1e
     f1c:	50 e4       	ldi	r21, 0x40	; 64
     f1e:	62 95       	swap	r22
     f20:	66 0f       	add	r22, r22
     f22:	60 7e       	andi	r22, 0xE0	; 224
     f24:	20 3f       	cpi	r18, 0xF0	; 240
     f26:	11 f0       	breq	.+4      	;  0xf2c
     f28:	40 e1       	ldi	r20, 0x10	; 16
     f2a:	01 c0       	rjmp	.+2      	;  0xf2e
     f2c:	40 e0       	ldi	r20, 0x00	; 0
     f2e:	90 e0       	ldi	r25, 0x00	; 0
     f30:	81 ff       	sbrs	r24, 1
     f32:	02 c0       	rjmp	.+4      	;  0xf38
     f34:	38 e0       	ldi	r19, 0x08	; 8
     f36:	01 c0       	rjmp	.+2      	;  0xf3a
     f38:	30 e0       	ldi	r19, 0x00	; 0
     f3a:	81 70       	andi	r24, 0x01	; 1
     f3c:	90 70       	andi	r25, 0x00	; 0
     f3e:	88 0f       	add	r24, r24
     f40:	99 1f       	adc	r25, r25
     f42:	88 0f       	add	r24, r24
     f44:	99 1f       	adc	r25, r25
     f46:	86 2b       	or	r24, r22
     f48:	92 2f       	mov	r25, r18
     f4a:	92 70       	andi	r25, 0x02	; 2
     f4c:	89 2b       	or	r24, r25
     f4e:	92 2f       	mov	r25, r18
     f50:	91 70       	andi	r25, 0x01	; 1
     f52:	89 2b       	or	r24, r25
     f54:	85 2b       	or	r24, r21
     f56:	84 2b       	or	r24, r20
     f58:	83 2b       	or	r24, r19
     f5a:	8c bd       	out	0x2c, r24	; 44
     f5c:	81 e0       	ldi	r24, 0x01	; 1
     f5e:	22 ff       	sbrs	r18, 2
     f60:	80 e0       	ldi	r24, 0x00	; 0
     f62:	8d bd       	out	0x2d, r24	; 45
     f64:	08 95       	ret
     f66:	8e bd       	out	0x2e, r24	; 46
     f68:	0d b4       	in	r0, 0x2d	; 45
     f6a:	07 fe       	sbrs	r0, 7
     f6c:	fd cf       	rjmp	.-6      	;  0xf68
     f6e:	8e b5       	in	r24, 0x2e	; 46
     f70:	08 95       	ret
     f72:	1f 93       	push	r17
     f74:	18 2f       	mov	r17, r24
     f76:	2a 98       	cbi	0x05, 2	; 5
     f78:	89 2f       	mov	r24, r25
     f7a:	8f 70       	andi	r24, 0x0F	; 15
     f7c:	60 7f       	andi	r22, 0xF0	; 240
     f7e:	86 2b       	or	r24, r22
     f80:	0e 94 b3 07 	call	0xf66	;  0xf66
     f84:	81 2f       	mov	r24, r17
     f86:	0e 94 b3 07 	call	0xf66	;  0xf66
     f8a:	2a 9a       	sbi	0x05, 2	; 5
     f8c:	1f 91       	pop	r17
     f8e:	08 95       	ret
     f90:	8a b1       	in	r24, 0x0a	; 10
     f92:	80 7c       	andi	r24, 0xC0	; 192
     f94:	8a b9       	out	0x0a, r24	; 10
     f96:	8b b1       	in	r24, 0x0b	; 11
     f98:	8f 63       	ori	r24, 0x3F	; 63
     f9a:	8b b9       	out	0x0b, r24	; 11
     f9c:	84 b1       	in	r24, 0x04	; 4
     f9e:	8c 7f       	andi	r24, 0xFC	; 252
     fa0:	84 b9       	out	0x04, r24	; 4
     fa2:	85 b1       	in	r24, 0x05	; 5
     fa4:	83 60       	ori	r24, 0x03	; 3
     fa6:	85 b9       	out	0x05, r24	; 5
     fa8:	87 b1       	in	r24, 0x07	; 7
     faa:	8f 7c       	andi	r24, 0xCF	; 207
     fac:	87 b9       	out	0x07, r24	; 7
     fae:	88 b1       	in	r24, 0x08	; 8
     fb0:	80 63       	ori	r24, 0x30	; 48
     fb2:	88 b9       	out	0x08, r24	; 8
     fb4:	08 95       	ret
     fb6:	93 b1       	in	r25, 0x03	; 3
     fb8:	89 b1       	in	r24, 0x09	; 9
     fba:	92 95       	swap	r25
     fbc:	99 0f       	add	r25, r25
     fbe:	99 0f       	add	r25, r25
     fc0:	90 7c       	andi	r25, 0xC0	; 192
     fc2:	8f 73       	andi	r24, 0x3F	; 63
     fc4:	89 2b       	or	r24, r25
     fc6:	08 95       	ret
     fc8:	86 b1       	in	r24, 0x06	; 6
     fca:	90 e0       	ldi	r25, 0x00	; 0
     fcc:	80 73       	andi	r24, 0x30	; 48
     fce:	90 70       	andi	r25, 0x00	; 0
     fd0:	24 e0       	ldi	r18, 0x04	; 4
     fd2:	95 95       	asr	r25
     fd4:	87 95       	ror	r24
     fd6:	2a 95       	dec	r18
     fd8:	e1 f7       	brne	.-8      	;  0xfd2
     fda:	08 95       	ret
     fdc:	88 b1       	in	r24, 0x08	; 8
     fde:	80 7f       	andi	r24, 0xF0	; 240
     fe0:	88 b9       	out	0x08, r24	; 8
     fe2:	87 b1       	in	r24, 0x07	; 7
     fe4:	80 7f       	andi	r24, 0xF0	; 240
     fe6:	87 b9       	out	0x07, r24	; 7
     fe8:	80 e0       	ldi	r24, 0x00	; 0
     fea:	08 95       	ret
     fec:	fc 01       	movw	r30, r24
     fee:	60 83       	st	Z, r22
     ff0:	08 95       	ret
     ff2:	fc 01       	movw	r30, r24
     ff4:	db 01       	movw	r26, r22
     ff6:	8c 91       	ld	r24, X
     ff8:	81 ff       	sbrs	r24, 1
     ffa:	42 c0       	rjmp	.+132    	;  0x1080
     ffc:	8d 7f       	andi	r24, 0xFD	; 253
     ffe:	8c 93       	st	X, r24
    1000:	88 b1       	in	r24, 0x08	; 8
    1002:	80 7f       	andi	r24, 0xF0	; 240
    1004:	88 b9       	out	0x08, r24	; 8
    1006:	87 b1       	in	r24, 0x07	; 7
    1008:	80 7f       	andi	r24, 0xF0	; 240
    100a:	87 b9       	out	0x07, r24	; 7
    100c:	9c 91       	ld	r25, X
    100e:	80 81       	ld	r24, Z
    1010:	90 ff       	sbrs	r25, 0
    1012:	1b c0       	rjmp	.+54     	;  0x104a
    1014:	80 ff       	sbrs	r24, 0
    1016:	03 c0       	rjmp	.+6      	;  0x101e
    1018:	43 98       	cbi	0x08, 3	; 8
    101a:	3b 9a       	sbi	0x07, 3	; 7
    101c:	01 c0       	rjmp	.+2      	;  0x1020
    101e:	3b 98       	cbi	0x07, 3	; 7
    1020:	80 81       	ld	r24, Z
    1022:	82 ff       	sbrs	r24, 2
    1024:	03 c0       	rjmp	.+6      	;  0x102c
    1026:	42 98       	cbi	0x08, 2	; 8
    1028:	3a 9a       	sbi	0x07, 2	; 7
    102a:	01 c0       	rjmp	.+2      	;  0x102e
    102c:	3a 98       	cbi	0x07, 2	; 7
    102e:	80 81       	ld	r24, Z
    1030:	84 ff       	sbrs	r24, 4
    1032:	03 c0       	rjmp	.+6      	;  0x103a
    1034:	41 98       	cbi	0x08, 1	; 8
    1036:	39 9a       	sbi	0x07, 1	; 7
    1038:	01 c0       	rjmp	.+2      	;  0x103c
    103a:	39 98       	cbi	0x07, 1	; 7
    103c:	80 81       	ld	r24, Z
    103e:	86 ff       	sbrs	r24, 6
    1040:	02 c0       	rjmp	.+4      	;  0x1046
    1042:	40 98       	cbi	0x08, 0	; 8
    1044:	1a c0       	rjmp	.+52     	;  0x107a
    1046:	38 98       	cbi	0x07, 0	; 7
    1048:	08 95       	ret
    104a:	81 ff       	sbrs	r24, 1
    104c:	03 c0       	rjmp	.+6      	;  0x1054
    104e:	43 9a       	sbi	0x08, 3	; 8
    1050:	3b 9a       	sbi	0x07, 3	; 7
    1052:	01 c0       	rjmp	.+2      	;  0x1056
    1054:	3b 98       	cbi	0x07, 3	; 7
    1056:	80 81       	ld	r24, Z
    1058:	83 ff       	sbrs	r24, 3
    105a:	03 c0       	rjmp	.+6      	;  0x1062
    105c:	42 9a       	sbi	0x08, 2	; 8
    105e:	3a 9a       	sbi	0x07, 2	; 7
    1060:	01 c0       	rjmp	.+2      	;  0x1064
    1062:	3a 98       	cbi	0x07, 2	; 7
    1064:	80 81       	ld	r24, Z
    1066:	85 ff       	sbrs	r24, 5
    1068:	03 c0       	rjmp	.+6      	;  0x1070
    106a:	41 9a       	sbi	0x08, 1	; 8
    106c:	39 9a       	sbi	0x07, 1	; 7
    106e:	01 c0       	rjmp	.+2      	;  0x1072
    1070:	39 98       	cbi	0x07, 1	; 7
    1072:	80 81       	ld	r24, Z
    1074:	87 ff       	sbrs	r24, 7
    1076:	03 c0       	rjmp	.+6      	;  0x107e
    1078:	40 9a       	sbi	0x08, 0	; 8
    107a:	38 9a       	sbi	0x07, 0	; 7
    107c:	08 95       	ret
    107e:	38 98       	cbi	0x07, 0	; 7
    1080:	08 95       	ret
    1082:	20 b7       	in	r18, 0x30	; 48
    1084:	27 7f       	andi	r18, 0xF7	; 247
    1086:	20 bf       	out	0x30, r18	; 48
    1088:	fc 01       	movw	r30, r24
    108a:	16 82       	std	Z+6, r1	; 0x06
    108c:	08 95       	ret
    108e:	df 93       	push	r29
    1090:	cf 93       	push	r28
    1092:	cd b7       	in	r28, 0x3d	; 61
    1094:	de b7       	in	r29, 0x3e	; 62
    1096:	2e 97       	sbiw	r28, 0x0e	; 14
    1098:	0f b6       	in	r0, 0x3f	; 63
    109a:	f8 94       	cli
    109c:	de bf       	out	0x3e, r29	; 62
    109e:	0f be       	out	0x3f, r0	; 63
    10a0:	cd bf       	out	0x3d, r28	; 61
    10a2:	88 e1       	ldi	r24, 0x18	; 24
    10a4:	80 bf       	out	0x30, r24	; 48
    10a6:	fe 01       	movw	r30, r28
    10a8:	31 96       	adiw	r30, 0x01	; 1
    10aa:	87 e0       	ldi	r24, 0x07	; 7
    10ac:	df 01       	movw	r26, r30
    10ae:	1d 92       	st	X+, r1
    10b0:	8a 95       	dec	r24
    10b2:	e9 f7       	brne	.-6      	;  0x10ae
    10b4:	de 01       	movw	r26, r28
    10b6:	18 96       	adiw	r26, 0x08	; 8
    10b8:	87 e0       	ldi	r24, 0x07	; 7
    10ba:	01 90       	ld	r0, Z+
    10bc:	0d 92       	st	X+, r0
    10be:	81 50       	subi	r24, 0x01	; 1
    10c0:	e1 f7       	brne	.-8      	;  0x10ba
    10c2:	28 85       	ldd	r18, Y+8	; 0x08
    10c4:	39 85       	ldd	r19, Y+9	; 0x09
    10c6:	4a 85       	ldd	r20, Y+10	; 0x0a
    10c8:	5b 85       	ldd	r21, Y+11	; 0x0b
    10ca:	6c 85       	ldd	r22, Y+12	; 0x0c
    10cc:	7d 85       	ldd	r23, Y+13	; 0x0d
    10ce:	8e 85       	ldd	r24, Y+14	; 0x0e
    10d0:	90 e0       	ldi	r25, 0x00	; 0
    10d2:	2e 96       	adiw	r28, 0x0e	; 14
    10d4:	0f b6       	in	r0, 0x3f	; 63
    10d6:	f8 94       	cli
    10d8:	de bf       	out	0x3e, r29	; 62
    10da:	0f be       	out	0x3f, r0	; 63
    10dc:	cd bf       	out	0x3d, r28	; 61
    10de:	cf 91       	pop	r28
    10e0:	df 91       	pop	r29
    10e2:	08 95       	ret
    10e4:	fc 01       	movw	r30, r24
    10e6:	10 82       	st	Z, r1
    10e8:	11 82       	std	Z+1, r1	; 0x01
    10ea:	12 82       	std	Z+2, r1	; 0x02
    10ec:	13 82       	std	Z+3, r1	; 0x03
    10ee:	14 82       	std	Z+4, r1	; 0x04
    10f0:	15 82       	std	Z+5, r1	; 0x05
    10f2:	86 81       	ldd	r24, Z+6	; 0x06
    10f4:	88 60       	ori	r24, 0x08	; 8
    10f6:	86 83       	std	Z+6, r24	; 0x06
    10f8:	80 b7       	in	r24, 0x30	; 48
    10fa:	88 60       	ori	r24, 0x08	; 8
    10fc:	80 bf       	out	0x30, r24	; 48
    10fe:	08 95       	ret
    1100:	df 92       	push	r13
    1102:	ef 92       	push	r14
    1104:	ff 92       	push	r15
    1106:	0f 93       	push	r16
    1108:	1f 93       	push	r17
    110a:	cf 93       	push	r28
    110c:	df 93       	push	r29
    110e:	fc 01       	movw	r30, r24
    1110:	7b 01       	movw	r14, r22
    1112:	56 81       	ldd	r21, Z+6	; 0x06
    1114:	50 ff       	sbrs	r21, 0
    1116:	2d c0       	rjmp	.+90     	;  0x1172
    1118:	62 81       	ldd	r22, Z+2	; 0x02
    111a:	70 81       	ld	r23, Z
    111c:	26 2f       	mov	r18, r22
    111e:	30 e0       	ldi	r19, 0x00	; 0
    1120:	85 e0       	ldi	r24, 0x05	; 5
    1122:	78 9f       	mul	r23, r24
    1124:	c0 01       	movw	r24, r0
    1126:	11 24       	eor	r1, r1
    1128:	a3 e0       	ldi	r26, 0x03	; 3
    112a:	95 95       	asr	r25
    112c:	87 95       	ror	r24
    112e:	aa 95       	dec	r26
    1130:	e1 f7       	brne	.-8      	;  0x112a
    1132:	82 17       	cp	r24, r18
    1134:	93 07       	cpc	r25, r19
    1136:	2c f4       	brge	.+10     	;  0x1142
    1138:	51 ff       	sbrs	r21, 1
    113a:	5b c0       	rjmp	.+182    	;  0x11f2
    113c:	84 81       	ldd	r24, Z+4	; 0x04
    113e:	88 0f       	add	r24, r24
    1140:	0e c0       	rjmp	.+28     	;  0x115e
    1142:	72 95       	swap	r23
    1144:	7f 70       	andi	r23, 0x0F	; 15
    1146:	76 17       	cp	r23, r22
    1148:	08 f0       	brcs	.+2      	;  0x114c
    114a:	53 c0       	rjmp	.+166    	;  0x11f2
    114c:	52 ff       	sbrs	r21, 2
    114e:	0e c0       	rjmp	.+28     	;  0x116c
    1150:	5b 7f       	andi	r21, 0xFB	; 251
    1152:	56 83       	std	Z+6, r21	; 0x06
    1154:	51 ff       	sbrs	r21, 1
    1156:	08 c0       	rjmp	.+16     	;  0x1168
    1158:	84 81       	ldd	r24, Z+4	; 0x04
    115a:	88 0f       	add	r24, r24
    115c:	81 60       	ori	r24, 0x01	; 1
    115e:	84 83       	std	Z+4, r24	; 0x04
    1160:	85 81       	ldd	r24, Z+5	; 0x05
    1162:	8f 5f       	subi	r24, 0xFF	; 255
    1164:	85 83       	std	Z+5, r24	; 0x05
    1166:	45 c0       	rjmp	.+138    	;  0x11f2
    1168:	52 60       	ori	r21, 0x02	; 2
    116a:	01 c0       	rjmp	.+2      	;  0x116e
    116c:	54 60       	ori	r21, 0x04	; 4
    116e:	56 83       	std	Z+6, r21	; 0x06
    1170:	40 c0       	rjmp	.+128    	;  0x11f2
    1172:	43 81       	ldd	r20, Z+3	; 0x03
    1174:	44 30       	cpi	r20, 0x04	; 4
    1176:	29 f4       	brne	.+10     	;  0x1182
    1178:	51 60       	ori	r21, 0x01	; 1
    117a:	56 83       	std	Z+6, r21	; 0x06
    117c:	db 01       	movw	r26, r22
    117e:	1c 92       	st	X, r1
    1180:	38 c0       	rjmp	.+112    	;  0x11f2
    1182:	d2 80       	ldd	r13, Z+2	; 0x02
    1184:	cd 2d       	mov	r28, r13
    1186:	d0 e0       	ldi	r29, 0x00	; 0
    1188:	01 81       	ldd	r16, Z+1	; 0x01
    118a:	10 e0       	ldi	r17, 0x00	; 0
    118c:	c8 01       	movw	r24, r16
    118e:	88 0f       	add	r24, r24
    1190:	99 1f       	adc	r25, r25
    1192:	88 0f       	add	r24, r24
    1194:	99 1f       	adc	r25, r25
    1196:	23 e0       	ldi	r18, 0x03	; 3
    1198:	30 e0       	ldi	r19, 0x00	; 0
    119a:	b9 01       	movw	r22, r18
    119c:	0e 94 18 09 	call	0x1230	;  0x1230
    11a0:	c6 17       	cp	r28, r22
    11a2:	d7 07       	cpc	r29, r23
    11a4:	b4 f4       	brge	.+44     	;  0x11d2
    11a6:	c8 01       	movw	r24, r16
    11a8:	88 0f       	add	r24, r24
    11aa:	99 1f       	adc	r25, r25
    11ac:	b9 01       	movw	r22, r18
    11ae:	0e 94 18 09 	call	0x1230	;  0x1230
    11b2:	6c 17       	cp	r22, r28
    11b4:	7d 07       	cpc	r23, r29
    11b6:	6c f4       	brge	.+26     	;  0x11d2
    11b8:	80 81       	ld	r24, Z
    11ba:	88 23       	and	r24, r24
    11bc:	31 f0       	breq	.+12     	;  0x11ca
    11be:	c8 0f       	add	r28, r24
    11c0:	d1 1d       	adc	r29, r1
    11c2:	d5 95       	asr	r29
    11c4:	c7 95       	ror	r28
    11c6:	c0 83       	st	Z, r28
    11c8:	01 c0       	rjmp	.+2      	;  0x11cc
    11ca:	d0 82       	st	Z, r13
    11cc:	4f 5f       	subi	r20, 0xFF	; 255
    11ce:	43 83       	std	Z+3, r20	; 0x03
    11d0:	02 c0       	rjmp	.+4      	;  0x11d6
    11d2:	10 82       	st	Z, r1
    11d4:	13 82       	std	Z+3, r1	; 0x03
    11d6:	23 81       	ldd	r18, Z+3	; 0x03
    11d8:	30 e0       	ldi	r19, 0x00	; 0
    11da:	2f 5f       	subi	r18, 0xFF	; 255
    11dc:	3f 4f       	sbci	r19, 0xFF	; 255
    11de:	81 e0       	ldi	r24, 0x01	; 1
    11e0:	90 e0       	ldi	r25, 0x00	; 0
    11e2:	02 c0       	rjmp	.+4      	;  0x11e8
    11e4:	88 0f       	add	r24, r24
    11e6:	99 1f       	adc	r25, r25
    11e8:	2a 95       	dec	r18
    11ea:	e2 f7       	brpl	.-8      	;  0x11e4
    11ec:	81 60       	ori	r24, 0x01	; 1
    11ee:	d7 01       	movw	r26, r14
    11f0:	8c 93       	st	X, r24
    11f2:	82 81       	ldd	r24, Z+2	; 0x02
    11f4:	81 83       	std	Z+1, r24	; 0x01
    11f6:	12 82       	std	Z+2, r1	; 0x02
    11f8:	df 91       	pop	r29
    11fa:	cf 91       	pop	r28
    11fc:	1f 91       	pop	r17
    11fe:	0f 91       	pop	r16
    1200:	ff 90       	pop	r15
    1202:	ef 90       	pop	r14
    1204:	df 90       	pop	r13
    1206:	08 95       	ret
    1208:	aa 1b       	sub	r26, r26
    120a:	bb 1b       	sub	r27, r27
    120c:	51 e1       	ldi	r21, 0x11	; 17
    120e:	07 c0       	rjmp	.+14     	;  0x121e
    1210:	aa 1f       	adc	r26, r26
    1212:	bb 1f       	adc	r27, r27
    1214:	a6 17       	cp	r26, r22
    1216:	b7 07       	cpc	r27, r23
    1218:	10 f0       	brcs	.+4      	;  0x121e
    121a:	a6 1b       	sub	r26, r22
    121c:	b7 0b       	sbc	r27, r23
    121e:	88 1f       	adc	r24, r24
    1220:	99 1f       	adc	r25, r25
    1222:	5a 95       	dec	r21
    1224:	a9 f7       	brne	.-22     	;  0x1210
    1226:	80 95       	com	r24
    1228:	90 95       	com	r25
    122a:	bc 01       	movw	r22, r24
    122c:	cd 01       	movw	r24, r26
    122e:	08 95       	ret
    1230:	97 fb       	bst	r25, 7
    1232:	09 2e       	mov	r0, r25
    1234:	07 26       	eor	r0, r23
    1236:	0a d0       	rcall	.+20     	;  0x124c
    1238:	77 fd       	sbrc	r23, 7
    123a:	04 d0       	rcall	.+8      	;  0x1244
    123c:	e5 df       	rcall	.-54     	;  0x1208
    123e:	06 d0       	rcall	.+12     	;  0x124c
    1240:	00 20       	and	r0, r0
    1242:	1a f4       	brpl	.+6      	;  0x124a
    1244:	70 95       	com	r23
    1246:	61 95       	neg	r22
    1248:	7f 4f       	sbci	r23, 0xFF	; 255
    124a:	08 95       	ret
    124c:	f6 f7       	brtc	.-4      	;  0x124a
    124e:	90 95       	com	r25
    1250:	81 95       	neg	r24
    1252:	9f 4f       	sbci	r25, 0xFF	; 255
    1254:	08 95       	ret
    1256:	dc 01       	movw	r26, r24
    1258:	cb 01       	movw	r24, r22
    125a:	fc 01       	movw	r30, r24
    125c:	f9 99       	sbic	0x1f, 1	; 31
    125e:	fe cf       	rjmp	.-4      	;  0x125c
    1260:	06 c0       	rjmp	.+12     	;  0x126e
    1262:	f2 bd       	out	0x22, r31	; 34
    1264:	e1 bd       	out	0x21, r30	; 33
    1266:	f8 9a       	sbi	0x1f, 0	; 31
    1268:	31 96       	adiw	r30, 0x01	; 1
    126a:	00 b4       	in	r0, 0x20	; 32
    126c:	0d 92       	st	X+, r0
    126e:	41 50       	subi	r20, 0x01	; 1
    1270:	50 40       	sbci	r21, 0x00	; 0
    1272:	b8 f7       	brcc	.-18     	;  0x1262
    1274:	08 95       	ret
    1276:	f9 99       	sbic	0x1f, 1	; 31
    1278:	fe cf       	rjmp	.-4      	;  0x1276
    127a:	92 bd       	out	0x22, r25	; 34
    127c:	81 bd       	out	0x21, r24	; 33
    127e:	f8 9a       	sbi	0x1f, 0	; 31
    1280:	99 27       	eor	r25, r25
    1282:	80 b5       	in	r24, 0x20	; 32
    1284:	08 95       	ret
    1286:	dc 01       	movw	r26, r24
    1288:	cb 01       	movw	r24, r22
    128a:	03 c0       	rjmp	.+6      	;  0x1292
    128c:	2d 91       	ld	r18, X+
    128e:	0e 94 4e 09 	call	0x129c	;  0x129c
    1292:	41 50       	subi	r20, 0x01	; 1
    1294:	50 40       	sbci	r21, 0x00	; 0
    1296:	d0 f7       	brcc	.-12     	;  0x128c
    1298:	08 95       	ret
    129a:	26 2f       	mov	r18, r22
    129c:	f9 99       	sbic	0x1f, 1	; 31
    129e:	fe cf       	rjmp	.-4      	;  0x129c
    12a0:	1f ba       	out	0x1f, r1	; 31
    12a2:	92 bd       	out	0x22, r25	; 34
    12a4:	81 bd       	out	0x21, r24	; 33
    12a6:	20 bd       	out	0x20, r18	; 32
    12a8:	0f b6       	in	r0, 0x3f	; 63
    12aa:	f8 94       	cli
    12ac:	fa 9a       	sbi	0x1f, 2	; 31
    12ae:	f9 9a       	sbi	0x1f, 1	; 31
    12b0:	0f be       	out	0x3f, r0	; 63
    12b2:	01 96       	adiw	r24, 0x01	; 1
    12b4:	08 95       	ret
    12b6:	f8 94       	cli
    12b8:	ff cf       	rjmp	.-2      	;  0x12b8
